{"/Users/francescotorella/Library/CloudStorage/OneDrive-PolitecnicodiMilano/corsi/Design and Implementation of Mobile Applications/progetto/repository/NightMi/App.tsx": {"path":"/Users/francescotorella/Library/CloudStorage/OneDrive-PolitecnicodiMilano/corsi/Design and Implementation of Mobile Applications/progetto/repository/NightMi/App.tsx","statementMap":{"0":{"start":{"line":38,"column":14},"end":{"line":38,"column":27}},"1":{"start":{"line":39,"column":0},"end":{"line":42,"column":2}},"2":{"start":{"line":40,"column":2},"end":{"line":40,"column":43}},"3":{"start":{"line":40,"column":36},"end":{"line":40,"column":43}},"4":{"start":{"line":41,"column":2},"end":{"line":41,"column":17}},"5":{"start":{"line":45,"column":12},"end":{"line":45,"column":38}},"6":{"start":{"line":46,"column":11},"end":{"line":46,"column":37}},"7":{"start":{"line":47,"column":14},"end":{"line":47,"column":42}},"8":{"start":{"line":55,"column":67},"end":{"line":61,"column":1}},"9":{"start":{"line":63,"column":36},"end":{"line":102,"column":1}},"10":{"start":{"line":64,"column":2},"end":{"line":101,"column":4}},"11":{"start":{"line":67,"column":28},"end":{"line":67,"column":50}},"12":{"start":{"line":68,"column":22},"end":{"line":68,"column":55}},"13":{"start":{"line":69,"column":26},"end":{"line":69,"column":47}},"14":{"start":{"line":71,"column":24},"end":{"line":81,"column":9}},"15":{"start":{"line":72,"column":24},"end":{"line":76,"column":12}},"16":{"start":{"line":78,"column":10},"end":{"line":80,"column":11}},"17":{"start":{"line":79,"column":12},"end":{"line":79,"column":44}},"18":{"start":{"line":83,"column":8},"end":{"line":98,"column":10}},"19":{"start":{"line":104,"column":17},"end":{"line":117,"column":1}},"20":{"start":{"line":105,"column":2},"end":{"line":115,"column":18}},"21":{"start":{"line":106,"column":23},"end":{"line":106,"column":50}},"22":{"start":{"line":118,"column":23},"end":{"line":131,"column":1}},"23":{"start":{"line":119,"column":2},"end":{"line":129,"column":19}},"24":{"start":{"line":120,"column":23},"end":{"line":120,"column":50}},"25":{"start":{"line":133,"column":18},"end":{"line":141,"column":1}},"26":{"start":{"line":134,"column":2},"end":{"line":140,"column":20}},"27":{"start":{"line":143,"column":21},"end":{"line":220,"column":1}},"28":{"start":{"line":144,"column":32},"end":{"line":144,"column":62}},"29":{"start":{"line":145,"column":36},"end":{"line":145,"column":50}},"30":{"start":{"line":146,"column":29},"end":{"line":146,"column":41}},"31":{"start":{"line":147,"column":30},"end":{"line":147,"column":59}},"32":{"start":{"line":148,"column":16},"end":{"line":148,"column":32}},"33":{"start":{"line":149,"column":2},"end":{"line":180,"column":9}},"34":{"start":{"line":150,"column":4},"end":{"line":170,"column":7}},"35":{"start":{"line":151,"column":6},"end":{"line":151,"column":26}},"36":{"start":{"line":152,"column":6},"end":{"line":168,"column":7}},"37":{"start":{"line":153,"column":8},"end":{"line":153,"column":35}},"38":{"start":{"line":154,"column":8},"end":{"line":154,"column":37}},"39":{"start":{"line":155,"column":32},"end":{"line":155,"column":112}},"40":{"start":{"line":161,"column":8},"end":{"line":166,"column":9}},"41":{"start":{"line":163,"column":10},"end":{"line":163,"column":35}},"42":{"start":{"line":165,"column":10},"end":{"line":165,"column":32}},"43":{"start":{"line":169,"column":6},"end":{"line":169,"column":26}},"44":{"start":{"line":172,"column":39},"end":{"line":177,"column":6}},"45":{"start":{"line":173,"column":6},"end":{"line":173,"column":26}},"46":{"start":{"line":174,"column":6},"end":{"line":176,"column":7}},"47":{"start":{"line":175,"column":8},"end":{"line":175,"column":35}},"48":{"start":{"line":179,"column":4},"end":{"line":179,"column":44}},"49":{"start":{"line":179,"column":17},"end":{"line":179,"column":43}},"50":{"start":{"line":182,"column":2},"end":{"line":185,"column":3}},"51":{"start":{"line":184,"column":4},"end":{"line":184,"column":16}},"52":{"start":{"line":187,"column":2},"end":{"line":219,"column":4}},"53":{"start":{"line":223,"column":2},"end":{"line":236,"column":4}}},"fnMap":{"0":{"name":"(anonymous_0)","decl":{"start":{"line":39,"column":16},"end":{"line":39,"column":17}},"loc":{"start":{"line":39,"column":34},"end":{"line":42,"column":1}},"line":39},"1":{"name":"(anonymous_1)","decl":{"start":{"line":63,"column":36},"end":{"line":63,"column":37}},"loc":{"start":{"line":63,"column":76},"end":{"line":102,"column":1}},"line":63},"2":{"name":"(anonymous_2)","decl":{"start":{"line":66,"column":24},"end":{"line":66,"column":25}},"loc":{"start":{"line":66,"column":55},"end":{"line":99,"column":7}},"line":66},"3":{"name":"(anonymous_3)","decl":{"start":{"line":71,"column":24},"end":{"line":71,"column":25}},"loc":{"start":{"line":71,"column":30},"end":{"line":81,"column":9}},"line":71},"4":{"name":"(anonymous_4)","decl":{"start":{"line":104,"column":17},"end":{"line":104,"column":18}},"loc":{"start":{"line":105,"column":2},"end":{"line":115,"column":18}},"line":105},"5":{"name":"(anonymous_5)","decl":{"start":{"line":106,"column":12},"end":{"line":106,"column":13}},"loc":{"start":{"line":106,"column":23},"end":{"line":106,"column":50}},"line":106},"6":{"name":"(anonymous_6)","decl":{"start":{"line":118,"column":23},"end":{"line":118,"column":24}},"loc":{"start":{"line":119,"column":2},"end":{"line":129,"column":19}},"line":119},"7":{"name":"(anonymous_7)","decl":{"start":{"line":120,"column":12},"end":{"line":120,"column":13}},"loc":{"start":{"line":120,"column":23},"end":{"line":120,"column":50}},"line":120},"8":{"name":"(anonymous_8)","decl":{"start":{"line":133,"column":18},"end":{"line":133,"column":19}},"loc":{"start":{"line":134,"column":2},"end":{"line":140,"column":20}},"line":134},"9":{"name":"(anonymous_9)","decl":{"start":{"line":143,"column":21},"end":{"line":143,"column":22}},"loc":{"start":{"line":143,"column":27},"end":{"line":220,"column":1}},"line":143},"10":{"name":"(anonymous_10)","decl":{"start":{"line":149,"column":12},"end":{"line":149,"column":13}},"loc":{"start":{"line":149,"column":18},"end":{"line":180,"column":3}},"line":149},"11":{"name":"(anonymous_11)","decl":{"start":{"line":150,"column":36},"end":{"line":150,"column":37}},"loc":{"start":{"line":150,"column":69},"end":{"line":170,"column":5}},"line":150},"12":{"name":"(anonymous_12)","decl":{"start":{"line":172,"column":71},"end":{"line":172,"column":72}},"loc":{"start":{"line":172,"column":92},"end":{"line":177,"column":5}},"line":172},"13":{"name":"(anonymous_13)","decl":{"start":{"line":179,"column":11},"end":{"line":179,"column":12}},"loc":{"start":{"line":179,"column":17},"end":{"line":179,"column":43}},"line":179},"14":{"name":"App","decl":{"start":{"line":222,"column":24},"end":{"line":222,"column":27}},"loc":{"start":{"line":222,"column":30},"end":{"line":237,"column":1}},"line":222}},"branchMap":{"0":{"loc":{"start":{"line":40,"column":2},"end":{"line":40,"column":43}},"type":"if","locations":[{"start":{"line":40,"column":2},"end":{"line":40,"column":43}},{"start":{},"end":{}}],"line":40},"1":{"loc":{"start":{"line":68,"column":22},"end":{"line":68,"column":55}},"type":"binary-expr","locations":[{"start":{"line":68,"column":22},"end":{"line":68,"column":41}},{"start":{"line":68,"column":45},"end":{"line":68,"column":55}}],"line":68},"2":{"loc":{"start":{"line":78,"column":10},"end":{"line":80,"column":11}},"type":"if","locations":[{"start":{"line":78,"column":10},"end":{"line":80,"column":11}},{"start":{},"end":{}}],"line":78},"3":{"loc":{"start":{"line":78,"column":14},"end":{"line":78,"column":51}},"type":"binary-expr","locations":[{"start":{"line":78,"column":14},"end":{"line":78,"column":24}},{"start":{"line":78,"column":28},"end":{"line":78,"column":51}}],"line":78},"4":{"loc":{"start":{"line":87,"column":46},"end":{"line":87,"column":86}},"type":"cond-expr","locations":[{"start":{"line":87,"column":58},"end":{"line":87,"column":71}},{"start":{"line":87,"column":74},"end":{"line":87,"column":86}}],"line":87},"5":{"loc":{"start":{"line":92,"column":21},"end":{"line":92,"column":54}},"type":"cond-expr","locations":[{"start":{"line":92,"column":33},"end":{"line":92,"column":42}},{"start":{"line":92,"column":45},"end":{"line":92,"column":54}}],"line":92},"6":{"loc":{"start":{"line":94,"column":45},"end":{"line":94,"column":92}},"type":"cond-expr","locations":[{"start":{"line":94,"column":57},"end":{"line":94,"column":74}},{"start":{"line":94,"column":77},"end":{"line":94,"column":92}}],"line":94},"7":{"loc":{"start":{"line":152,"column":6},"end":{"line":168,"column":7}},"type":"if","locations":[{"start":{"line":152,"column":6},"end":{"line":168,"column":7}},{"start":{},"end":{}}],"line":152},"8":{"loc":{"start":{"line":161,"column":8},"end":{"line":166,"column":9}},"type":"if","locations":[{"start":{"line":161,"column":8},"end":{"line":166,"column":9}},{"start":{"line":164,"column":13},"end":{"line":166,"column":9}}],"line":161},"9":{"loc":{"start":{"line":174,"column":6},"end":{"line":176,"column":7}},"type":"if","locations":[{"start":{"line":174,"column":6},"end":{"line":176,"column":7}},{"start":{},"end":{}}],"line":174},"10":{"loc":{"start":{"line":182,"column":2},"end":{"line":185,"column":3}},"type":"if","locations":[{"start":{"line":182,"column":2},"end":{"line":185,"column":3}},{"start":{},"end":{}}],"line":182},"11":{"loc":{"start":{"line":191,"column":9},"end":{"line":215,"column":9}},"type":"cond-expr","locations":[{"start":{"line":192,"column":10},"end":{"line":212,"column":11}},{"start":{"line":214,"column":10},"end":{"line":214,"column":60}}],"line":191},"12":{"loc":{"start":{"line":192,"column":10},"end":{"line":212,"column":11}},"type":"cond-expr","locations":[{"start":{"line":194,"column":11},"end":{"line":200,"column":12}},{"start":{"line":202,"column":12},"end":{"line":210,"column":13}}],"line":192}},"s":{"0":1,"1":1,"2":0,"3":0,"4":0,"5":1,"6":1,"7":1,"8":1,"9":1,"10":0,"11":0,"12":0,"13":0,"14":0,"15":0,"16":0,"17":0,"18":0,"19":1,"20":0,"21":0,"22":1,"23":0,"24":0,"25":1,"26":0,"27":1,"28":0,"29":0,"30":0,"31":0,"32":0,"33":0,"34":0,"35":0,"36":0,"37":0,"38":0,"39":0,"40":0,"41":0,"42":0,"43":0,"44":0,"45":0,"46":0,"47":0,"48":0,"49":0,"50":0,"51":0,"52":0,"53":0},"f":{"0":0,"1":0,"2":0,"3":0,"4":0,"5":0,"6":0,"7":0,"8":0,"9":0,"10":0,"11":0,"12":0,"13":0,"14":0},"b":{"0":[0,0],"1":[0,0],"2":[0,0],"3":[0,0],"4":[0,0],"5":[0,0],"6":[0,0],"7":[0,0],"8":[0,0],"9":[0,0],"10":[0,0],"11":[0,0],"12":[0,0]},"_coverageSchema":"1a1c01bbd47fc00a2c39e90264f33305004495a9","hash":"29ace770315baea39d7e55fe3c8fcc714ec674ae"}
,"/Users/francescotorella/Library/CloudStorage/OneDrive-PolitecnicodiMilano/corsi/Design and Implementation of Mobile Applications/progetto/repository/NightMi/env.d.ts": {"path":"/Users/francescotorella/Library/CloudStorage/OneDrive-PolitecnicodiMilano/corsi/Design and Implementation of Mobile Applications/progetto/repository/NightMi/env.d.ts","statementMap":{},"fnMap":{},"branchMap":{},"s":{},"f":{},"b":{}}
,"/Users/francescotorella/Library/CloudStorage/OneDrive-PolitecnicodiMilano/corsi/Design and Implementation of Mobile Applications/progetto/repository/NightMi/isOwner.tsx": {"path":"/Users/francescotorella/Library/CloudStorage/OneDrive-PolitecnicodiMilano/corsi/Design and Implementation of Mobile Applications/progetto/repository/NightMi/isOwner.tsx","statementMap":{"0":{"start":{"line":11,"column":28},"end":{"line":14,"column":2}},"1":{"start":{"line":15,"column":66},"end":{"line":23,"column":1}},"2":{"start":{"line":16,"column":32},"end":{"line":16,"column":56}},"3":{"start":{"line":18,"column":2},"end":{"line":22,"column":4}},"4":{"start":{"line":25,"column":26},"end":{"line":29,"column":3}},"5":{"start":{"line":26,"column":20},"end":{"line":26,"column":44}},"6":{"start":{"line":27,"column":4},"end":{"line":27,"column":86}},"7":{"start":{"line":27,"column":18},"end":{"line":27,"column":86}},"8":{"start":{"line":28,"column":4},"end":{"line":28,"column":19}}},"fnMap":{"0":{"name":"(anonymous_0)","decl":{"start":{"line":13,"column":14},"end":{"line":13,"column":15}},"loc":{"start":{"line":13,"column":20},"end":{"line":13,"column":22}},"line":13},"1":{"name":"(anonymous_1)","decl":{"start":{"line":15,"column":66},"end":{"line":15,"column":67}},"loc":{"start":{"line":15,"column":84},"end":{"line":23,"column":1}},"line":15},"2":{"name":"(anonymous_2)","decl":{"start":{"line":25,"column":26},"end":{"line":25,"column":27}},"loc":{"start":{"line":25,"column":32},"end":{"line":29,"column":3}},"line":25}},"branchMap":{"0":{"loc":{"start":{"line":27,"column":4},"end":{"line":27,"column":86}},"type":"if","locations":[{"start":{"line":27,"column":4},"end":{"line":27,"column":86}},{"start":{},"end":{}}],"line":27}},"s":{"0":1,"1":1,"2":0,"3":0,"4":1,"5":0,"6":0,"7":0,"8":0},"f":{"0":0,"1":0,"2":0},"b":{"0":[0,0]},"_coverageSchema":"1a1c01bbd47fc00a2c39e90264f33305004495a9","hash":"d24dbc0bc044b8d08e40dbf200109cb7db596927"}
,"/Users/francescotorella/Library/CloudStorage/OneDrive-PolitecnicodiMilano/corsi/Design and Implementation of Mobile Applications/progetto/repository/NightMi/jest.config.js": {"path":"/Users/francescotorella/Library/CloudStorage/OneDrive-PolitecnicodiMilano/corsi/Design and Implementation of Mobile Applications/progetto/repository/NightMi/jest.config.js","statementMap":{"0":{"start":{"line":1,"column":0},"end":{"line":16,"column":2}}},"fnMap":{},"branchMap":{},"s":{"0":0},"f":{},"b":{}}
,"/Users/francescotorella/Library/CloudStorage/OneDrive-PolitecnicodiMilano/corsi/Design and Implementation of Mobile Applications/progetto/repository/NightMi/tailwind.config.js": {"path":"/Users/francescotorella/Library/CloudStorage/OneDrive-PolitecnicodiMilano/corsi/Design and Implementation of Mobile Applications/progetto/repository/NightMi/tailwind.config.js","statementMap":{"0":{"start":{"line":1,"column":0},"end":{"line":10,"column":1}}},"fnMap":{},"branchMap":{},"s":{"0":0},"f":{},"b":{}}
,"/Users/francescotorella/Library/CloudStorage/OneDrive-PolitecnicodiMilano/corsi/Design and Implementation of Mobile Applications/progetto/repository/NightMi/src/navigation.ts": {"path":"/Users/francescotorella/Library/CloudStorage/OneDrive-PolitecnicodiMilano/corsi/Design and Implementation of Mobile Applications/progetto/repository/NightMi/src/navigation.ts","statementMap":{},"fnMap":{},"branchMap":{},"s":{},"f":{},"b":{}}
,"/Users/francescotorella/Library/CloudStorage/OneDrive-PolitecnicodiMilano/corsi/Design and Implementation of Mobile Applications/progetto/repository/NightMi/src/components/ActionButtons.tsx": {"path":"/Users/francescotorella/Library/CloudStorage/OneDrive-PolitecnicodiMilano/corsi/Design and Implementation of Mobile Applications/progetto/repository/NightMi/src/components/ActionButtons.tsx","statementMap":{"0":{"start":{"line":12,"column":59},"end":{"line":42,"column":1}},"1":{"start":{"line":17,"column":2},"end":{"line":41,"column":4}},"2":{"start":{"line":44,"column":15},"end":{"line":59,"column":2}}},"fnMap":{"0":{"name":"(anonymous_0)","decl":{"start":{"line":12,"column":59},"end":{"line":12,"column":60}},"loc":{"start":{"line":16,"column":6},"end":{"line":42,"column":1}},"line":16}},"branchMap":{},"s":{"0":1,"1":0,"2":1},"f":{"0":0},"b":{},"_coverageSchema":"1a1c01bbd47fc00a2c39e90264f33305004495a9","hash":"56e343229cf4acb848900618e0f2ff609fc97753"}
,"/Users/francescotorella/Library/CloudStorage/OneDrive-PolitecnicodiMilano/corsi/Design and Implementation of Mobile Applications/progetto/repository/NightMi/src/components/ClubCard.tsx": {"path":"/Users/francescotorella/Library/CloudStorage/OneDrive-PolitecnicodiMilano/corsi/Design and Implementation of Mobile Applications/progetto/repository/NightMi/src/components/ClubCard.tsx","statementMap":{"0":{"start":{"line":6,"column":18},"end":{"line":6,"column":42}},"1":{"start":{"line":28,"column":49},"end":{"line":103,"column":1}},"2":{"start":{"line":29,"column":38},"end":{"line":29,"column":53}},"3":{"start":{"line":31,"column":24},"end":{"line":34,"column":3}},"4":{"start":{"line":33,"column":4},"end":{"line":33,"column":51}},"5":{"start":{"line":36,"column":21},"end":{"line":36,"column":36}},"6":{"start":{"line":38,"column":2},"end":{"line":102,"column":4}},"7":{"start":{"line":48,"column":25},"end":{"line":48,"column":44}},"8":{"start":{"line":105,"column":15},"end":{"line":218,"column":2}}},"fnMap":{"0":{"name":"(anonymous_0)","decl":{"start":{"line":28,"column":49},"end":{"line":28,"column":50}},"loc":{"start":{"line":28,"column":82},"end":{"line":103,"column":1}},"line":28},"1":{"name":"(anonymous_1)","decl":{"start":{"line":31,"column":24},"end":{"line":31,"column":25}},"loc":{"start":{"line":31,"column":30},"end":{"line":34,"column":3}},"line":31},"2":{"name":"(anonymous_2)","decl":{"start":{"line":48,"column":19},"end":{"line":48,"column":20}},"loc":{"start":{"line":48,"column":25},"end":{"line":48,"column":44}},"line":48}},"branchMap":{"0":{"loc":{"start":{"line":33,"column":11},"end":{"line":33,"column":50}},"type":"cond-expr","locations":[{"start":{"line":33,"column":33},"end":{"line":33,"column":39}},{"start":{"line":33,"column":42},"end":{"line":33,"column":50}}],"line":33},"1":{"loc":{"start":{"line":43,"column":17},"end":{"line":45,"column":81}},"type":"cond-expr","locations":[{"start":{"line":44,"column":16},"end":{"line":44,"column":67}},{"start":{"line":45,"column":16},"end":{"line":45,"column":81}}],"line":43},"2":{"loc":{"start":{"line":45,"column":16},"end":{"line":45,"column":81}},"type":"binary-expr","locations":[{"start":{"line":45,"column":16},"end":{"line":45,"column":26}},{"start":{"line":45,"column":30},"end":{"line":45,"column":81}}],"line":45},"3":{"loc":{"start":{"line":65,"column":15},"end":{"line":70,"column":15}},"type":"binary-expr","locations":[{"start":{"line":65,"column":15},"end":{"line":65,"column":23}},{"start":{"line":66,"column":16},"end":{"line":69,"column":23}}],"line":65},"4":{"loc":{"start":{"line":80,"column":47},"end":{"line":80,"column":106}},"type":"cond-expr","locations":[{"start":{"line":80,"column":71},"end":{"line":80,"column":86}},{"start":{"line":80,"column":89},"end":{"line":80,"column":106}}],"line":80},"5":{"loc":{"start":{"line":87,"column":15},"end":{"line":91,"column":15}},"type":"binary-expr","locations":[{"start":{"line":87,"column":15},"end":{"line":87,"column":28}},{"start":{"line":88,"column":16},"end":{"line":90,"column":23}}],"line":87},"6":{"loc":{"start":{"line":92,"column":15},"end":{"line":96,"column":15}},"type":"binary-expr","locations":[{"start":{"line":92,"column":15},"end":{"line":92,"column":31}},{"start":{"line":93,"column":16},"end":{"line":95,"column":23}}],"line":92}},"s":{"0":1,"1":1,"2":0,"3":0,"4":0,"5":0,"6":0,"7":0,"8":1},"f":{"0":0,"1":0,"2":0},"b":{"0":[0,0],"1":[0,0],"2":[0,0],"3":[0,0],"4":[0,0],"5":[0,0],"6":[0,0]},"_coverageSchema":"1a1c01bbd47fc00a2c39e90264f33305004495a9","hash":"59194e907d206593f49825212888f9e17457f337"}
,"/Users/francescotorella/Library/CloudStorage/OneDrive-PolitecnicodiMilano/corsi/Design and Implementation of Mobile Applications/progetto/repository/NightMi/src/components/ClubDetails.tsx": {"path":"/Users/francescotorella/Library/CloudStorage/OneDrive-PolitecnicodiMilano/corsi/Design and Implementation of Mobile Applications/progetto/repository/NightMi/src/components/ClubDetails.tsx","statementMap":{"0":{"start":{"line":22,"column":48},"end":{"line":37,"column":1}},"1":{"start":{"line":23,"column":2},"end":{"line":36,"column":4}},"2":{"start":{"line":39,"column":84},"end":{"line":46,"column":1}},"3":{"start":{"line":40,"column":2},"end":{"line":45,"column":9}},"4":{"start":{"line":48,"column":15},"end":{"line":88,"column":2}}},"fnMap":{"0":{"name":"(anonymous_0)","decl":{"start":{"line":22,"column":48},"end":{"line":22,"column":49}},"loc":{"start":{"line":22,"column":62},"end":{"line":37,"column":1}},"line":22},"1":{"name":"(anonymous_1)","decl":{"start":{"line":39,"column":84},"end":{"line":39,"column":85}},"loc":{"start":{"line":40,"column":2},"end":{"line":45,"column":9}},"line":40}},"branchMap":{"0":{"loc":{"start":{"line":27,"column":7},"end":{"line":27,"column":75}},"type":"binary-expr","locations":[{"start":{"line":27,"column":7},"end":{"line":27,"column":22}},{"start":{"line":27,"column":26},"end":{"line":27,"column":75}}],"line":27},"1":{"loc":{"start":{"line":28,"column":7},"end":{"line":28,"column":78}},"type":"binary-expr","locations":[{"start":{"line":28,"column":7},"end":{"line":28,"column":23}},{"start":{"line":28,"column":27},"end":{"line":28,"column":78}}],"line":28},"2":{"loc":{"start":{"line":29,"column":7},"end":{"line":34,"column":7}},"type":"binary-expr","locations":[{"start":{"line":29,"column":7},"end":{"line":29,"column":23}},{"start":{"line":30,"column":8},"end":{"line":33,"column":15}}],"line":29}},"s":{"0":3,"1":0,"2":3,"3":0,"4":3},"f":{"0":0,"1":0},"b":{"0":[0,0],"1":[0,0],"2":[0,0]},"_coverageSchema":"1a1c01bbd47fc00a2c39e90264f33305004495a9","hash":"09c023eab900ccd5527a4f4eee198d9a6da14c45"}
,"/Users/francescotorella/Library/CloudStorage/OneDrive-PolitecnicodiMilano/corsi/Design and Implementation of Mobile Applications/progetto/repository/NightMi/src/components/ClubEdit.tsx": {"path":"/Users/francescotorella/Library/CloudStorage/OneDrive-PolitecnicodiMilano/corsi/Design and Implementation of Mobile Applications/progetto/repository/NightMi/src/components/ClubEdit.tsx","statementMap":{"0":{"start":{"line":33,"column":7},"end":{"line":46,"column":3}},"1":{"start":{"line":34,"column":4},"end":{"line":45,"column":11}},"2":{"start":{"line":50,"column":43},"end":{"line":169,"column":1}},"3":{"start":{"line":52,"column":30},"end":{"line":52,"column":42}},"4":{"start":{"line":53,"column":42},"end":{"line":53,"column":54}},"5":{"start":{"line":54,"column":50},"end":{"line":54,"column":64}},"6":{"start":{"line":56,"column":36},"end":{"line":79,"column":5}},"7":{"start":{"line":57,"column":6},"end":{"line":57,"column":34}},"8":{"start":{"line":57,"column":27},"end":{"line":57,"column":34}},"9":{"start":{"line":59,"column":6},"end":{"line":78,"column":7}},"10":{"start":{"line":60,"column":25},"end":{"line":66,"column":9}},"11":{"start":{"line":69,"column":21},"end":{"line":69,"column":42}},"12":{"start":{"line":71,"column":8},"end":{"line":75,"column":13}},"13":{"start":{"line":71,"column":43},"end":{"line":75,"column":9}},"14":{"start":{"line":77,"column":8},"end":{"line":77,"column":68}},"15":{"start":{"line":83,"column":25},"end":{"line":86,"column":7}},"16":{"start":{"line":84,"column":8},"end":{"line":84,"column":64}},"17":{"start":{"line":84,"column":25},"end":{"line":84,"column":62}},"18":{"start":{"line":88,"column":27},"end":{"line":95,"column":7}},"19":{"start":{"line":89,"column":8},"end":{"line":89,"column":39}},"20":{"start":{"line":90,"column":8},"end":{"line":90,"column":36}},"21":{"start":{"line":91,"column":8},"end":{"line":91,"column":27}},"22":{"start":{"line":92,"column":8},"end":{"line":92,"column":46}},"23":{"start":{"line":93,"column":8},"end":{"line":93,"column":46}},"24":{"start":{"line":94,"column":8},"end":{"line":94,"column":53}},"25":{"start":{"line":98,"column":2},"end":{"line":168,"column":4}},"26":{"start":{"line":113,"column":10},"end":{"line":113,"column":25}},"27":{"start":{"line":114,"column":10},"end":{"line":114,"column":40}},"28":{"start":{"line":119,"column":38},"end":{"line":119,"column":54}},"29":{"start":{"line":123,"column":12},"end":{"line":126,"column":31}},"30":{"start":{"line":124,"column":28},"end":{"line":124,"column":46}},"31":{"start":{"line":140,"column":29},"end":{"line":140,"column":65}},"32":{"start":{"line":147,"column":31},"end":{"line":147,"column":64}},"33":{"start":{"line":154,"column":31},"end":{"line":154,"column":65}},"34":{"start":{"line":162,"column":37},"end":{"line":162,"column":71}},"35":{"start":{"line":174,"column":22},"end":{"line":227,"column":2}}},"fnMap":{"0":{"name":"(anonymous_0)","decl":{"start":{"line":33,"column":7},"end":{"line":33,"column":8}},"loc":{"start":{"line":34,"column":4},"end":{"line":45,"column":11}},"line":34},"1":{"name":"(anonymous_1)","decl":{"start":{"line":50,"column":43},"end":{"line":50,"column":44}},"loc":{"start":{"line":50,"column":65},"end":{"line":169,"column":1}},"line":50},"2":{"name":"(anonymous_2)","decl":{"start":{"line":56,"column":36},"end":{"line":56,"column":37}},"loc":{"start":{"line":56,"column":52},"end":{"line":79,"column":5}},"line":56},"3":{"name":"(anonymous_3)","decl":{"start":{"line":71,"column":32},"end":{"line":71,"column":33}},"loc":{"start":{"line":71,"column":43},"end":{"line":75,"column":9}},"line":71},"4":{"name":"(anonymous_4)","decl":{"start":{"line":83,"column":25},"end":{"line":83,"column":26}},"loc":{"start":{"line":83,"column":79},"end":{"line":86,"column":7}},"line":83},"5":{"name":"(anonymous_5)","decl":{"start":{"line":84,"column":16},"end":{"line":84,"column":17}},"loc":{"start":{"line":84,"column":25},"end":{"line":84,"column":62}},"line":84},"6":{"name":"(anonymous_6)","decl":{"start":{"line":88,"column":27},"end":{"line":88,"column":28}},"loc":{"start":{"line":88,"column":40},"end":{"line":95,"column":7}},"line":88},"7":{"name":"(anonymous_7)","decl":{"start":{"line":112,"column":22},"end":{"line":112,"column":23}},"loc":{"start":{"line":112,"column":32},"end":{"line":115,"column":9}},"line":112},"8":{"name":"(anonymous_8)","decl":{"start":{"line":119,"column":24},"end":{"line":119,"column":25}},"loc":{"start":{"line":119,"column":38},"end":{"line":119,"column":54}},"line":119},"9":{"name":"(anonymous_9)","decl":{"start":{"line":120,"column":22},"end":{"line":120,"column":23}},"loc":{"start":{"line":123,"column":12},"end":{"line":126,"column":31}},"line":123},"10":{"name":"(anonymous_10)","decl":{"start":{"line":124,"column":22},"end":{"line":124,"column":23}},"loc":{"start":{"line":124,"column":28},"end":{"line":124,"column":46}},"line":124},"11":{"name":"(anonymous_11)","decl":{"start":{"line":140,"column":18},"end":{"line":140,"column":19}},"loc":{"start":{"line":140,"column":29},"end":{"line":140,"column":65}},"line":140},"12":{"name":"(anonymous_12)","decl":{"start":{"line":147,"column":20},"end":{"line":147,"column":21}},"loc":{"start":{"line":147,"column":31},"end":{"line":147,"column":64}},"line":147},"13":{"name":"(anonymous_13)","decl":{"start":{"line":154,"column":20},"end":{"line":154,"column":21}},"loc":{"start":{"line":154,"column":31},"end":{"line":154,"column":65}},"line":154},"14":{"name":"(anonymous_14)","decl":{"start":{"line":162,"column":26},"end":{"line":162,"column":27}},"loc":{"start":{"line":162,"column":37},"end":{"line":162,"column":71}},"line":162}},"branchMap":{"0":{"loc":{"start":{"line":57,"column":6},"end":{"line":57,"column":34}},"type":"if","locations":[{"start":{"line":57,"column":6},"end":{"line":57,"column":34}},{"start":{},"end":{}}],"line":57},"1":{"loc":{"start":{"line":84,"column":25},"end":{"line":84,"column":62}},"type":"cond-expr","locations":[{"start":{"line":84,"column":31},"end":{"line":84,"column":56}},{"start":{"line":84,"column":58},"end":{"line":84,"column":62}}],"line":84},"2":{"loc":{"start":{"line":116,"column":21},"end":{"line":116,"column":46}},"type":"binary-expr","locations":[{"start":{"line":116,"column":21},"end":{"line":116,"column":33}},{"start":{"line":116,"column":37},"end":{"line":116,"column":46}}],"line":116},"3":{"loc":{"start":{"line":139,"column":15},"end":{"line":139,"column":39}},"type":"binary-expr","locations":[{"start":{"line":139,"column":15},"end":{"line":139,"column":33}},{"start":{"line":139,"column":37},"end":{"line":139,"column":39}}],"line":139},"4":{"loc":{"start":{"line":146,"column":17},"end":{"line":146,"column":38}},"type":"binary-expr","locations":[{"start":{"line":146,"column":17},"end":{"line":146,"column":32}},{"start":{"line":146,"column":36},"end":{"line":146,"column":38}}],"line":146},"5":{"loc":{"start":{"line":153,"column":17},"end":{"line":153,"column":38}},"type":"binary-expr","locations":[{"start":{"line":153,"column":17},"end":{"line":153,"column":33}},{"start":{"line":153,"column":36},"end":{"line":153,"column":38}}],"line":153},"6":{"loc":{"start":{"line":161,"column":19},"end":{"line":161,"column":41}},"type":"binary-expr","locations":[{"start":{"line":161,"column":19},"end":{"line":161,"column":35}},{"start":{"line":161,"column":39},"end":{"line":161,"column":41}}],"line":161}},"s":{"0":2,"1":0,"2":2,"3":0,"4":0,"5":0,"6":0,"7":0,"8":0,"9":0,"10":0,"11":0,"12":0,"13":0,"14":0,"15":0,"16":0,"17":0,"18":0,"19":0,"20":0,"21":0,"22":0,"23":0,"24":0,"25":0,"26":0,"27":0,"28":0,"29":0,"30":0,"31":0,"32":0,"33":0,"34":0,"35":2},"f":{"0":0,"1":0,"2":0,"3":0,"4":0,"5":0,"6":0,"7":0,"8":0,"9":0,"10":0,"11":0,"12":0,"13":0,"14":0},"b":{"0":[0,0],"1":[0,0],"2":[0,0],"3":[0,0],"4":[0,0],"5":[0,0],"6":[0,0]},"_coverageSchema":"1a1c01bbd47fc00a2c39e90264f33305004495a9","hash":"f4c7ecb3b3e8170d1a690d0f12916f1625217bda"}
,"/Users/francescotorella/Library/CloudStorage/OneDrive-PolitecnicodiMilano/corsi/Design and Implementation of Mobile Applications/progetto/repository/NightMi/src/components/ClubHeader.tsx": {"path":"/Users/francescotorella/Library/CloudStorage/OneDrive-PolitecnicodiMilano/corsi/Design and Implementation of Mobile Applications/progetto/repository/NightMi/src/components/ClubHeader.tsx","statementMap":{"0":{"start":{"line":16,"column":46},"end":{"line":47,"column":1}},"1":{"start":{"line":17,"column":2},"end":{"line":46,"column":4}},"2":{"start":{"line":49,"column":15},"end":{"line":110,"column":2}}},"fnMap":{"0":{"name":"(anonymous_0)","decl":{"start":{"line":16,"column":46},"end":{"line":16,"column":47}},"loc":{"start":{"line":16,"column":60},"end":{"line":47,"column":1}},"line":16}},"branchMap":{"0":{"loc":{"start":{"line":34,"column":9},"end":{"line":38,"column":9}},"type":"binary-expr","locations":[{"start":{"line":34,"column":9},"end":{"line":34,"column":22}},{"start":{"line":35,"column":10},"end":{"line":37,"column":17}}],"line":34},"1":{"loc":{"start":{"line":39,"column":9},"end":{"line":43,"column":9}},"type":"binary-expr","locations":[{"start":{"line":39,"column":9},"end":{"line":39,"column":25}},{"start":{"line":40,"column":10},"end":{"line":42,"column":17}}],"line":39}},"s":{"0":3,"1":0,"2":3},"f":{"0":0},"b":{"0":[0,0],"1":[0,0]},"_coverageSchema":"1a1c01bbd47fc00a2c39e90264f33305004495a9","hash":"910183fa5bbc45faaed9552cdf8597239d596200"}
,"/Users/francescotorella/Library/CloudStorage/OneDrive-PolitecnicodiMilano/corsi/Design and Implementation of Mobile Applications/progetto/repository/NightMi/src/components/CountryPickerWrapper.tsx": {"path":"/Users/francescotorella/Library/CloudStorage/OneDrive-PolitecnicodiMilano/corsi/Design and Implementation of Mobile Applications/progetto/repository/NightMi/src/components/CountryPickerWrapper.tsx","statementMap":{"0":{"start":{"line":15,"column":66},"end":{"line":37,"column":1}},"1":{"start":{"line":25,"column":2},"end":{"line":36,"column":4}}},"fnMap":{"0":{"name":"(anonymous_0)","decl":{"start":{"line":15,"column":66},"end":{"line":15,"column":67}},"loc":{"start":{"line":24,"column":6},"end":{"line":37,"column":1}},"line":24}},"branchMap":{"0":{"loc":{"start":{"line":16,"column":2},"end":{"line":16,"column":17}},"type":"default-arg","locations":[{"start":{"line":16,"column":13},"end":{"line":16,"column":17}}],"line":16},"1":{"loc":{"start":{"line":17,"column":2},"end":{"line":17,"column":19}},"type":"default-arg","locations":[{"start":{"line":17,"column":15},"end":{"line":17,"column":19}}],"line":17},"2":{"loc":{"start":{"line":18,"column":2},"end":{"line":18,"column":30}},"type":"default-arg","locations":[{"start":{"line":18,"column":26},"end":{"line":18,"column":30}}],"line":18},"3":{"loc":{"start":{"line":19,"column":2},"end":{"line":19,"column":24}},"type":"default-arg","locations":[{"start":{"line":19,"column":20},"end":{"line":19,"column":24}}],"line":19},"4":{"loc":{"start":{"line":20,"column":2},"end":{"line":20,"column":24}},"type":"default-arg","locations":[{"start":{"line":20,"column":20},"end":{"line":20,"column":24}}],"line":20},"5":{"loc":{"start":{"line":21,"column":2},"end":{"line":21,"column":18}},"type":"default-arg","locations":[{"start":{"line":21,"column":14},"end":{"line":21,"column":18}}],"line":21},"6":{"loc":{"start":{"line":23,"column":2},"end":{"line":23,"column":20}},"type":"default-arg","locations":[{"start":{"line":23,"column":16},"end":{"line":23,"column":20}}],"line":23}},"s":{"0":1,"1":0},"f":{"0":0},"b":{"0":[0],"1":[0],"2":[0],"3":[0],"4":[0],"5":[0],"6":[0]},"_coverageSchema":"1a1c01bbd47fc00a2c39e90264f33305004495a9","hash":"fb894a09848b358cd972d14600d2244224eed75b"}
,"/Users/francescotorella/Library/CloudStorage/OneDrive-PolitecnicodiMilano/corsi/Design and Implementation of Mobile Applications/progetto/repository/NightMi/src/components/ErrorDisplay.tsx": {"path":"/Users/francescotorella/Library/CloudStorage/OneDrive-PolitecnicodiMilano/corsi/Design and Implementation of Mobile Applications/progetto/repository/NightMi/src/components/ErrorDisplay.tsx","statementMap":{"0":{"start":{"line":9,"column":50},"end":{"line":16,"column":1}},"1":{"start":{"line":10,"column":2},"end":{"line":15,"column":4}}},"fnMap":{"0":{"name":"(anonymous_0)","decl":{"start":{"line":9,"column":50},"end":{"line":9,"column":51}},"loc":{"start":{"line":9,"column":67},"end":{"line":16,"column":1}},"line":9}},"branchMap":{},"s":{"0":5,"1":0},"f":{"0":0},"b":{},"_coverageSchema":"1a1c01bbd47fc00a2c39e90264f33305004495a9","hash":"7a50d30c37b430c853adcbc45f134dea162f7a1a"}
,"/Users/francescotorella/Library/CloudStorage/OneDrive-PolitecnicodiMilano/corsi/Design and Implementation of Mobile Applications/progetto/repository/NightMi/src/components/EventCard.tsx": {"path":"/Users/francescotorella/Library/CloudStorage/OneDrive-PolitecnicodiMilano/corsi/Design and Implementation of Mobile Applications/progetto/repository/NightMi/src/components/EventCard.tsx","statementMap":{"0":{"start":{"line":21,"column":44},"end":{"line":58,"column":1}},"1":{"start":{"line":22,"column":2},"end":{"line":57,"column":4}},"2":{"start":{"line":60,"column":15},"end":{"line":114,"column":2}}},"fnMap":{"0":{"name":"(anonymous_0)","decl":{"start":{"line":21,"column":44},"end":{"line":21,"column":45}},"loc":{"start":{"line":21,"column":82},"end":{"line":58,"column":1}},"line":21}},"branchMap":{"0":{"loc":{"start":{"line":24,"column":7},"end":{"line":30,"column":7}},"type":"binary-expr","locations":[{"start":{"line":24,"column":7},"end":{"line":24,"column":18}},{"start":{"line":25,"column":8},"end":{"line":29,"column":10}}],"line":24},"1":{"loc":{"start":{"line":32,"column":35},"end":{"line":32,"column":64}},"type":"binary-expr","locations":[{"start":{"line":32,"column":35},"end":{"line":32,"column":45}},{"start":{"line":32,"column":49},"end":{"line":32,"column":64}}],"line":32},"2":{"loc":{"start":{"line":35,"column":9},"end":{"line":39,"column":9}},"type":"binary-expr","locations":[{"start":{"line":35,"column":9},"end":{"line":35,"column":26}},{"start":{"line":36,"column":10},"end":{"line":38,"column":17}}],"line":35},"3":{"loc":{"start":{"line":40,"column":9},"end":{"line":42,"column":9}},"type":"binary-expr","locations":[{"start":{"line":40,"column":9},"end":{"line":40,"column":29}},{"start":{"line":41,"column":10},"end":{"line":41,"column":77}}],"line":40}},"s":{"0":2,"1":0,"2":2},"f":{"0":0},"b":{"0":[0,0],"1":[0,0],"2":[0,0],"3":[0,0]},"_coverageSchema":"1a1c01bbd47fc00a2c39e90264f33305004495a9","hash":"78234587b26824fee308a26181e94fe516a5e19f"}
,"/Users/francescotorella/Library/CloudStorage/OneDrive-PolitecnicodiMilano/corsi/Design and Implementation of Mobile Applications/progetto/repository/NightMi/src/components/EventsList.tsx": {"path":"/Users/francescotorella/Library/CloudStorage/OneDrive-PolitecnicodiMilano/corsi/Design and Implementation of Mobile Applications/progetto/repository/NightMi/src/components/EventsList.tsx","statementMap":{"0":{"start":{"line":22,"column":46},"end":{"line":51,"column":1}},"1":{"start":{"line":23,"column":2},"end":{"line":50,"column":4}},"2":{"start":{"line":26,"column":8},"end":{"line":47,"column":15}},"3":{"start":{"line":53,"column":15},"end":{"line":96,"column":2}}},"fnMap":{"0":{"name":"(anonymous_0)","decl":{"start":{"line":22,"column":46},"end":{"line":22,"column":47}},"loc":{"start":{"line":22,"column":72},"end":{"line":51,"column":1}},"line":22},"1":{"name":"(anonymous_1)","decl":{"start":{"line":25,"column":18},"end":{"line":25,"column":19}},"loc":{"start":{"line":26,"column":8},"end":{"line":47,"column":15}},"line":26}},"branchMap":{"0":{"loc":{"start":{"line":27,"column":11},"end":{"line":33,"column":11}},"type":"binary-expr","locations":[{"start":{"line":27,"column":11},"end":{"line":27,"column":22}},{"start":{"line":28,"column":12},"end":{"line":32,"column":14}}],"line":27},"1":{"loc":{"start":{"line":35,"column":44},"end":{"line":35,"column":73}},"type":"binary-expr","locations":[{"start":{"line":35,"column":44},"end":{"line":35,"column":54}},{"start":{"line":35,"column":58},"end":{"line":35,"column":73}}],"line":35},"2":{"loc":{"start":{"line":37,"column":13},"end":{"line":41,"column":13}},"type":"binary-expr","locations":[{"start":{"line":37,"column":13},"end":{"line":37,"column":30}},{"start":{"line":38,"column":14},"end":{"line":40,"column":21}}],"line":37},"3":{"loc":{"start":{"line":42,"column":13},"end":{"line":44,"column":13}},"type":"binary-expr","locations":[{"start":{"line":42,"column":13},"end":{"line":42,"column":33}},{"start":{"line":43,"column":14},"end":{"line":43,"column":86}}],"line":42}},"s":{"0":3,"1":0,"2":0,"3":3},"f":{"0":0,"1":0},"b":{"0":[0,0],"1":[0,0],"2":[0,0],"3":[0,0]},"_coverageSchema":"1a1c01bbd47fc00a2c39e90264f33305004495a9","hash":"01eef310bde0e173b69f3e94b4ae29be14bee73b"}
,"/Users/francescotorella/Library/CloudStorage/OneDrive-PolitecnicodiMilano/corsi/Design and Implementation of Mobile Applications/progetto/repository/NightMi/src/components/ExpandedTicket.tsx": {"path":"/Users/francescotorella/Library/CloudStorage/OneDrive-PolitecnicodiMilano/corsi/Design and Implementation of Mobile Applications/progetto/repository/NightMi/src/components/ExpandedTicket.tsx","statementMap":{"0":{"start":{"line":26,"column":54},"end":{"line":59,"column":1}},"1":{"start":{"line":27,"column":20},"end":{"line":27,"column":47}},"2":{"start":{"line":28,"column":23},"end":{"line":28,"column":53}},"3":{"start":{"line":30,"column":2},"end":{"line":58,"column":4}},"4":{"start":{"line":61,"column":77},"end":{"line":69,"column":1}},"5":{"start":{"line":62,"column":2},"end":{"line":68,"column":9}},"6":{"start":{"line":71,"column":15},"end":{"line":131,"column":2}}},"fnMap":{"0":{"name":"(anonymous_0)","decl":{"start":{"line":26,"column":54},"end":{"line":26,"column":55}},"loc":{"start":{"line":26,"column":79},"end":{"line":59,"column":1}},"line":26},"1":{"name":"(anonymous_1)","decl":{"start":{"line":61,"column":77},"end":{"line":61,"column":78}},"loc":{"start":{"line":62,"column":2},"end":{"line":68,"column":9}},"line":62}},"branchMap":{},"s":{"0":3,"1":0,"2":0,"3":0,"4":3,"5":0,"6":3},"f":{"0":0,"1":0},"b":{},"_coverageSchema":"1a1c01bbd47fc00a2c39e90264f33305004495a9","hash":"7d709da919f5cbd7e085382b9bde1231a7f2cf82"}
,"/Users/francescotorella/Library/CloudStorage/OneDrive-PolitecnicodiMilano/corsi/Design and Implementation of Mobile Applications/progetto/repository/NightMi/src/components/FilterModal.tsx": {"path":"/Users/francescotorella/Library/CloudStorage/OneDrive-PolitecnicodiMilano/corsi/Design and Implementation of Mobile Applications/progetto/repository/NightMi/src/components/FilterModal.tsx","statementMap":{"0":{"start":{"line":22,"column":55},"end":{"line":148,"column":1}},"1":{"start":{"line":28,"column":32},"end":{"line":28,"column":65}},"2":{"start":{"line":30,"column":22},"end":{"line":32,"column":3}},"3":{"start":{"line":31,"column":4},"end":{"line":31,"column":21}},"4":{"start":{"line":34,"column":2},"end":{"line":147,"column":4}},"5":{"start":{"line":54,"column":18},"end":{"line":54,"column":91}},"6":{"start":{"line":69,"column":18},"end":{"line":69,"column":93}},"7":{"start":{"line":89,"column":18},"end":{"line":89,"column":62}},"8":{"start":{"line":105,"column":18},"end":{"line":105,"column":92}},"9":{"start":{"line":124,"column":18},"end":{"line":124,"column":65}},"10":{"start":{"line":150,"column":78},"end":{"line":155,"column":1}},"11":{"start":{"line":151,"column":2},"end":{"line":154,"column":9}},"12":{"start":{"line":157,"column":15},"end":{"line":235,"column":2}}},"fnMap":{"0":{"name":"(anonymous_0)","decl":{"start":{"line":22,"column":55},"end":{"line":22,"column":56}},"loc":{"start":{"line":27,"column":6},"end":{"line":148,"column":1}},"line":27},"1":{"name":"(anonymous_1)","decl":{"start":{"line":30,"column":22},"end":{"line":30,"column":23}},"loc":{"start":{"line":30,"column":28},"end":{"line":32,"column":3}},"line":30},"2":{"name":"(anonymous_2)","decl":{"start":{"line":53,"column":31},"end":{"line":53,"column":32}},"loc":{"start":{"line":54,"column":18},"end":{"line":54,"column":91}},"line":54},"3":{"name":"(anonymous_3)","decl":{"start":{"line":68,"column":31},"end":{"line":68,"column":32}},"loc":{"start":{"line":69,"column":18},"end":{"line":69,"column":93}},"line":69},"4":{"name":"(anonymous_4)","decl":{"start":{"line":88,"column":31},"end":{"line":88,"column":32}},"loc":{"start":{"line":89,"column":18},"end":{"line":89,"column":62}},"line":89},"5":{"name":"(anonymous_5)","decl":{"start":{"line":104,"column":31},"end":{"line":104,"column":32}},"loc":{"start":{"line":105,"column":18},"end":{"line":105,"column":92}},"line":105},"6":{"name":"(anonymous_6)","decl":{"start":{"line":123,"column":31},"end":{"line":123,"column":32}},"loc":{"start":{"line":124,"column":18},"end":{"line":124,"column":65}},"line":124},"7":{"name":"(anonymous_7)","decl":{"start":{"line":150,"column":78},"end":{"line":150,"column":79}},"loc":{"start":{"line":151,"column":2},"end":{"line":154,"column":9}},"line":151}},"branchMap":{"0":{"loc":{"start":{"line":52,"column":31},"end":{"line":52,"column":53}},"type":"binary-expr","locations":[{"start":{"line":52,"column":31},"end":{"line":52,"column":47}},{"start":{"line":52,"column":51},"end":{"line":52,"column":53}}],"line":52},"1":{"loc":{"start":{"line":54,"column":53},"end":{"line":54,"column":88}},"type":"cond-expr","locations":[{"start":{"line":54,"column":72},"end":{"line":54,"column":76}},{"start":{"line":54,"column":79},"end":{"line":54,"column":88}}],"line":54},"2":{"loc":{"start":{"line":67,"column":31},"end":{"line":67,"column":55}},"type":"binary-expr","locations":[{"start":{"line":67,"column":31},"end":{"line":67,"column":49}},{"start":{"line":67,"column":53},"end":{"line":67,"column":55}}],"line":67},"3":{"loc":{"start":{"line":69,"column":55},"end":{"line":69,"column":90}},"type":"cond-expr","locations":[{"start":{"line":69,"column":74},"end":{"line":69,"column":78}},{"start":{"line":69,"column":81},"end":{"line":69,"column":90}}],"line":69},"4":{"loc":{"start":{"line":103,"column":31},"end":{"line":103,"column":54}},"type":"binary-expr","locations":[{"start":{"line":103,"column":31},"end":{"line":103,"column":48}},{"start":{"line":103,"column":52},"end":{"line":103,"column":54}}],"line":103},"5":{"loc":{"start":{"line":105,"column":54},"end":{"line":105,"column":89}},"type":"cond-expr","locations":[{"start":{"line":105,"column":73},"end":{"line":105,"column":77}},{"start":{"line":105,"column":80},"end":{"line":105,"column":89}}],"line":105}},"s":{"0":1,"1":0,"2":0,"3":0,"4":0,"5":0,"6":0,"7":0,"8":0,"9":0,"10":1,"11":0,"12":1},"f":{"0":0,"1":0,"2":0,"3":0,"4":0,"5":0,"6":0,"7":0},"b":{"0":[0,0],"1":[0,0],"2":[0,0],"3":[0,0],"4":[0,0],"5":[0,0]},"_coverageSchema":"1a1c01bbd47fc00a2c39e90264f33305004495a9","hash":"af4401e9367fdfcfc86cd0777678ab8b40a32c75"}
,"/Users/francescotorella/Library/CloudStorage/OneDrive-PolitecnicodiMilano/corsi/Design and Implementation of Mobile Applications/progetto/repository/NightMi/src/components/LanguageSelector.tsx": {"path":"/Users/francescotorella/Library/CloudStorage/OneDrive-PolitecnicodiMilano/corsi/Design and Implementation of Mobile Applications/progetto/repository/NightMi/src/components/LanguageSelector.tsx","statementMap":{"0":{"start":{"line":6,"column":35},"end":{"line":37,"column":1}},"1":{"start":{"line":7,"column":22},"end":{"line":7,"column":38}},"2":{"start":{"line":9,"column":25},"end":{"line":11,"column":3}},"3":{"start":{"line":10,"column":4},"end":{"line":10,"column":29}},"4":{"start":{"line":13,"column":20},"end":{"line":19,"column":3}},"5":{"start":{"line":21,"column":2},"end":{"line":36,"column":4}},"6":{"start":{"line":26,"column":10},"end":{"line":32,"column":29}},"7":{"start":{"line":29,"column":27},"end":{"line":29,"column":52}},"8":{"start":{"line":39,"column":15},"end":{"line":67,"column":2}}},"fnMap":{"0":{"name":"(anonymous_0)","decl":{"start":{"line":6,"column":35},"end":{"line":6,"column":36}},"loc":{"start":{"line":6,"column":41},"end":{"line":37,"column":1}},"line":6},"1":{"name":"(anonymous_1)","decl":{"start":{"line":9,"column":25},"end":{"line":9,"column":26}},"loc":{"start":{"line":9,"column":42},"end":{"line":11,"column":3}},"line":9},"2":{"name":"(anonymous_2)","decl":{"start":{"line":25,"column":23},"end":{"line":25,"column":24}},"loc":{"start":{"line":26,"column":10},"end":{"line":32,"column":29}},"line":26},"3":{"name":"(anonymous_3)","decl":{"start":{"line":29,"column":21},"end":{"line":29,"column":22}},"loc":{"start":{"line":29,"column":27},"end":{"line":29,"column":52}},"line":29}},"branchMap":{"0":{"loc":{"start":{"line":28,"column":39},"end":{"line":28,"column":93}},"type":"binary-expr","locations":[{"start":{"line":28,"column":39},"end":{"line":28,"column":66}},{"start":{"line":28,"column":70},"end":{"line":28,"column":93}}],"line":28}},"s":{"0":1,"1":0,"2":0,"3":0,"4":0,"5":0,"6":0,"7":0,"8":1},"f":{"0":0,"1":0,"2":0,"3":0},"b":{"0":[0,0]},"_coverageSchema":"1a1c01bbd47fc00a2c39e90264f33305004495a9","hash":"e88356efca01bb8ce15f0d242f4f1e8f2a2da50c"}
,"/Users/francescotorella/Library/CloudStorage/OneDrive-PolitecnicodiMilano/corsi/Design and Implementation of Mobile Applications/progetto/repository/NightMi/src/components/LanguageSelector2.tsx": {"path":"/Users/francescotorella/Library/CloudStorage/OneDrive-PolitecnicodiMilano/corsi/Design and Implementation of Mobile Applications/progetto/repository/NightMi/src/components/LanguageSelector2.tsx","statementMap":{"0":{"start":{"line":6,"column":36},"end":{"line":46,"column":1}},"1":{"start":{"line":7,"column":19},"end":{"line":7,"column":35}},"2":{"start":{"line":8,"column":36},"end":{"line":8,"column":51}},"3":{"start":{"line":10,"column":20},"end":{"line":16,"column":3}},"4":{"start":{"line":18,"column":26},"end":{"line":18,"column":95}},"5":{"start":{"line":18,"column":51},"end":{"line":18,"column":78}},"6":{"start":{"line":20,"column":25},"end":{"line":23,"column":3}},"7":{"start":{"line":21,"column":4},"end":{"line":21,"column":29}},"8":{"start":{"line":22,"column":4},"end":{"line":22,"column":24}},"9":{"start":{"line":25,"column":2},"end":{"line":45,"column":4}},"10":{"start":{"line":27,"column":39},"end":{"line":27,"column":63}},"11":{"start":{"line":34,"column":12},"end":{"line":40,"column":31}},"12":{"start":{"line":36,"column":29},"end":{"line":36,"column":54}},"13":{"start":{"line":48,"column":15},"end":{"line":74,"column":2}}},"fnMap":{"0":{"name":"(anonymous_0)","decl":{"start":{"line":6,"column":36},"end":{"line":6,"column":37}},"loc":{"start":{"line":6,"column":42},"end":{"line":46,"column":1}},"line":6},"1":{"name":"(anonymous_1)","decl":{"start":{"line":18,"column":41},"end":{"line":18,"column":42}},"loc":{"start":{"line":18,"column":51},"end":{"line":18,"column":78}},"line":18},"2":{"name":"(anonymous_2)","decl":{"start":{"line":20,"column":25},"end":{"line":20,"column":26}},"loc":{"start":{"line":20,"column":42},"end":{"line":23,"column":3}},"line":20},"3":{"name":"(anonymous_3)","decl":{"start":{"line":27,"column":33},"end":{"line":27,"column":34}},"loc":{"start":{"line":27,"column":39},"end":{"line":27,"column":63}},"line":27},"4":{"name":"(anonymous_4)","decl":{"start":{"line":33,"column":25},"end":{"line":33,"column":26}},"loc":{"start":{"line":34,"column":12},"end":{"line":40,"column":31}},"line":34},"5":{"name":"(anonymous_5)","decl":{"start":{"line":36,"column":23},"end":{"line":36,"column":24}},"loc":{"start":{"line":36,"column":29},"end":{"line":36,"column":54}},"line":36}},"branchMap":{"0":{"loc":{"start":{"line":18,"column":26},"end":{"line":18,"column":95}},"type":"binary-expr","locations":[{"start":{"line":18,"column":26},"end":{"line":18,"column":79}},{"start":{"line":18,"column":83},"end":{"line":18,"column":95}}],"line":18},"1":{"loc":{"start":{"line":31,"column":7},"end":{"line":43,"column":7}},"type":"binary-expr","locations":[{"start":{"line":31,"column":7},"end":{"line":31,"column":16}},{"start":{"line":32,"column":8},"end":{"line":42,"column":15}}],"line":31}},"s":{"0":0,"1":0,"2":0,"3":0,"4":0,"5":0,"6":0,"7":0,"8":0,"9":0,"10":0,"11":0,"12":0,"13":0},"f":{"0":0,"1":0,"2":0,"3":0,"4":0,"5":0},"b":{"0":[0,0],"1":[0,0]}}
,"/Users/francescotorella/Library/CloudStorage/OneDrive-PolitecnicodiMilano/corsi/Design and Implementation of Mobile Applications/progetto/repository/NightMi/src/components/LoadingSpinner.tsx": {"path":"/Users/francescotorella/Library/CloudStorage/OneDrive-PolitecnicodiMilano/corsi/Design and Implementation of Mobile Applications/progetto/repository/NightMi/src/components/LoadingSpinner.tsx","statementMap":{"0":{"start":{"line":4,"column":33},"end":{"line":10,"column":1}},"1":{"start":{"line":5,"column":2},"end":{"line":9,"column":4}}},"fnMap":{"0":{"name":"(anonymous_0)","decl":{"start":{"line":4,"column":33},"end":{"line":4,"column":34}},"loc":{"start":{"line":4,"column":39},"end":{"line":10,"column":1}},"line":4}},"branchMap":{},"s":{"0":3,"1":0},"f":{"0":0},"b":{},"_coverageSchema":"1a1c01bbd47fc00a2c39e90264f33305004495a9","hash":"76ebf17a13eefda53c2b127560fddf9cabbb0e12"}
,"/Users/francescotorella/Library/CloudStorage/OneDrive-PolitecnicodiMilano/corsi/Design and Implementation of Mobile Applications/progetto/repository/NightMi/src/components/ModifyEvent.tsx": {"path":"/Users/francescotorella/Library/CloudStorage/OneDrive-PolitecnicodiMilano/corsi/Design and Implementation of Mobile Applications/progetto/repository/NightMi/src/components/ModifyEvent.tsx","statementMap":{"0":{"start":{"line":21,"column":26},"end":{"line":21,"column":45}},"1":{"start":{"line":22,"column":26},"end":{"line":22,"column":45}},"2":{"start":{"line":23,"column":28},"end":{"line":23,"column":59}},"3":{"start":{"line":24,"column":40},"end":{"line":24,"column":66}},"4":{"start":{"line":25,"column":28},"end":{"line":25,"column":48}},"5":{"start":{"line":27,"column":28},"end":{"line":76,"column":5}},"6":{"start":{"line":29,"column":31},"end":{"line":29,"column":86}},"7":{"start":{"line":31,"column":6},"end":{"line":34,"column":7}},"8":{"start":{"line":32,"column":8},"end":{"line":32,"column":108}},"9":{"start":{"line":33,"column":8},"end":{"line":33,"column":15}},"10":{"start":{"line":36,"column":21},"end":{"line":41,"column":8}},"11":{"start":{"line":43,"column":6},"end":{"line":75,"column":7}},"12":{"start":{"line":44,"column":8},"end":{"line":74,"column":9}},"13":{"start":{"line":46,"column":22},"end":{"line":46,"column":95}},"14":{"start":{"line":47,"column":27},"end":{"line":47,"column":59}},"15":{"start":{"line":48,"column":27},"end":{"line":48,"column":40}},"16":{"start":{"line":50,"column":27},"end":{"line":50,"column":41}},"17":{"start":{"line":51,"column":10},"end":{"line":55,"column":20}},"18":{"start":{"line":57,"column":41},"end":{"line":59,"column":39}},"19":{"start":{"line":61,"column":10},"end":{"line":61,"column":45}},"20":{"start":{"line":61,"column":27},"end":{"line":61,"column":45}},"21":{"start":{"line":63,"column":42},"end":{"line":65,"column":35}},"22":{"start":{"line":67,"column":11},"end":{"line":67,"column":30}},"23":{"start":{"line":68,"column":10},"end":{"line":68,"column":71}},"24":{"start":{"line":70,"column":10},"end":{"line":70,"column":57}},"25":{"start":{"line":71,"column":10},"end":{"line":71,"column":76}},"26":{"start":{"line":78,"column":20},"end":{"line":89,"column":5}},"27":{"start":{"line":79,"column":21},"end":{"line":84,"column":8}},"28":{"start":{"line":86,"column":6},"end":{"line":88,"column":7}},"29":{"start":{"line":87,"column":8},"end":{"line":87,"column":38}},"30":{"start":{"line":91,"column":23},"end":{"line":110,"column":3}},"31":{"start":{"line":92,"column":4},"end":{"line":108,"column":5}},"32":{"start":{"line":93,"column":35},"end":{"line":99,"column":26}},"33":{"start":{"line":101,"column":6},"end":{"line":101,"column":63}},"34":{"start":{"line":101,"column":22},"end":{"line":101,"column":63}},"35":{"start":{"line":104,"column":6},"end":{"line":104,"column":26}},"36":{"start":{"line":106,"column":6},"end":{"line":106,"column":41}},"37":{"start":{"line":107,"column":6},"end":{"line":107,"column":15}},"38":{"start":{"line":114,"column":2},"end":{"line":167,"column":5}},"39":{"start":{"line":170,"column":15},"end":{"line":239,"column":2}}},"fnMap":{"0":{"name":"ModifyEventModal","decl":{"start":{"line":20,"column":9},"end":{"line":20,"column":25}},"loc":{"start":{"line":20,"column":136},"end":{"line":168,"column":1}},"line":20},"1":{"name":"(anonymous_1)","decl":{"start":{"line":27,"column":28},"end":{"line":27,"column":29}},"loc":{"start":{"line":27,"column":40},"end":{"line":76,"column":5}},"line":27},"2":{"name":"(anonymous_2)","decl":{"start":{"line":78,"column":20},"end":{"line":78,"column":21}},"loc":{"start":{"line":78,"column":32},"end":{"line":89,"column":5}},"line":78},"3":{"name":"(anonymous_3)","decl":{"start":{"line":91,"column":23},"end":{"line":91,"column":24}},"loc":{"start":{"line":91,"column":35},"end":{"line":110,"column":3}},"line":91}},"branchMap":{"0":{"loc":{"start":{"line":31,"column":6},"end":{"line":34,"column":7}},"type":"if","locations":[{"start":{"line":31,"column":6},"end":{"line":34,"column":7}},{"start":{},"end":{}}],"line":31},"1":{"loc":{"start":{"line":43,"column":6},"end":{"line":75,"column":7}},"type":"if","locations":[{"start":{"line":43,"column":6},"end":{"line":75,"column":7}},{"start":{},"end":{}}],"line":43},"2":{"loc":{"start":{"line":43,"column":10},"end":{"line":43,"column":50}},"type":"binary-expr","locations":[{"start":{"line":43,"column":10},"end":{"line":43,"column":26}},{"start":{"line":43,"column":30},"end":{"line":43,"column":50}}],"line":43},"3":{"loc":{"start":{"line":61,"column":10},"end":{"line":61,"column":45}},"type":"if","locations":[{"start":{"line":61,"column":10},"end":{"line":61,"column":45}},{"start":{},"end":{}}],"line":61},"4":{"loc":{"start":{"line":86,"column":6},"end":{"line":88,"column":7}},"type":"if","locations":[{"start":{"line":86,"column":6},"end":{"line":88,"column":7}},{"start":{},"end":{}}],"line":86},"5":{"loc":{"start":{"line":101,"column":6},"end":{"line":101,"column":63}},"type":"if","locations":[{"start":{"line":101,"column":6},"end":{"line":101,"column":63}},{"start":{},"end":{}}],"line":101},"6":{"loc":{"start":{"line":145,"column":21},"end":{"line":145,"column":38}},"type":"binary-expr","locations":[{"start":{"line":145,"column":21},"end":{"line":145,"column":32}},{"start":{"line":145,"column":36},"end":{"line":145,"column":38}}],"line":145},"7":{"loc":{"start":{"line":151,"column":52},"end":{"line":151,"column":88}},"type":"cond-expr","locations":[{"start":{"line":151,"column":60},"end":{"line":151,"column":74}},{"start":{"line":151,"column":77},"end":{"line":151,"column":88}}],"line":151},"8":{"loc":{"start":{"line":154,"column":13},"end":{"line":154,"column":83}},"type":"binary-expr","locations":[{"start":{"line":154,"column":13},"end":{"line":154,"column":18}},{"start":{"line":154,"column":22},"end":{"line":154,"column":83}}],"line":154}},"s":{"0":0,"1":0,"2":0,"3":0,"4":0,"5":0,"6":0,"7":0,"8":0,"9":0,"10":0,"11":0,"12":0,"13":0,"14":0,"15":0,"16":0,"17":0,"18":0,"19":0,"20":0,"21":0,"22":0,"23":0,"24":0,"25":0,"26":0,"27":0,"28":0,"29":0,"30":0,"31":0,"32":0,"33":0,"34":0,"35":0,"36":0,"37":0,"38":0,"39":2},"f":{"0":0,"1":0,"2":0,"3":0},"b":{"0":[0,0],"1":[0,0],"2":[0,0],"3":[0,0],"4":[0,0],"5":[0,0],"6":[0,0],"7":[0,0],"8":[0,0]},"_coverageSchema":"1a1c01bbd47fc00a2c39e90264f33305004495a9","hash":"20eaf38cbc0c7d4805fcf61e3767c359d26e28e2"}
,"/Users/francescotorella/Library/CloudStorage/OneDrive-PolitecnicodiMilano/corsi/Design and Implementation of Mobile Applications/progetto/repository/NightMi/src/components/ModifyEventButton.tsx": {"path":"/Users/francescotorella/Library/CloudStorage/OneDrive-PolitecnicodiMilano/corsi/Design and Implementation of Mobile Applications/progetto/repository/NightMi/src/components/ModifyEventButton.tsx","statementMap":{"0":{"start":{"line":26,"column":36},"end":{"line":60,"column":1}},"1":{"start":{"line":34,"column":23},"end":{"line":34,"column":100}},"2":{"start":{"line":36,"column":24},"end":{"line":46,"column":5}},"3":{"start":{"line":37,"column":8},"end":{"line":45,"column":11}},"4":{"start":{"line":48,"column":4},"end":{"line":59,"column":6}},"5":{"start":{"line":62,"column":15},"end":{"line":77,"column":2}}},"fnMap":{"0":{"name":"(anonymous_0)","decl":{"start":{"line":26,"column":36},"end":{"line":26,"column":37}},"loc":{"start":{"line":33,"column":25},"end":{"line":60,"column":1}},"line":33},"1":{"name":"(anonymous_1)","decl":{"start":{"line":36,"column":24},"end":{"line":36,"column":25}},"loc":{"start":{"line":36,"column":30},"end":{"line":46,"column":5}},"line":36}},"branchMap":{},"s":{"0":1,"1":0,"2":0,"3":0,"4":0,"5":1},"f":{"0":0,"1":0},"b":{},"_coverageSchema":"1a1c01bbd47fc00a2c39e90264f33305004495a9","hash":"b2ec5d428f38fae5ede5496b35cafb17b6063d5e"}
,"/Users/francescotorella/Library/CloudStorage/OneDrive-PolitecnicodiMilano/corsi/Design and Implementation of Mobile Applications/progetto/repository/NightMi/src/components/OwnedEventList.tsx": {"path":"/Users/francescotorella/Library/CloudStorage/OneDrive-PolitecnicodiMilano/corsi/Design and Implementation of Mobile Applications/progetto/repository/NightMi/src/components/OwnedEventList.tsx","statementMap":{"0":{"start":{"line":29,"column":51},"end":{"line":104,"column":1}},"1":{"start":{"line":30,"column":46},"end":{"line":30,"column":61}},"2":{"start":{"line":31,"column":44},"end":{"line":31,"column":72}},"3":{"start":{"line":32,"column":16},"end":{"line":32,"column":26}},"4":{"start":{"line":33,"column":42},"end":{"line":33,"column":54}},"5":{"start":{"line":36,"column":20},"end":{"line":41,"column":3}},"6":{"start":{"line":37,"column":4},"end":{"line":37,"column":28}},"7":{"start":{"line":38,"column":4},"end":{"line":38,"column":28}},"8":{"start":{"line":43,"column":21},"end":{"line":46,"column":3}},"9":{"start":{"line":44,"column":4},"end":{"line":44,"column":29}},"10":{"start":{"line":45,"column":4},"end":{"line":45,"column":27}},"11":{"start":{"line":49,"column":2},"end":{"line":103,"column":4}},"12":{"start":{"line":52,"column":8},"end":{"line":86,"column":15}},"13":{"start":{"line":75,"column":43},"end":{"line":75,"column":59}},"14":{"start":{"line":106,"column":15},"end":{"line":162,"column":2}}},"fnMap":{"0":{"name":"(anonymous_0)","decl":{"start":{"line":29,"column":51},"end":{"line":29,"column":52}},"loc":{"start":{"line":29,"column":77},"end":{"line":104,"column":1}},"line":29},"1":{"name":"(anonymous_1)","decl":{"start":{"line":36,"column":20},"end":{"line":36,"column":21}},"loc":{"start":{"line":36,"column":38},"end":{"line":41,"column":3}},"line":36},"2":{"name":"(anonymous_2)","decl":{"start":{"line":43,"column":21},"end":{"line":43,"column":22}},"loc":{"start":{"line":43,"column":27},"end":{"line":46,"column":3}},"line":43},"3":{"name":"(anonymous_3)","decl":{"start":{"line":51,"column":18},"end":{"line":51,"column":19}},"loc":{"start":{"line":52,"column":8},"end":{"line":86,"column":15}},"line":52},"4":{"name":"(anonymous_4)","decl":{"start":{"line":75,"column":37},"end":{"line":75,"column":38}},"loc":{"start":{"line":75,"column":43},"end":{"line":75,"column":59}},"line":75}},"branchMap":{"0":{"loc":{"start":{"line":53,"column":11},"end":{"line":59,"column":11}},"type":"binary-expr","locations":[{"start":{"line":53,"column":11},"end":{"line":53,"column":22}},{"start":{"line":54,"column":12},"end":{"line":58,"column":14}}],"line":53},"1":{"loc":{"start":{"line":61,"column":44},"end":{"line":61,"column":73}},"type":"binary-expr","locations":[{"start":{"line":61,"column":44},"end":{"line":61,"column":54}},{"start":{"line":61,"column":58},"end":{"line":61,"column":73}}],"line":61},"2":{"loc":{"start":{"line":63,"column":13},"end":{"line":67,"column":13}},"type":"binary-expr","locations":[{"start":{"line":63,"column":13},"end":{"line":63,"column":30}},{"start":{"line":64,"column":14},"end":{"line":66,"column":21}}],"line":63},"3":{"loc":{"start":{"line":68,"column":13},"end":{"line":70,"column":13}},"type":"binary-expr","locations":[{"start":{"line":68,"column":13},"end":{"line":68,"column":33}},{"start":{"line":69,"column":14},"end":{"line":69,"column":80}}],"line":68},"4":{"loc":{"start":{"line":89,"column":7},"end":{"line":101,"column":7}},"type":"binary-expr","locations":[{"start":{"line":89,"column":7},"end":{"line":89,"column":20}},{"start":{"line":90,"column":8},"end":{"line":100,"column":10}}],"line":89},"5":{"loc":{"start":{"line":95,"column":21},"end":{"line":95,"column":58}},"type":"binary-expr","locations":[{"start":{"line":95,"column":21},"end":{"line":95,"column":39}},{"start":{"line":95,"column":43},"end":{"line":95,"column":58}}],"line":95},"6":{"loc":{"start":{"line":97,"column":22},"end":{"line":97,"column":75}},"type":"cond-expr","locations":[{"start":{"line":97,"column":53},"end":{"line":97,"column":72}},{"start":{"line":97,"column":74},"end":{"line":97,"column":75}}],"line":97}},"s":{"0":2,"1":0,"2":0,"3":0,"4":0,"5":0,"6":0,"7":0,"8":0,"9":0,"10":0,"11":0,"12":0,"13":0,"14":2},"f":{"0":0,"1":0,"2":0,"3":0,"4":0},"b":{"0":[0,0],"1":[0,0],"2":[0,0],"3":[0,0],"4":[0,0],"5":[0,0],"6":[0,0]},"_coverageSchema":"1a1c01bbd47fc00a2c39e90264f33305004495a9","hash":"8b7a68afbe7d58542db72a8fdf12240a6fdd8aa1"}
,"/Users/francescotorella/Library/CloudStorage/OneDrive-PolitecnicodiMilano/corsi/Design and Implementation of Mobile Applications/progetto/repository/NightMi/src/components/ReviewForm.tsx": {"path":"/Users/francescotorella/Library/CloudStorage/OneDrive-PolitecnicodiMilano/corsi/Design and Implementation of Mobile Applications/progetto/repository/NightMi/src/components/ReviewForm.tsx","statementMap":{"0":{"start":{"line":16,"column":46},"end":{"line":57,"column":1}},"1":{"start":{"line":18,"column":26},"end":{"line":20,"column":3}},"2":{"start":{"line":19,"column":4},"end":{"line":19,"column":20}},"3":{"start":{"line":23,"column":2},"end":{"line":56,"column":4}},"4":{"start":{"line":30,"column":14},"end":{"line":37,"column":33}},"5":{"start":{"line":30,"column":58},"end":{"line":30,"column":79}},"6":{"start":{"line":59,"column":15},"end":{"line":114,"column":2}}},"fnMap":{"0":{"name":"(anonymous_0)","decl":{"start":{"line":16,"column":46},"end":{"line":16,"column":47}},"loc":{"start":{"line":16,"column":128},"end":{"line":57,"column":1}},"line":16},"1":{"name":"(anonymous_1)","decl":{"start":{"line":18,"column":26},"end":{"line":18,"column":27}},"loc":{"start":{"line":18,"column":44},"end":{"line":20,"column":3}},"line":18},"2":{"name":"(anonymous_2)","decl":{"start":{"line":29,"column":33},"end":{"line":29,"column":34}},"loc":{"start":{"line":30,"column":14},"end":{"line":37,"column":33}},"line":30},"3":{"name":"(anonymous_3)","decl":{"start":{"line":30,"column":52},"end":{"line":30,"column":53}},"loc":{"start":{"line":30,"column":58},"end":{"line":30,"column":79}},"line":30}},"branchMap":{"0":{"loc":{"start":{"line":34,"column":25},"end":{"line":34,"column":63}},"type":"cond-expr","locations":[{"start":{"line":34,"column":42},"end":{"line":34,"column":51}},{"start":{"line":34,"column":54},"end":{"line":34,"column":63}}],"line":34}},"s":{"0":2,"1":0,"2":0,"3":0,"4":0,"5":0,"6":2},"f":{"0":0,"1":0,"2":0,"3":0},"b":{"0":[0,0]},"_coverageSchema":"1a1c01bbd47fc00a2c39e90264f33305004495a9","hash":"b7d6ff27a77587d95f3dba2cc09d4469dc531464"}
,"/Users/francescotorella/Library/CloudStorage/OneDrive-PolitecnicodiMilano/corsi/Design and Implementation of Mobile Applications/progetto/repository/NightMi/src/components/ReviewItem.tsx": {"path":"/Users/francescotorella/Library/CloudStorage/OneDrive-PolitecnicodiMilano/corsi/Design and Implementation of Mobile Applications/progetto/repository/NightMi/src/components/ReviewItem.tsx","statementMap":{"0":{"start":{"line":14,"column":46},"end":{"line":35,"column":1}},"1":{"start":{"line":15,"column":2},"end":{"line":34,"column":4}},"2":{"start":{"line":20,"column":12},"end":{"line":25,"column":14}},"3":{"start":{"line":37,"column":15},"end":{"line":62,"column":2}}},"fnMap":{"0":{"name":"(anonymous_0)","decl":{"start":{"line":14,"column":46},"end":{"line":14,"column":47}},"loc":{"start":{"line":14,"column":62},"end":{"line":35,"column":1}},"line":14},"1":{"name":"(anonymous_1)","decl":{"start":{"line":19,"column":29},"end":{"line":19,"column":30}},"loc":{"start":{"line":20,"column":12},"end":{"line":25,"column":14}},"line":20}},"branchMap":{"0":{"loc":{"start":{"line":22,"column":20},"end":{"line":22,"column":62}},"type":"cond-expr","locations":[{"start":{"line":22,"column":47},"end":{"line":22,"column":53}},{"start":{"line":22,"column":56},"end":{"line":22,"column":62}}],"line":22},"1":{"loc":{"start":{"line":24,"column":21},"end":{"line":24,"column":69}},"type":"cond-expr","locations":[{"start":{"line":24,"column":48},"end":{"line":24,"column":57}},{"start":{"line":24,"column":60},"end":{"line":24,"column":69}}],"line":24},"2":{"loc":{"start":{"line":32,"column":7},"end":{"line":32,"column":74}},"type":"binary-expr","locations":[{"start":{"line":32,"column":7},"end":{"line":32,"column":18}},{"start":{"line":32,"column":22},"end":{"line":32,"column":74}}],"line":32}},"s":{"0":2,"1":0,"2":0,"3":2},"f":{"0":0,"1":0},"b":{"0":[0,0],"1":[0,0],"2":[0,0]},"_coverageSchema":"1a1c01bbd47fc00a2c39e90264f33305004495a9","hash":"3adc4029eb833e3604076d98ec22060f5baecaaf"}
,"/Users/francescotorella/Library/CloudStorage/OneDrive-PolitecnicodiMilano/corsi/Design and Implementation of Mobile Applications/progetto/repository/NightMi/src/components/ReviewsList.tsx": {"path":"/Users/francescotorella/Library/CloudStorage/OneDrive-PolitecnicodiMilano/corsi/Design and Implementation of Mobile Applications/progetto/repository/NightMi/src/components/ReviewsList.tsx","statementMap":{"0":{"start":{"line":20,"column":49},"end":{"line":58,"column":1}},"1":{"start":{"line":21,"column":22},"end":{"line":35,"column":3}},"2":{"start":{"line":22,"column":18},"end":{"line":22,"column":20}},"3":{"start":{"line":23,"column":4},"end":{"line":33,"column":5}},"4":{"start":{"line":23,"column":17},"end":{"line":23,"column":18}},"5":{"start":{"line":24,"column":6},"end":{"line":32,"column":8}},"6":{"start":{"line":34,"column":4},"end":{"line":34,"column":17}},"7":{"start":{"line":37,"column":2},"end":{"line":57,"column":4}},"8":{"start":{"line":60,"column":48},"end":{"line":74,"column":1}},"9":{"start":{"line":61,"column":2},"end":{"line":73,"column":4}},"10":{"start":{"line":70,"column":8},"end":{"line":70,"column":54}},"11":{"start":{"line":76,"column":15},"end":{"line":137,"column":2}}},"fnMap":{"0":{"name":"(anonymous_0)","decl":{"start":{"line":20,"column":49},"end":{"line":20,"column":50}},"loc":{"start":{"line":20,"column":65},"end":{"line":58,"column":1}},"line":20},"1":{"name":"(anonymous_1)","decl":{"start":{"line":21,"column":22},"end":{"line":21,"column":23}},"loc":{"start":{"line":21,"column":28},"end":{"line":35,"column":3}},"line":21},"2":{"name":"(anonymous_2)","decl":{"start":{"line":60,"column":48},"end":{"line":60,"column":49}},"loc":{"start":{"line":60,"column":65},"end":{"line":74,"column":1}},"line":60},"3":{"name":"(anonymous_3)","decl":{"start":{"line":69,"column":19},"end":{"line":69,"column":20}},"loc":{"start":{"line":70,"column":8},"end":{"line":70,"column":54}},"line":70}},"branchMap":{"0":{"loc":{"start":{"line":27,"column":16},"end":{"line":27,"column":54}},"type":"cond-expr","locations":[{"start":{"line":27,"column":39},"end":{"line":27,"column":45}},{"start":{"line":27,"column":48},"end":{"line":27,"column":54}}],"line":27},"1":{"loc":{"start":{"line":29,"column":17},"end":{"line":29,"column":61}},"type":"cond-expr","locations":[{"start":{"line":29,"column":40},"end":{"line":29,"column":49}},{"start":{"line":29,"column":52},"end":{"line":29,"column":61}}],"line":29},"2":{"loc":{"start":{"line":47,"column":43},"end":{"line":47,"column":74}},"type":"binary-expr","locations":[{"start":{"line":47,"column":43},"end":{"line":47,"column":59}},{"start":{"line":47,"column":63},"end":{"line":47,"column":74}}],"line":47},"3":{"loc":{"start":{"line":55,"column":39},"end":{"line":55,"column":66}},"type":"binary-expr","locations":[{"start":{"line":55,"column":39},"end":{"line":55,"column":50}},{"start":{"line":55,"column":54},"end":{"line":55,"column":66}}],"line":55}},"s":{"0":3,"1":0,"2":0,"3":0,"4":0,"5":0,"6":0,"7":0,"8":3,"9":0,"10":0,"11":3},"f":{"0":0,"1":0,"2":0,"3":0},"b":{"0":[0,0],"1":[0,0],"2":[0,0],"3":[0,0]},"_coverageSchema":"1a1c01bbd47fc00a2c39e90264f33305004495a9","hash":"e7c9c800c73bffe3ae5050f8f31ca9dead644613"}
,"/Users/francescotorella/Library/CloudStorage/OneDrive-PolitecnicodiMilano/corsi/Design and Implementation of Mobile Applications/progetto/repository/NightMi/src/components/SearchBar.tsx": {"path":"/Users/francescotorella/Library/CloudStorage/OneDrive-PolitecnicodiMilano/corsi/Design and Implementation of Mobile Applications/progetto/repository/NightMi/src/components/SearchBar.tsx","statementMap":{"0":{"start":{"line":11,"column":51},"end":{"line":29,"column":1}},"1":{"start":{"line":12,"column":2},"end":{"line":28,"column":4}},"2":{"start":{"line":31,"column":15},"end":{"line":52,"column":2}}},"fnMap":{"0":{"name":"(anonymous_0)","decl":{"start":{"line":11,"column":51},"end":{"line":11,"column":52}},"loc":{"start":{"line":11,"column":89},"end":{"line":29,"column":1}},"line":11}},"branchMap":{"0":{"loc":{"start":{"line":22,"column":7},"end":{"line":26,"column":7}},"type":"binary-expr","locations":[{"start":{"line":22,"column":7},"end":{"line":22,"column":23}},{"start":{"line":23,"column":8},"end":{"line":25,"column":27}}],"line":22}},"s":{"0":1,"1":0,"2":1},"f":{"0":0},"b":{"0":[0,0]},"_coverageSchema":"1a1c01bbd47fc00a2c39e90264f33305004495a9","hash":"76b2acd1b14945d9f7798106d47d5624450654b7"}
,"/Users/francescotorella/Library/CloudStorage/OneDrive-PolitecnicodiMilano/corsi/Design and Implementation of Mobile Applications/progetto/repository/NightMi/src/components/StarRating.tsx": {"path":"/Users/francescotorella/Library/CloudStorage/OneDrive-PolitecnicodiMilano/corsi/Design and Implementation of Mobile Applications/progetto/repository/NightMi/src/components/StarRating.tsx","statementMap":{"0":{"start":{"line":10,"column":46},"end":{"line":30,"column":1}},"1":{"start":{"line":11,"column":2},"end":{"line":29,"column":4}},"2":{"start":{"line":14,"column":8},"end":{"line":26,"column":27}},"3":{"start":{"line":16,"column":25},"end":{"line":16,"column":45}},"4":{"start":{"line":32,"column":15},"end":{"line":41,"column":2}}},"fnMap":{"0":{"name":"(anonymous_0)","decl":{"start":{"line":10,"column":46},"end":{"line":10,"column":47}},"loc":{"start":{"line":10,"column":78},"end":{"line":30,"column":1}},"line":10},"1":{"name":"(anonymous_1)","decl":{"start":{"line":13,"column":27},"end":{"line":13,"column":28}},"loc":{"start":{"line":14,"column":8},"end":{"line":26,"column":27}},"line":14},"2":{"name":"(anonymous_2)","decl":{"start":{"line":16,"column":19},"end":{"line":16,"column":20}},"loc":{"start":{"line":16,"column":25},"end":{"line":16,"column":45}},"line":16}},"branchMap":{"0":{"loc":{"start":{"line":21,"column":18},"end":{"line":21,"column":50}},"type":"cond-expr","locations":[{"start":{"line":21,"column":35},"end":{"line":21,"column":41}},{"start":{"line":21,"column":44},"end":{"line":21,"column":50}}],"line":21},"1":{"loc":{"start":{"line":23,"column":19},"end":{"line":23,"column":57}},"type":"cond-expr","locations":[{"start":{"line":23,"column":36},"end":{"line":23,"column":45}},{"start":{"line":23,"column":48},"end":{"line":23,"column":57}}],"line":23},"2":{"loc":{"start":{"line":24,"column":20},"end":{"line":24,"column":65}},"type":"cond-expr","locations":[{"start":{"line":24,"column":37},"end":{"line":24,"column":50}},{"start":{"line":24,"column":53},"end":{"line":24,"column":65}}],"line":24}},"s":{"0":1,"1":0,"2":0,"3":0,"4":1},"f":{"0":0,"1":0,"2":0},"b":{"0":[0,0],"1":[0,0],"2":[0,0]},"_coverageSchema":"1a1c01bbd47fc00a2c39e90264f33305004495a9","hash":"740f288e1272f9d24e156836de1d3f3a686e2156"}
,"/Users/francescotorella/Library/CloudStorage/OneDrive-PolitecnicodiMilano/corsi/Design and Implementation of Mobile Applications/progetto/repository/NightMi/src/components/TicketButton.tsx": {"path":"/Users/francescotorella/Library/CloudStorage/OneDrive-PolitecnicodiMilano/corsi/Design and Implementation of Mobile Applications/progetto/repository/NightMi/src/components/TicketButton.tsx","statementMap":{"0":{"start":{"line":38,"column":50},"end":{"line":66,"column":1}},"1":{"start":{"line":39,"column":21},"end":{"line":39,"column":67}},"2":{"start":{"line":41,"column":22},"end":{"line":52,"column":3}},"3":{"start":{"line":42,"column":4},"end":{"line":51,"column":7}},"4":{"start":{"line":54,"column":2},"end":{"line":65,"column":4}},"5":{"start":{"line":68,"column":15},"end":{"line":82,"column":2}}},"fnMap":{"0":{"name":"(anonymous_0)","decl":{"start":{"line":38,"column":50},"end":{"line":38,"column":51}},"loc":{"start":{"line":38,"column":75},"end":{"line":66,"column":1}},"line":38},"1":{"name":"(anonymous_1)","decl":{"start":{"line":41,"column":22},"end":{"line":41,"column":23}},"loc":{"start":{"line":41,"column":28},"end":{"line":52,"column":3}},"line":41}},"branchMap":{"0":{"loc":{"start":{"line":44,"column":17},"end":{"line":44,"column":46}},"type":"binary-expr","locations":[{"start":{"line":44,"column":17},"end":{"line":44,"column":27}},{"start":{"line":44,"column":31},"end":{"line":44,"column":46}}],"line":44},"1":{"loc":{"start":{"line":46,"column":18},"end":{"line":46,"column":62}},"type":"cond-expr","locations":[{"start":{"line":46,"column":41},"end":{"line":46,"column":58}},{"start":{"line":46,"column":61},"end":{"line":46,"column":62}}],"line":46}},"s":{"0":4,"1":0,"2":0,"3":0,"4":0,"5":4},"f":{"0":0,"1":0},"b":{"0":[0,0],"1":[0,0]},"_coverageSchema":"1a1c01bbd47fc00a2c39e90264f33305004495a9","hash":"3169725914f5f35b353d5d2eacbc8235db61a2cc"}
,"/Users/francescotorella/Library/CloudStorage/OneDrive-PolitecnicodiMilano/corsi/Design and Implementation of Mobile Applications/progetto/repository/NightMi/src/components/TicketCard.tsx": {"path":"/Users/francescotorella/Library/CloudStorage/OneDrive-PolitecnicodiMilano/corsi/Design and Implementation of Mobile Applications/progetto/repository/NightMi/src/components/TicketCard.tsx","statementMap":{"0":{"start":{"line":22,"column":46},"end":{"line":62,"column":1}},"1":{"start":{"line":23,"column":20},"end":{"line":23,"column":47}},"2":{"start":{"line":25,"column":2},"end":{"line":61,"column":4}},"3":{"start":{"line":64,"column":15},"end":{"line":110,"column":2}}},"fnMap":{"0":{"name":"(anonymous_0)","decl":{"start":{"line":22,"column":46},"end":{"line":22,"column":47}},"loc":{"start":{"line":22,"column":106},"end":{"line":62,"column":1}},"line":22}},"branchMap":{"0":{"loc":{"start":{"line":22,"column":66},"end":{"line":22,"column":80}},"type":"default-arg","locations":[{"start":{"line":22,"column":75},"end":{"line":22,"column":80}}],"line":22},"1":{"loc":{"start":{"line":29,"column":43},"end":{"line":29,"column":68}},"type":"binary-expr","locations":[{"start":{"line":29,"column":43},"end":{"line":29,"column":49}},{"start":{"line":29,"column":53},"end":{"line":29,"column":68}}],"line":29},"2":{"loc":{"start":{"line":32,"column":9},"end":{"line":32,"column":76}},"type":"binary-expr","locations":[{"start":{"line":32,"column":9},"end":{"line":32,"column":15}},{"start":{"line":32,"column":19},"end":{"line":32,"column":76}}],"line":32},"3":{"loc":{"start":{"line":44,"column":63},"end":{"line":44,"column":111}},"type":"cond-expr","locations":[{"start":{"line":44,"column":89},"end":{"line":44,"column":98}},{"start":{"line":44,"column":101},"end":{"line":44,"column":111}}],"line":44},"4":{"loc":{"start":{"line":51,"column":7},"end":{"line":59,"column":7}},"type":"binary-expr","locations":[{"start":{"line":51,"column":7},"end":{"line":51,"column":13}},{"start":{"line":52,"column":8},"end":{"line":58,"column":27}}],"line":51}},"s":{"0":2,"1":0,"2":0,"3":2},"f":{"0":0},"b":{"0":[0],"1":[0,0],"2":[0,0],"3":[0,0],"4":[0,0]},"_coverageSchema":"1a1c01bbd47fc00a2c39e90264f33305004495a9","hash":"69f56b8ef3ba19e200a72462ad2eeb16e8d83cb8"}
,"/Users/francescotorella/Library/CloudStorage/OneDrive-PolitecnicodiMilano/corsi/Design and Implementation of Mobile Applications/progetto/repository/NightMi/src/components/addEvent.tsx": {"path":"/Users/francescotorella/Library/CloudStorage/OneDrive-PolitecnicodiMilano/corsi/Design and Implementation of Mobile Applications/progetto/repository/NightMi/src/components/addEvent.tsx","statementMap":{"0":{"start":{"line":20,"column":26},"end":{"line":20,"column":38}},"1":{"start":{"line":21,"column":26},"end":{"line":21,"column":46}},"2":{"start":{"line":22,"column":28},"end":{"line":22,"column":40}},"3":{"start":{"line":23,"column":40},"end":{"line":23,"column":52}},"4":{"start":{"line":24,"column":28},"end":{"line":24,"column":57}},"5":{"start":{"line":25,"column":26},"end":{"line":25,"column":41}},"6":{"start":{"line":28,"column":37},"end":{"line":28,"column":46}},"7":{"start":{"line":29,"column":18},"end":{"line":29,"column":26}},"8":{"start":{"line":30,"column":14},"end":{"line":30,"column":24}},"9":{"start":{"line":33,"column":26},"end":{"line":33,"column":43}},"10":{"start":{"line":36,"column":28},"end":{"line":85,"column":3}},"11":{"start":{"line":38,"column":29},"end":{"line":38,"column":84}},"12":{"start":{"line":40,"column":4},"end":{"line":43,"column":5}},"13":{"start":{"line":41,"column":6},"end":{"line":41,"column":106}},"14":{"start":{"line":42,"column":6},"end":{"line":42,"column":13}},"15":{"start":{"line":45,"column":19},"end":{"line":50,"column":6}},"16":{"start":{"line":52,"column":4},"end":{"line":84,"column":5}},"17":{"start":{"line":53,"column":6},"end":{"line":83,"column":7}},"18":{"start":{"line":55,"column":20},"end":{"line":55,"column":93}},"19":{"start":{"line":56,"column":25},"end":{"line":56,"column":57}},"20":{"start":{"line":57,"column":25},"end":{"line":57,"column":38}},"21":{"start":{"line":59,"column":25},"end":{"line":59,"column":39}},"22":{"start":{"line":60,"column":8},"end":{"line":64,"column":18}},"23":{"start":{"line":66,"column":39},"end":{"line":68,"column":37}},"24":{"start":{"line":70,"column":8},"end":{"line":70,"column":43}},"25":{"start":{"line":70,"column":25},"end":{"line":70,"column":43}},"26":{"start":{"line":72,"column":40},"end":{"line":74,"column":33}},"27":{"start":{"line":76,"column":9},"end":{"line":76,"column":28}},"28":{"start":{"line":77,"column":8},"end":{"line":77,"column":71}},"29":{"start":{"line":79,"column":8},"end":{"line":79,"column":55}},"30":{"start":{"line":80,"column":8},"end":{"line":80,"column":74}},"31":{"start":{"line":86,"column":20},"end":{"line":86,"column":52}},"32":{"start":{"line":87,"column":17},"end":{"line":95,"column":16}},"33":{"start":{"line":98,"column":23},"end":{"line":105,"column":3}},"34":{"start":{"line":100,"column":4},"end":{"line":100,"column":22}},"35":{"start":{"line":101,"column":4},"end":{"line":101,"column":32}},"36":{"start":{"line":102,"column":5},
[...]
,"/Users/francescotorella/Library/CloudStorage/OneDrive-PolitecnicodiMilano/corsi/Design and Implementation of Mobile Applications/progetto/repository/NightMi/src/screens/ProfileScreen/ProfileScreen.tsx": {"path":"/Users/francescotorella/Library/CloudStorage/OneDrive-PolitecnicodiMilano/corsi/Design and Implementation of Mobile Applications/progetto/repository/NightMi/src/screens/ProfileScreen/ProfileScreen.tsx","statementMap":{"0":{"start":{"line":36,"column":45},"end":{"line":41,"column":1}},"1":{"start":{"line":43,"column":22},"end":{"line":54,"column":1}},"2":{"start":{"line":44,"column":2},"end":{"line":53,"column":3}},"3":{"start":{"line":46,"column":6},"end":{"line":46,"column":20}},"4":{"start":{"line":48,"column":6},"end":{"line":48,"column":21}},"5":{"start":{"line":50,"column":6},"end":{"line":50,"column":31}},"6":{"start":{"line":52,"column":6},"end":{"line":52,"column":26}},"7":{"start":{"line":56,"column":23},"end":{"line":59,"column":1}},"8":{"start":{"line":57,"column":31},"end":{"line":57,"column":88}},"9":{"start":{"line":58,"column":2},"end":{"line":58,"column":47}},"10":{"start":{"line":62,"column":34},"end":{"line":62,"column":68}},"11":{"start":{"line":63,"column":32},"end":{"line":63,"column":46}},"12":{"start":{"line":64,"column":21},"end":{"line":64,"column":55}},"13":{"start":{"line":65,"column":16},"end":{"line":65,"column":32}},"14":{"start":{"line":67,"column":27},"end":{"line":102,"column":3}},"15":{"start":{"line":68,"column":4},"end":{"line":101,"column":5}},"16":{"start":{"line":69,"column":6},"end":{"line":69,"column":23}},"17":{"start":{"line":70,"column":33},"end":{"line":70,"column":62}},"18":{"start":{"line":71,"column":6},"end":{"line":71,"column":59}},"19":{"start":{"line":71,"column":17},"end":{"line":71,"column":59}},"20":{"start":{"line":73,"column":30},"end":{"line":77,"column":17}},"21":{"start":{"line":79,"column":6},"end":{"line":79,"column":32}},"22":{"start":{"line":80,"column":6},"end":{"line":80,"column":34}},"23":{"start":{"line":82,"column":6},"end":{"line":82,"column":29}},"24":{"start":{"line":82,"column":17},"end":{"line":82,"column":29}},"25":{"start":{"line":83,"column":6},"end":{"line":94,"column":7}},"26":{"start":{"line":84,"column":8},"end":{"line":93,"column":11}},"27":{"start":{"line":97,"column":6},"end":{"line":97,"column":59}},"28":{"start":{"line":98,"column":6},"end":{"line":98,"column":65}},"29":{"start":{"line":100,"column":6},"end":{"line":100,"column":24}},"30":{"start":{"line":104,"column":2},"end":{"line":108,"column":4}},"31":{"start":{"line":106,"column":6},"end":{"line":106,"column":25}},"32":{"start":{"line":110,"column":23},"end":{"line":131,"column":3}},"33":{"start":{"line":111,"column":4},"end":{"line":130,"column":6}},"34":{"start":{"line":119,"column":12},"end":{"line":125,"column":13}},"35":{"start":{"line":120,"column":14},"end":{"line":120,"column":44}},"36":{"start":{"line":123,"column":14},"end":{"line":123,"column":57}},"37":{"start":{"line":124,"column":14},"end":{"line":124,"column":76}},"38":{"start":{"line":133,"column":28},"end":{"line":187,"column":3}},"39":{"start":{"line":134,"column":29},"end":{"line":134,"column":84}},"40":{"start":{"line":135,"column":4},"end":{"line":138,"column":5}},"41":{"start":{"line":136,"column":6},"end":{"line":136,"column":89}},"42":{"start":{"line":137,"column":6},"end":{"line":137,"column":13}},"43":{"start":{"line":140,"column":19},"end":{"line":145,"column":6}},"44":{"start":{"line":147,"column":4},"end":{"line":186,"column":5}},"45":{"start":{"line":148,"column":6},"end":{"line":185,"column":7}},"46":{"start":{"line":149,"column":8},"end":{"line":149,"column":25}},"47":{"start":{"line":150,"column":20},"end":{"line":150,"column":93}},"48":{"start":{"line":151,"column":25},"end":{"line":151,"column":63}},"49":{"start":{"line":152,"column":25},"end":{"line":152,"column":38}},"50":{"start":{"line":154,"column":25},"end":{"line":154,"column":39}},"51":{"start":{"line":155,"column":8},"end":{"line":159,"column":18}},"52":{"start":{"line":161,"column":39},"end":{"line":163,"column":37}},"53":{"start":{"line":165,"column":8},"end":{"line":165,"column":43}},"54":{"start":{"line":165,"column":25},"end":{"line":165,"column":43}},"55":{"start":{"line":167,"column":40},"end":{"line":169,"column":33}},"56":{"start":{"line":171,"column":39},"end":{"line":174,"column":49}},"57":{"start":{"line":176,"column":8},"end":{"line":176,"column":43}},"58":{"start":{"line":176,"column":25},"end":{"line":176,"column":43}},"59":{"start":{"line":178,"column":8},"end":{"line":178,"column":83}},"60":{"start":{"line":178,"column":28},"end":{"line":178,"column":81}},"61":{"start":{"line":179,"column":8},"end":{"line":179,"column":78}},"62":{"start":{"line":181,"column":8},"end":{"line":181,"column":55}},"63":{"start":{"line":182,"column":8},"end":{"line":182,"column":74}},"64":{"start":{"line":184,"column":8},"end":{"line":184,"column":26}},"65":{"start":{"line":189,"column":28},"end":{"line":202,"column":3}},"66":{"start":{"line":190,"column":4},"end":{"line":201,"column":11}},"67":{"start":{"line":204,"column":24},"end":{"line":235,"column":3}},"68":{"start":{"line":205,"column":4},"end":{"line":234,"column":17}},"69":{"start":{"line":229,"column":23},"end":{"line":229,"column":57}},"70":{"start":{"line":237,"column":2},"end":{"line":255,"column":4}},"71":{"start":{"line":258,"column":15},"end":{"line":360,"column":2}}},"fnMap":{"0":{"name":"(anonymous_0)","decl":{"start":{"line":43,"column":22},"end":{"line":43,"column":23}},"loc":{"start":{"line":43,"column":42},"end":{"line":54,"column":1}},"line":43},"1":{"name":"(anonymous_1)","decl":{"start":{"line":56,"column":23},"end":{"line":56,"column":24}},"loc":{"start":{"line":56,"column":44},"end":{"line":59,"column":1}},"line":56},"2":{"name":"ProfileScreen","decl":{"start":{"line":61,"column":24},"end":{"line":61,"column":37}},"loc":{"start":{"line":61,"column":40},"end":{"line":256,"column":1}},"line":61},"3":{"name":"(anonymous_3)","decl":{"start":{"line":67,"column":27},"end":{"line":67,"column":28}},"loc":{"start":{"line":67,"column":39},"end":{"line":102,"column":3}},"line":67},"4":{"name":"(anonymous_4)","decl":{"start":{"line":105,"column":16},"end":{"line":105,"column":17}},"loc":{"start":{"line":105,"column":22},"end":{"line":107,"column":5}},"line":105},"5":{"name":"(anonymous_5)","decl":{"start":{"line":110,"column":23},"end":{"line":110,"column":24}},"loc":{"start":{"line":110,"column":35},"end":{"line":131,"column":3}},"line":110},"6":{"name":"(anonymous_6)","decl":{"start":{"line":118,"column":19},"end":{"line":118,"column":20}},"loc":{"start":{"line":118,"column":31},"end":{"line":126,"column":11}},"line":118},"7":{"name":"(anonymous_7)","decl":{"start":{"line":133,"column":28},"end":{"line":133,"column":29}},"loc":{"start":{"line":133,"column":40},"end":{"line":187,"column":3}},"line":133},"8":{"name":"(anonymous_8)","decl":{"start":{"line":178,"column":20},"end":{"line":178,"column":21}},"loc":{"start":{"line":178,"column":28},"end":{"line":178,"column":81}},"line":178},"9":{"name":"(anonymous_9)","decl":{"start":{"line":189,"column":28},"end":{"line":189,"column":29}},"loc":{"start":{"line":190,"column":4},"end":{"line":201,"column":11}},"line":190},"10":{"name":"(anonymous_10)","decl":{"start":{"line":204,"column":24},"end":{"line":204,"column":25}},"loc":{"start":{"line":205,"column":4},"end":{"line":234,"column":17}},"line":205},"11":{"name":"(anonymous_11)","decl":{"start":{"line":229,"column":17},"end":{"line":229,"column":18}},"loc":{"start":{"line":229,"column":23},"end":{"line":229,"column":57}},"line":229}},"branchMap":{"0":{"loc":{"start":{"line":44,"column":2},"end":{"line":53,"column":3}},"type":"switch","locations":[{"start":{"line":45,"column":4},"end":{"line":46,"column":20}},{"start":{"line":47,"column":4},"end":{"line":48,"column":21}},{"start":{"line":49,"column":4},"end":{"line":50,"column":31}},{"start":{"line":51,"column":4},"end":{"line":52,"column":26}}],"line":44},"1":{"loc":{"start":{"line":58,"column":9},"end":{"line":58,"column":46}},"type":"binary-expr","locations":[{"start":{"line":58,"column":9},"end":{"line":58,"column":38}},{"start":{"line":58,"column":42},"end":{"line":58,"column":46}}],"line":58},"2":{"loc":{"start":{"line":71,"column":6},"end":{"line":71,"column":59}},"type":"if","locations":[{"start":{"line":71,"column":6},"end":{"line":71,"column":59}},{"start":{},"end":{}}],"line":71},"3":{"loc":{"start":{"line":82,"column":6},"end":{"line":82,"column":29}},"type":"if","locations":[{"start":{"line":82,"column":6},"end":{"line":82,"column":29}},{"start":{},"end":{}}],"line":82},"4":{"loc":{"start":{"line":83,"column":6},"end":{"line":94,"column":7}},"type":"if","locations":[{"start":{"line":83,"column":6},"end":{"line":94,"column":7}},{"start":{},"end":{}}],"line":83},"5":{"loc":{"start":{"line":135,"column":4},"end":{"line":138,"column":5}},"type":"if","locations":[{"start":{"line":135,"column":4},"end":{"line":138,"column":5}},{"start":{},"end":{}}],"line":135},"6":{"loc":{"start":{"line":147,"column":4},"end":{"line":186,"column":5}},"type":"if","locations":[{"start":{"line":147,"column":4},"end":{"line":186,"column":5}},{"start":{},"end":{}}],"line":147},"7":{"loc":{"start":{"line":147,"column":8},"end":{"line":147,"column":48}},"type":"binary-expr","locations":[{"start":{"line":147,"column":8},"end":{"line":147,"column":24}},{"start":{"line":147,"column":28},"end":{"line":147,"column":48}}],"line":147},"8":{"loc":{"start":{"line":165,"column":8},"end":{"line":165,"column":43}},"type":"if","locations":[{"start":{"line":165,"column":8},"end":{"line":165,"column":43}},{"start":{},"end":{}}],"line":165},"9":{"loc":{"start":{"line":176,"column":8},"end":{"line":176,"column":43}},"type":"if","locations":[{"start":{"line":176,"column":8},"end":{"line":176,"column":43}},{"start":{},"end":{}}],"line":176},"10":{"loc":{"start":{"line":178,"column":28},"end":{"line":178,"column":81}},"type":"cond-expr","locations":[{"start":{"line":178,"column":35},"end":{"line":178,"column":74}},{"start":{"line":178,"column":77},"end":{"line":178,"column":81}}],"line":178},"11":{"loc":{"start":{"line":193,"column":9},"end":{"line":195,"column":9}},"type":"binary-expr","locations":[{"start":{"line":193,"column":9},"end":{"line":193,"column":26}},{"start":{"line":194,"column":10},"end":{"line":194,"column":113}}],"line":193},"12":{"loc":{"start":{"line":196,"column":9},"end":{"line":198,"column":9}},"type":"binary-expr","locations":[{"start":{"line":196,"column":9},"end":{"line":196,"column":27}},{"start":{"line":197,"column":10},"end":{"line":197,"column":87}}],"line":196},"13":{"loc":{"start":{"line":208,"column":25},"end":{"line":208,"column":87}},"type":"binary-expr","locations":[{"start":{"line":208,"column":25},"end":{"line":208,"column":50}},{"start":{"line":208,"column":54},"end":{"line":208,"column":87}}],"line":208},"14":{"loc":{"start":{"line":222,"column":51},"end":{"line":222,"column":161}},"type":"cond-expr","locations":[{"start":{"line":222,"column":77},"end":{"line":222,"column":133}},{"start":{"line":222,"column":136},"end":{"line":222,"column":161}}],"line":222},"15":{"loc":{"start":{"line":223,"column":46},"end":{"line":223,"column":124}},"type":"binary-expr","locations":[{"start":{"line":223,"column":46},"end":{"line":223,"column":95}},{"start":{"line":223,"column":99},"end":{"line":223,"column":124}}],"line":223},"16":{"loc":{"start":{"line":223,"column":56},"end":{"line":223,"column":94}},"type":"binary-expr","locations":[{"start":{"line":223,"column":56},"end":{"line":223,"column":75}},{"start":{"line":223,"column":79},"end":{"line":223,"column":94}}],"line":223},"17":{"loc":{"start":{"line":224,"column":47},"end":{"line":224,"column":93}},"type":"binary-expr","locations":[{"start":{"line":224,"column":47},"end":{"line":224,"column":64}},{"start":{"line":224,"column":68},"end":{"line":224,"column":93}}],"line":224},"18":{"loc":{"start":{"line":239,"column":7},"end":{"line":253,"column":7}},"type":"cond-expr","locations":[{"start":{"line":240,"column":8},"end":{"line":242,"column":15}},{"start":{"line":244,"column":8},"end":{"line":252,"column":11}}],"line":239}},"s":{"0":2,"1":2,"2":1,"3":0,"4":0,"5":0,"6":1,"7":2,"8":1,"9":1,"10":3,"11":3,"12":3,"13":3,"14":3,"15":1,"16":1,"17":1,"18":1,"19":0,"20":1,"21":1,"22":1,"23":1,"24":0,"25":1,"26":1,"27":0,"28":0,"29":1,"30":3,"31":1,"32":3,"33":0,"34":0,"35":0,"36":0,"37":0,"38":3,"39":0,"40":0,"41":0,"42":0,"43":0,"44":0,"45":0,"46":0,"47":0,"48":0,"49":0,"50":0,"51":0,"52":0,"53":0,"54":0,"55":0,"56":0,"57":0,"58":0,"59":0,"60":0,"61":0,"62":0,"63":0,"64":0,"65":3,"66":3,"67":3,"68":1,"69":0,"70":3,"71":2},"f":{"0":1,"1":1,"2":3,"3":1,"4":1,"5":0,"6":0,"7":0,"8":0,"9":3,"10":1,"11":0},"b":{"0":[0,0,0,1],"1":[1,1],"2":[0,1],"3":[0,1],"4":[1,0],"5":[0,0],"6":[0,0],"7":[0,0],"8":[0,0],"9":[0,0],"10":[0,0],"11":[3,1],"12":[3,1],"13":[1,0],"14":[1,0],"15":[1,1],"16":[1,0],"17":[1,0],"18":[2,1]},"_coverageSchema":"1a1c01bbd47fc00a2c39e90264f33305004495a9","hash":"a4b2009b6e6fd03966fc70e94fb751b83a883498"}
,"/Users/francescotorella/Library/CloudStorage/OneDrive-PolitecnicodiMilano/corsi/Design and Implementation of Mobile Applications/progetto/repository/NightMi/src/services/authServices.ts": {"path":"/Users/francescotorella/Library/CloudStorage/OneDrive-PolitecnicodiMilano/corsi/Design and Implementation of Mobile Applications/progetto/repository/NightMi/src/services/authServices.ts","statementMap":{"0":{"start":{"line":4,"column":17},"end":{"line":4,"column":36}},"1":{"start":{"line":6,"column":30},"end":{"line":15,"column":1}},"2":{"start":{"line":7,"column":22},"end":{"line":10,"column":6}},"3":{"start":{"line":12,"column":4},"end":{"line":14,"column":5}},"4":{"start":{"line":13,"column":8},"end":{"line":13,"column":29}}},"fnMap":{"0":{"name":"(anonymous_0)","decl":{"start":{"line":6,"column":30},"end":{"line":6,"column":31}},"loc":{"start":{"line":6,"column":73},"end":{"line":15,"column":1}},"line":6}},"branchMap":{"0":{"loc":{"start":{"line":12,"column":4},"end":{"line":14,"column":5}},"type":"if","locations":[{"start":{"line":12,"column":4},"end":{"line":14,"column":5}},{"start":{},"end":{}}],"line":12}},"s":{"0":0,"1":0,"2":0,"3":0,"4":0},"f":{"0":0},"b":{"0":[0,0]}}
,"/Users/francescotorella/Library/CloudStorage/OneDrive-PolitecnicodiMilano/corsi/Design and Implementation of Mobile Applications/progetto/repository/NightMi/src/styles/commonStyles.ts": {"path":"/Users/francescotorella/Library/CloudStorage/OneDrive-PolitecnicodiMilano/corsi/Design and Implementation of Mobile Applications/progetto/repository/NightMi/src/styles/commonStyles.ts","statementMap":{"0":{"start":{"line":3,"column":21},"end":{"line":105,"column":2}}},"fnMap":{},"branchMap":{},"s":{"0":1},"f":{},"b":{},"_coverageSchema":"1a1c01bbd47fc00a2c39e90264f33305004495a9","hash":"884614306a7406643f3cfdef3573f3270c99c841"}
,"/Users/francescotorella/Library/CloudStorage/OneDrive-PolitecnicodiMilano/corsi/Design and Implementation of Mobile Applications/progetto/repository/NightMi/src/types/nativewind.d.ts": {"path":"/Users/francescotorella/Library/CloudStorage/OneDrive-PolitecnicodiMilano/corsi/Design and Implementation of Mobile Applications/progetto/repository/NightMi/src/types/nativewind.d.ts","statementMap":{},"fnMap":{},"branchMap":{},"s":{},"f":{},"b":{}}
,"/Users/francescotorella/Library/CloudStorage/OneDrive-PolitecnicodiMilano/corsi/Design and Implementation of Mobile Applications/progetto/repository/NightMi/src/types/react-native-country-picket.d.ts": {"path":"/Users/francescotorella/Library/CloudStorage/OneDrive-PolitecnicodiMilano/corsi/Design and Implementation of Mobile Applications/progetto/repository/NightMi/src/types/react-native-country-picket.d.ts","statementMap":{},"fnMap":{},"branchMap":{},"s":{},"f":{},"b":{}}
,"/Users/francescotorella/Library/CloudStorage/OneDrive-PolitecnicodiMilano/corsi/Design and Implementation of Mobile Applications/progetto/repository/NightMi/src/utils/stripe.ts": {"path":"/Users/francescotorella/Library/CloudStorage/OneDrive-PolitecnicodiMilano/corsi/Design and Implementation of Mobile Applications/progetto/repository/NightMi/src/utils/stripe.ts","statementMap":{"0":{"start":{"line":4,"column":32},"end":{"line":15,"column":1}},"1":{"start":{"line":5,"column":2},"end":{"line":14,"column":3}},"2":{"start":{"line":6,"column":4},"end":{"line":10,"column":7}},"3":{"start":{"line":11,"column":4},"end":{"line":11,"column":51}},"4":{"start":{"line":13,"column":4},"end":{"line":13,"column":56}},"5":{"start":{"line":17,"column":35},"end":{"line":37,"column":1}},"6":{"start":{"line":18,"column":2},"end":{"line":36,"column":3}},"7":{"start":{"line":19,"column":21},"end":{"line":25,"column":6}},"8":{"start":{"line":27,"column":4},"end":{"line":29,"column":5}},"9":{"start":{"line":28,"column":6},"end":{"line":28,"column":53}},"10":{"start":{"line":31,"column":17},"end":{"line":31,"column":38}},"11":{"start":{"line":32,"column":4},"end":{"line":32,"column":29}},"12":{"start":{"line":34,"column":4},"end":{"line":34,"column":58}},"13":{"start":{"line":35,"column":4},"end":{"line":35,"column":16}}},"fnMap":{"0":{"name":"(anonymous_0)","decl":{"start":{"line":4,"column":32},"end":{"line":4,"column":33}},"loc":{"start":{"line":4,"column":44},"end":{"line":15,"column":1}},"line":4},"1":{"name":"(anonymous_1)","decl":{"start":{"line":17,"column":35},"end":{"line":17,"column":36}},"loc":{"start":{"line":17,"column":79},"end":{"line":37,"column":1}},"line":17}},"branchMap":{"0":{"loc":{"start":{"line":27,"column":4},"end":{"line":29,"column":5}},"type":"if","locations":[{"start":{"line":27,"column":4},"end":{"line":29,"column":5}},{"start":{},"end":{}}],"line":27}},"s":{"0":0,"1":0,"2":0,"3":0,"4":0,"5":0,"6":0,"7":0,"8":0,"9":0,"10":0,"11":0,"12":0,"13":0},"f":{"0":0,"1":0},"b":{"0":[0,0]}}
,"/Users/francescotorella/Library/CloudStorage/OneDrive-PolitecnicodiMilano/corsi/Design and Implementation of Mobile Applications/progetto/repository/NightMi/src/utils/validation.ts": {"path":"/Users/francescotorella/Library/CloudStorage/OneDrive-PolitecnicodiMilano/corsi/Design and Implementation of Mobile Applications/progetto/repository/NightMi/src/utils/validation.ts","statementMap":{"0":{"start":{"line":3,"column":32},"end":{"line":6,"column":1}},"1":{"start":{"line":4,"column":26},"end":{"line":4,"column":96}},"2":{"start":{"line":5,"column":4},"end":{"line":5,"column":40}}},"fnMap":{"0":{"name":"(anonymous_0)","decl":{"start":{"line":3,"column":32},"end":{"line":3,"column":33}},"loc":{"start":{"line":3,"column":54},"end":{"line":6,"column":1}},"line":3}},"branchMap":{},"s":{"0":0,"1":0,"2":0},"f":{"0":0},"b":{}}
,"/Users/francescotorella/Library/CloudStorage/OneDrive-PolitecnicodiMilano/corsi/Design and Implementation of Mobile Applications/progetto/repository/NightMi/supabase/functions/create-payment-intent/index.ts": {"path":"/Users/francescotorella/Library/CloudStorage/OneDrive-PolitecnicodiMilano/corsi/Design and Implementation of Mobile Applications/progetto/repository/NightMi/supabase/functions/create-payment-intent/index.ts","statementMap":{"0":{"start":{"line":4,"column":15},"end":{"line":7,"column":2}},"1":{"start":{"line":9,"column":0},"end":{"line":28,"column":2}},"2":{"start":{"line":10,"column":31},"end":{"line":10,"column":47}},"3":{"start":{"line":12,"column":2},"end":{"line":27,"column":3}},"4":{"start":{"line":13,"column":26},"end":{"line":16,"column":6}},"5":{"start":{"line":18,"column":4},"end":{"line":21,"column":5}},"6":{"start":{"line":23,"column":4},"end":{"line":26,"column":5}}},"fnMap":{"0":{"name":"(anonymous_0)","decl":{"start":{"line":9,"column":6},"end":{"line":9,"column":7}},"loc":{"start":{"line":9,"column":21},"end":{"line":28,"column":1}},"line":9}},"branchMap":{},"s":{"0":0,"1":0,"2":0,"3":0,"4":0,"5":0,"6":0},"f":{"0":0},"b":{}}
}
