{"C:\\Users\\qrobl\\OneDrive - Fundación Universitaria San Pablo CEU\\Escritorio\\TELECOCO\\APLICACIONES WEB\\NightMi\\App.tsx": {"path":"C:\\Users\\qrobl\\OneDrive - Fundación Universitaria San Pablo CEU\\Escritorio\\TELECOCO\\APLICACIONES WEB\\NightMi\\App.tsx","statementMap":{"0":{"start":{"line":35,"column":14},"end":{"line":35,"column":27}},"1":{"start":{"line":36,"column":0},"end":{"line":39,"column":2}},"2":{"start":{"line":37,"column":2},"end":{"line":37,"column":43}},"3":{"start":{"line":37,"column":36},"end":{"line":37,"column":43}},"4":{"start":{"line":38,"column":2},"end":{"line":38,"column":17}},"5":{"start":{"line":42,"column":12},"end":{"line":42,"column":38}},"6":{"start":{"line":43,"column":11},"end":{"line":43,"column":37}},"7":{"start":{"line":44,"column":14},"end":{"line":44,"column":42}},"8":{"start":{"line":52,"column":67},"end":{"line":58,"column":1}},"9":{"start":{"line":60,"column":36},"end":{"line":99,"column":1}},"10":{"start":{"line":61,"column":2},"end":{"line":98,"column":4}},"11":{"start":{"line":64,"column":28},"end":{"line":64,"column":50}},"12":{"start":{"line":65,"column":22},"end":{"line":65,"column":55}},"13":{"start":{"line":66,"column":26},"end":{"line":66,"column":47}},"14":{"start":{"line":68,"column":24},"end":{"line":78,"column":9}},"15":{"start":{"line":69,"column":24},"end":{"line":73,"column":12}},"16":{"start":{"line":75,"column":10},"end":{"line":77,"column":11}},"17":{"start":{"line":76,"column":12},"end":{"line":76,"column":44}},"18":{"start":{"line":80,"column":8},"end":{"line":95,"column":10}},"19":{"start":{"line":101,"column":17},"end":{"line":114,"column":1}},"20":{"start":{"line":102,"column":2},"end":{"line":112,"column":18}},"21":{"start":{"line":103,"column":23},"end":{"line":103,"column":50}},"22":{"start":{"line":115,"column":23},"end":{"line":128,"column":1}},"23":{"start":{"line":116,"column":2},"end":{"line":126,"column":19}},"24":{"start":{"line":117,"column":23},"end":{"line":117,"column":50}},"25":{"start":{"line":130,"column":18},"end":{"line":138,"column":1}},"26":{"start":{"line":131,"column":2},"end":{"line":137,"column":20}},"27":{"start":{"line":140,"column":21},"end":{"line":214,"column":1}},"28":{"start":{"line":141,"column":32},"end":{"line":141,"column":62}},"29":{"start":{"line":142,"column":36},"end":{"line":142,"column":50}},"30":{"start":{"line":143,"column":29},"end":{"line":143,"column":41}},"31":{"start":{"line":144,"column":30},"end":{"line":144,"column":59}},"32":{"start":{"line":146,"column":2},"end":{"line":177,"column":9}},"33":{"start":{"line":147,"column":4},"end":{"line":167,"column":7}},"34":{"start":{"line":148,"column":6},"end":{"line":148,"column":26}},"35":{"start":{"line":149,"column":6},"end":{"line":165,"column":7}},"36":{"start":{"line":150,"column":8},"end":{"line":150,"column":35}},"37":{"start":{"line":151,"column":8},"end":{"line":151,"column":37}},"38":{"start":{"line":152,"column":32},"end":{"line":152,"column":112}},"39":{"start":{"line":158,"column":8},"end":{"line":163,"column":9}},"40":{"start":{"line":160,"column":10},"end":{"line":160,"column":35}},"41":{"start":{"line":162,"column":10},"end":{"line":162,"column":32}},"42":{"start":{"line":166,"column":6},"end":{"line":166,"column":26}},"43":{"start":{"line":169,"column":39},"end":{"line":174,"column":6}},"44":{"start":{"line":170,"column":6},"end":{"line":170,"column":26}},"45":{"start":{"line":171,"column":6},"end":{"line":173,"column":7}},"46":{"start":{"line":172,"column":8},"end":{"line":172,"column":35}},"47":{"start":{"line":176,"column":4},"end":{"line":176,"column":44}},"48":{"start":{"line":176,"column":17},"end":{"line":176,"column":43}},"49":{"start":{"line":179,"column":2},"end":{"line":182,"column":3}},"50":{"start":{"line":181,"column":4},"end":{"line":181,"column":16}},"51":{"start":{"line":184,"column":2},"end":{"line":213,"column":4}},"52":{"start":{"line":217,"column":2},"end":{"line":230,"column":4}}},"fnMap":{"0":{"name":"(anonymous_0)","decl":{"start":{"line":36,"column":16},"end":{"line":36,"column":17}},"loc":{"start":{"line":36,"column":34},"end":{"line":39,"column":1}},"line":36},"1":{"name":"(anonymous_1)","decl":{"start":{"line":60,"column":36},"end":{"line":60,"column":37}},"loc":{"start":{"line":60,"column":76},"end":{"line":99,"column":1}},"line":60},"2":{"name":"(anonymous_2)","decl":{"start":{"line":63,"column":24},"end":{"line":63,"column":25}},"loc":{"start":{"line":63,"column":55},"end":{"line":96,"column":7}},"line":63},"3":{"name":"(anonymous_3)","decl":{"start":{"line":68,"column":24},"end":{"line":68,"column":25}},"loc":{"start":{"line":68,"column":30},"end":{"line":78,"column":9}},"line":68},"4":{"name":"(anonymous_4)","decl":{"start":{"line":101,"column":17},"end":{"line":101,"column":18}},"loc":{"start":{"line":102,"column":2},"end":{"line":112,"column":18}},"line":102},"5":{"name":"(anonymous_5)","decl":{"start":{"line":103,"column":12},"end":{"line":103,"column":13}},"loc":{"start":{"line":103,"column":23},"end":{"line":103,"column":50}},"line":103},"6":{"name":"(anonymous_6)","decl":{"start":{"line":115,"column":23},"end":{"line":115,"column":24}},"loc":{"start":{"line":116,"column":2},"end":{"line":126,"column":19}},"line":116},"7":{"name":"(anonymous_7)","decl":{"start":{"line":117,"column":12},"end":{"line":117,"column":13}},"loc":{"start":{"line":117,"column":23},"end":{"line":117,"column":50}},"line":117},"8":{"name":"(anonymous_8)","decl":{"start":{"line":130,"column":18},"end":{"line":130,"column":19}},"loc":{"start":{"line":131,"column":2},"end":{"line":137,"column":20}},"line":131},"9":{"name":"(anonymous_9)","decl":{"start":{"line":140,"column":21},"end":{"line":140,"column":22}},"loc":{"start":{"line":140,"column":27},"end":{"line":214,"column":1}},"line":140},"10":{"name":"(anonymous_10)","decl":{"start":{"line":146,"column":12},"end":{"line":146,"column":13}},"loc":{"start":{"line":146,"column":18},"end":{"line":177,"column":3}},"line":146},"11":{"name":"(anonymous_11)","decl":{"start":{"line":147,"column":36},"end":{"line":147,"column":37}},"loc":{"start":{"line":147,"column":69},"end":{"line":167,"column":5}},"line":147},"12":{"name":"(anonymous_12)","decl":{"start":{"line":169,"column":71},"end":{"line":169,"column":72}},"loc":{"start":{"line":169,"column":92},"end":{"line":174,"column":5}},"line":169},"13":{"name":"(anonymous_13)","decl":{"start":{"line":176,"column":11},"end":{"line":176,"column":12}},"loc":{"start":{"line":176,"column":17},"end":{"line":176,"column":43}},"line":176},"14":{"name":"App","decl":{"start":{"line":216,"column":24},"end":{"line":216,"column":27}},"loc":{"start":{"line":216,"column":30},"end":{"line":231,"column":1}},"line":216}},"branchMap":{"0":{"loc":{"start":{"line":37,"column":2},"end":{"line":37,"column":43}},"type":"if","locations":[{"start":{"line":37,"column":2},"end":{"line":37,"column":43}},{"start":{},"end":{}}],"line":37},"1":{"loc":{"start":{"line":65,"column":22},"end":{"line":65,"column":55}},"type":"binary-expr","locations":[{"start":{"line":65,"column":22},"end":{"line":65,"column":41}},{"start":{"line":65,"column":45},"end":{"line":65,"column":55}}],"line":65},"2":{"loc":{"start":{"line":75,"column":10},"end":{"line":77,"column":11}},"type":"if","locations":[{"start":{"line":75,"column":10},"end":{"line":77,"column":11}},{"start":{},"end":{}}],"line":75},"3":{"loc":{"start":{"line":75,"column":14},"end":{"line":75,"column":51}},"type":"binary-expr","locations":[{"start":{"line":75,"column":14},"end":{"line":75,"column":24}},{"start":{"line":75,"column":28},"end":{"line":75,"column":51}}],"line":75},"4":{"loc":{"start":{"line":84,"column":46},"end":{"line":84,"column":86}},"type":"cond-expr","locations":[{"start":{"line":84,"column":58},"end":{"line":84,"column":71}},{"start":{"line":84,"column":74},"end":{"line":84,"column":86}}],"line":84},"5":{"loc":{"start":{"line":89,"column":21},"end":{"line":89,"column":54}},"type":"cond-expr","locations":[{"start":{"line":89,"column":33},"end":{"line":89,"column":42}},{"start":{"line":89,"column":45},"end":{"line":89,"column":54}}],"line":89},"6":{"loc":{"start":{"line":91,"column":45},"end":{"line":91,"column":92}},"type":"cond-expr","locations":[{"start":{"line":91,"column":57},"end":{"line":91,"column":74}},{"start":{"line":91,"column":77},"end":{"line":91,"column":92}}],"line":91},"7":{"loc":{"start":{"line":149,"column":6},"end":{"line":165,"column":7}},"type":"if","locations":[{"start":{"line":149,"column":6},"end":{"line":165,"column":7}},{"start":{},"end":{}}],"line":149},"8":{"loc":{"start":{"line":158,"column":8},"end":{"line":163,"column":9}},"type":"if","locations":[{"start":{"line":158,"column":8},"end":{"line":163,"column":9}},{"start":{"line":161,"column":13},"end":{"line":163,"column":9}}],"line":158},"9":{"loc":{"start":{"line":171,"column":6},"end":{"line":173,"column":7}},"type":"if","locations":[{"start":{"line":171,"column":6},"end":{"line":173,"column":7}},{"start":{},"end":{}}],"line":171},"10":{"loc":{"start":{"line":179,"column":2},"end":{"line":182,"column":3}},"type":"if","locations":[{"start":{"line":179,"column":2},"end":{"line":182,"column":3}},{"start":{},"end":{}}],"line":179},"11":{"loc":{"start":{"line":187,"column":9},"end":{"line":210,"column":9}},"type":"cond-expr","locations":[{"start":{"line":188,"column":10},"end":{"line":207,"column":11}},{"start":{"line":209,"column":10},"end":{"line":209,"column":60}}],"line":187},"12":{"loc":{"start":{"line":188,"column":10},"end":{"line":207,"column":11}},"type":"cond-expr","locations":[{"start":{"line":190,"column":11},"end":{"line":196,"column":12}},{"start":{"line":198,"column":12},"end":{"line":205,"column":13}}],"line":188}},"s":{"0":1,"1":1,"2":7,"3":0,"4":7,"5":1,"6":1,"7":1,"8":1,"9":1,"10":0,"11":0,"12":0,"13":0,"14":0,"15":0,"16":0,"17":0,"18":0,"19":1,"20":0,"21":0,"22":1,"23":0,"24":0,"25":1,"26":0,"27":1,"28":9,"29":8,"30":8,"31":8,"32":8,"33":3,"34":3,"35":3,"36":2,"37":2,"38":2,"39":0,"40":0,"41":0,"42":1,"43":3,"44":0,"45":0,"46":0,"47":3,"48":3,"49":8,"50":7,"51":1,"52":4},"f":{"0":7,"1":0,"2":0,"3":0,"4":0,"5":0,"6":0,"7":0,"8":0,"9":9,"10":3,"11":3,"12":0,"13":3,"14":4},"b":{"0":[0,7],"1":[0,0],"2":[0,0],"3":[0,0],"4":[0,0],"5":[0,0],"6":[0,0],"7":[2,1],"8":[0,0],"9":[0,0],"10":[7,1],"11":[0,1],"12":[0,0]},"_coverageSchema":"1a1c01bbd47fc00a2c39e90264f33305004495a9","hash":"48fea90526fbd3f1ec59b8ff83c0ed86f8351afd"}
,"C:\\Users\\qrobl\\OneDrive - Fundación Universitaria San Pablo CEU\\Escritorio\\TELECOCO\\APLICACIONES WEB\\NightMi\\env.d.ts": {"path":"C:\\Users\\qrobl\\OneDrive - Fundación Universitaria San Pablo CEU\\Escritorio\\TELECOCO\\APLICACIONES WEB\\NightMi\\env.d.ts","statementMap":{},"fnMap":{},"branchMap":{},"s":{},"f":{},"b":{}}
,"C:\\Users\\qrobl\\OneDrive - Fundación Universitaria San Pablo CEU\\Escritorio\\TELECOCO\\APLICACIONES WEB\\NightMi\\isOwner.tsx": {"path":"C:\\Users\\qrobl\\OneDrive - Fundación Universitaria San Pablo CEU\\Escritorio\\TELECOCO\\APLICACIONES WEB\\NightMi\\isOwner.tsx","statementMap":{"0":{"start":{"line":11,"column":28},"end":{"line":14,"column":2}},"1":{"start":{"line":15,"column":66},"end":{"line":23,"column":1}},"2":{"start":{"line":16,"column":32},"end":{"line":16,"column":56}},"3":{"start":{"line":18,"column":2},"end":{"line":22,"column":4}},"4":{"start":{"line":25,"column":26},"end":{"line":29,"column":3}},"5":{"start":{"line":26,"column":20},"end":{"line":26,"column":44}},"6":{"start":{"line":27,"column":4},"end":{"line":27,"column":86}},"7":{"start":{"line":27,"column":18},"end":{"line":27,"column":86}},"8":{"start":{"line":28,"column":4},"end":{"line":28,"column":19}}},"fnMap":{"0":{"name":"(anonymous_0)","decl":{"start":{"line":13,"column":14},"end":{"line":13,"column":15}},"loc":{"start":{"line":13,"column":20},"end":{"line":13,"column":22}},"line":13},"1":{"name":"(anonymous_1)","decl":{"start":{"line":15,"column":66},"end":{"line":15,"column":67}},"loc":{"start":{"line":15,"column":84},"end":{"line":23,"column":1}},"line":15},"2":{"name":"(anonymous_2)","decl":{"start":{"line":25,"column":26},"end":{"line":25,"column":27}},"loc":{"start":{"line":25,"column":32},"end":{"line":29,"column":3}},"line":25}},"branchMap":{"0":{"loc":{"start":{"line":27,"column":4},"end":{"line":27,"column":86}},"type":"if","locations":[{"start":{"line":27,"column":4},"end":{"line":27,"column":86}},{"start":{},"end":{}}],"line":27}},"s":{"0":1,"1":1,"2":6,"3":6,"4":1,"5":8,"6":8,"7":0,"8":8},"f":{"0":0,"1":6,"2":8},"b":{"0":[0,8]},"_coverageSchema":"1a1c01bbd47fc00a2c39e90264f33305004495a9","hash":"8917e84a24d7676f96c4d83659b279fa465314dd"}
,"C:\\Users\\qrobl\\OneDrive - Fundación Universitaria San Pablo CEU\\Escritorio\\TELECOCO\\APLICACIONES WEB\\NightMi\\jest.config.js": {"path":"C:\\Users\\qrobl\\OneDrive - Fundación Universitaria San Pablo CEU\\Escritorio\\TELECOCO\\APLICACIONES WEB\\NightMi\\jest.config.js","statementMap":{"0":{"start":{"line":1,"column":0},"end":{"line":15,"column":2}}},"fnMap":{},"branchMap":{},"s":{"0":0},"f":{},"b":{}}
,"C:\\Users\\qrobl\\OneDrive - Fundación Universitaria San Pablo CEU\\Escritorio\\TELECOCO\\APLICACIONES WEB\\NightMi\\tailwind.config.js": {"path":"C:\\Users\\qrobl\\OneDrive - Fundación Universitaria San Pablo CEU\\Escritorio\\TELECOCO\\APLICACIONES WEB\\NightMi\\tailwind.config.js","statementMap":{"0":{"start":{"line":1,"column":0},"end":{"line":10,"column":1}}},"fnMap":{},"branchMap":{},"s":{"0":0},"f":{},"b":{}}
,"C:\\Users\\qrobl\\OneDrive - Fundación Universitaria San Pablo CEU\\Escritorio\\TELECOCO\\APLICACIONES WEB\\NightMi\\src\\navigation.ts": {"path":"C:\\Users\\qrobl\\OneDrive - Fundación Universitaria San Pablo CEU\\Escritorio\\TELECOCO\\APLICACIONES WEB\\NightMi\\src\\navigation.ts","statementMap":{},"fnMap":{},"branchMap":{},"s":{},"f":{},"b":{}}
,"C:\\Users\\qrobl\\OneDrive - Fundación Universitaria San Pablo CEU\\Escritorio\\TELECOCO\\APLICACIONES WEB\\NightMi\\src\\components\\ActionButtons.tsx": {"path":"C:\\Users\\qrobl\\OneDrive - Fundación Universitaria San Pablo CEU\\Escritorio\\TELECOCO\\APLICACIONES WEB\\NightMi\\src\\components\\ActionButtons.tsx","statementMap":{"0":{"start":{"line":12,"column":59},"end":{"line":42,"column":1}},"1":{"start":{"line":17,"column":2},"end":{"line":41,"column":4}},"2":{"start":{"line":44,"column":15},"end":{"line":59,"column":2}}},"fnMap":{"0":{"name":"(anonymous_0)","decl":{"start":{"line":12,"column":59},"end":{"line":12,"column":60}},"loc":{"start":{"line":16,"column":6},"end":{"line":42,"column":1}},"line":16}},"branchMap":{},"s":{"0":1,"1":4,"2":1},"f":{"0":4},"b":{},"_coverageSchema":"1a1c01bbd47fc00a2c39e90264f33305004495a9","hash":"d803a904b8e2086ec498c9bedd9df292b2e3df79"}
,"C:\\Users\\qrobl\\OneDrive - Fundación Universitaria San Pablo CEU\\Escritorio\\TELECOCO\\APLICACIONES WEB\\NightMi\\src\\components\\ClubCard.tsx": {"path":"C:\\Users\\qrobl\\OneDrive - Fundación Universitaria San Pablo CEU\\Escritorio\\TELECOCO\\APLICACIONES WEB\\NightMi\\src\\components\\ClubCard.tsx","statementMap":{"0":{"start":{"line":6,"column":18},"end":{"line":6,"column":42}},"1":{"start":{"line":28,"column":49},"end":{"line":103,"column":1}},"2":{"start":{"line":29,"column":38},"end":{"line":29,"column":53}},"3":{"start":{"line":31,"column":24},"end":{"line":34,"column":3}},"4":{"start":{"line":33,"column":4},"end":{"line":33,"column":51}},"5":{"start":{"line":36,"column":21},"end":{"line":36,"column":36}},"6":{"start":{"line":38,"column":2},"end":{"line":102,"column":4}},"7":{"start":{"line":48,"column":25},"end":{"line":48,"column":44}},"8":{"start":{"line":105,"column":15},"end":{"line":218,"column":2}}},"fnMap":{"0":{"name":"(anonymous_0)","decl":{"start":{"line":28,"column":49},"end":{"line":28,"column":50}},"loc":{"start":{"line":28,"column":82},"end":{"line":103,"column":1}},"line":28},"1":{"name":"(anonymous_1)","decl":{"start":{"line":31,"column":24},"end":{"line":31,"column":25}},"loc":{"start":{"line":31,"column":30},"end":{"line":34,"column":3}},"line":31},"2":{"name":"(anonymous_2)","decl":{"start":{"line":48,"column":19},"end":{"line":48,"column":20}},"loc":{"start":{"line":48,"column":25},"end":{"line":48,"column":44}},"line":48}},"branchMap":{"0":{"loc":{"start":{"line":33,"column":11},"end":{"line":33,"column":50}},"type":"cond-expr","locations":[{"start":{"line":33,"column":33},"end":{"line":33,"column":39}},{"start":{"line":33,"column":42},"end":{"line":33,"column":50}}],"line":33},"1":{"loc":{"start":{"line":43,"column":17},"end":{"line":45,"column":81}},"type":"cond-expr","locations":[{"start":{"line":44,"column":16},"end":{"line":44,"column":67}},{"start":{"line":45,"column":16},"end":{"line":45,"column":81}}],"line":43},"2":{"loc":{"start":{"line":45,"column":16},"end":{"line":45,"column":81}},"type":"binary-expr","locations":[{"start":{"line":45,"column":16},"end":{"line":45,"column":26}},{"start":{"line":45,"column":30},"end":{"line":45,"column":81}}],"line":45},"3":{"loc":{"start":{"line":65,"column":15},"end":{"line":70,"column":15}},"type":"binary-expr","locations":[{"start":{"line":65,"column":15},"end":{"line":65,"column":23}},{"start":{"line":66,"column":16},"end":{"line":69,"column":23}}],"line":65},"4":{"loc":{"start":{"line":80,"column":47},"end":{"line":80,"column":106}},"type":"cond-expr","locations":[{"start":{"line":80,"column":71},"end":{"line":80,"column":86}},{"start":{"line":80,"column":89},"end":{"line":80,"column":106}}],"line":80},"5":{"loc":{"start":{"line":87,"column":15},"end":{"line":91,"column":15}},"type":"binary-expr","locations":[{"start":{"line":87,"column":15},"end":{"line":87,"column":28}},{"start":{"line":88,"column":16},"end":{"line":90,"column":23}}],"line":87},"6":{"loc":{"start":{"line":92,"column":15},"end":{"line":96,"column":15}},"type":"binary-expr","locations":[{"start":{"line":92,"column":15},"end":{"line":92,"column":31}},{"start":{"line":93,"column":16},"end":{"line":95,"column":23}}],"line":92}},"s":{"0":2,"1":2,"2":4,"3":4,"4":4,"5":4,"6":4,"7":0,"8":2},"f":{"0":4,"1":4,"2":0},"b":{"0":[3,1],"1":[0,4],"2":[4,1],"3":[4,1],"4":[3,1],"5":[4,4],"6":[4,4]},"_coverageSchema":"1a1c01bbd47fc00a2c39e90264f33305004495a9","hash":"0f275f11078b466ecb7a8624dfcfe7cd207a0d09"}
,"C:\\Users\\qrobl\\OneDrive - Fundación Universitaria San Pablo CEU\\Escritorio\\TELECOCO\\APLICACIONES WEB\\NightMi\\src\\components\\ClubDetails.tsx": {"path":"C:\\Users\\qrobl\\OneDrive - Fundación Universitaria San Pablo CEU\\Escritorio\\TELECOCO\\APLICACIONES WEB\\NightMi\\src\\components\\ClubDetails.tsx","statementMap":{"0":{"start":{"line":22,"column":48},"end":{"line":37,"column":1}},"1":{"start":{"line":23,"column":2},"end":{"line":36,"column":4}},"2":{"start":{"line":39,"column":84},"end":{"line":46,"column":1}},"3":{"start":{"line":40,"column":2},"end":{"line":45,"column":9}},"4":{"start":{"line":48,"column":15},"end":{"line":88,"column":2}}},"fnMap":{"0":{"name":"(anonymous_0)","decl":{"start":{"line":22,"column":48},"end":{"line":22,"column":49}},"loc":{"start":{"line":22,"column":62},"end":{"line":37,"column":1}},"line":22},"1":{"name":"(anonymous_1)","decl":{"start":{"line":39,"column":84},"end":{"line":39,"column":85}},"loc":{"start":{"line":40,"column":2},"end":{"line":45,"column":9}},"line":40}},"branchMap":{"0":{"loc":{"start":{"line":27,"column":7},"end":{"line":27,"column":75}},"type":"binary-expr","locations":[{"start":{"line":27,"column":7},"end":{"line":27,"column":22}},{"start":{"line":27,"column":26},"end":{"line":27,"column":75}}],"line":27},"1":{"loc":{"start":{"line":28,"column":7},"end":{"line":28,"column":78}},"type":"binary-expr","locations":[{"start":{"line":28,"column":7},"end":{"line":28,"column":23}},{"start":{"line":28,"column":27},"end":{"line":28,"column":78}}],"line":28},"2":{"loc":{"start":{"line":29,"column":7},"end":{"line":34,"column":7}},"type":"binary-expr","locations":[{"start":{"line":29,"column":7},"end":{"line":29,"column":23}},{"start":{"line":30,"column":8},"end":{"line":33,"column":15}}],"line":29}},"s":{"0":3,"1":14,"2":3,"3":54,"4":3},"f":{"0":14,"1":54},"b":{"0":[14,13],"1":[14,13],"2":[14,13]},"_coverageSchema":"1a1c01bbd47fc00a2c39e90264f33305004495a9","hash":"fc73baf36a8509697e8f42bbe3c2ed73466d0e12"}
,"C:\\Users\\qrobl\\OneDrive - Fundación Universitaria San Pablo CEU\\Escritorio\\TELECOCO\\APLICACIONES WEB\\NightMi\\src\\components\\ClubEdit.tsx": {"path":"C:\\Users\\qrobl\\OneDrive - Fundación Universitaria San Pablo CEU\\Escritorio\\TELECOCO\\APLICACIONES WEB\\NightMi\\src\\components\\ClubEdit.tsx","statementMap":{"0":{"start":{"line":29,"column":7},"end":{"line":42,"column":3}},"1":{"start":{"line":30,"column":4},"end":{"line":41,"column":11}},"2":{"start":{"line":44,"column":43},"end":{"line":96,"column":1}},"3":{"start":{"line":46,"column":25},"end":{"line":49,"column":7}},"4":{"start":{"line":47,"column":8},"end":{"line":47,"column":64}},"5":{"start":{"line":47,"column":25},"end":{"line":47,"column":62}},"6":{"start":{"line":54,"column":2},"end":{"line":95,"column":4}},"7":{"start":{"line":61,"column":29},"end":{"line":61,"column":59}},"8":{"start":{"line":67,"column":29},"end":{"line":67,"column":65}},"9":{"start":{"line":74,"column":31},"end":{"line":74,"column":64}},"10":{"start":{"line":81,"column":31},"end":{"line":81,"column":65}},"11":{"start":{"line":89,"column":37},"end":{"line":89,"column":71}},"12":{"start":{"line":101,"column":15},"end":{"line":148,"column":2}}},"fnMap":{"0":{"name":"(anonymous_0)","decl":{"start":{"line":29,"column":7},"end":{"line":29,"column":8}},"loc":{"start":{"line":30,"column":4},"end":{"line":41,"column":11}},"line":30},"1":{"name":"(anonymous_1)","decl":{"start":{"line":44,"column":43},"end":{"line":44,"column":44}},"loc":{"start":{"line":44,"column":65},"end":{"line":96,"column":1}},"line":44},"2":{"name":"(anonymous_2)","decl":{"start":{"line":46,"column":25},"end":{"line":46,"column":26}},"loc":{"start":{"line":46,"column":79},"end":{"line":49,"column":7}},"line":46},"3":{"name":"(anonymous_3)","decl":{"start":{"line":47,"column":16},"end":{"line":47,"column":17}},"loc":{"start":{"line":47,"column":25},"end":{"line":47,"column":62}},"line":47},"4":{"name":"(anonymous_4)","decl":{"start":{"line":61,"column":18},"end":{"line":61,"column":19}},"loc":{"start":{"line":61,"column":29},"end":{"line":61,"column":59}},"line":61},"5":{"name":"(anonymous_5)","decl":{"start":{"line":67,"column":18},"end":{"line":67,"column":19}},"loc":{"start":{"line":67,"column":29},"end":{"line":67,"column":65}},"line":67},"6":{"name":"(anonymous_6)","decl":{"start":{"line":74,"column":20},"end":{"line":74,"column":21}},"loc":{"start":{"line":74,"column":31},"end":{"line":74,"column":64}},"line":74},"7":{"name":"(anonymous_7)","decl":{"start":{"line":81,"column":20},"end":{"line":81,"column":21}},"loc":{"start":{"line":81,"column":31},"end":{"line":81,"column":65}},"line":81},"8":{"name":"(anonymous_8)","decl":{"start":{"line":89,"column":26},"end":{"line":89,"column":27}},"loc":{"start":{"line":89,"column":37},"end":{"line":89,"column":71}},"line":89}},"branchMap":{"0":{"loc":{"start":{"line":47,"column":25},"end":{"line":47,"column":62}},"type":"cond-expr","locations":[{"start":{"line":47,"column":31},"end":{"line":47,"column":56}},{"start":{"line":47,"column":58},"end":{"line":47,"column":62}}],"line":47},"1":{"loc":{"start":{"line":66,"column":15},"end":{"line":66,"column":39}},"type":"binary-expr","locations":[{"start":{"line":66,"column":15},"end":{"line":66,"column":33}},{"start":{"line":66,"column":37},"end":{"line":66,"column":39}}],"line":66},"2":{"loc":{"start":{"line":73,"column":17},"end":{"line":73,"column":38}},"type":"binary-expr","locations":[{"start":{"line":73,"column":17},"end":{"line":73,"column":32}},{"start":{"line":73,"column":36},"end":{"line":73,"column":38}}],"line":73},"3":{"loc":{"start":{"line":80,"column":17},"end":{"line":80,"column":38}},"type":"binary-expr","locations":[{"start":{"line":80,"column":17},"end":{"line":80,"column":33}},{"start":{"line":80,"column":36},"end":{"line":80,"column":38}}],"line":80},"4":{"loc":{"start":{"line":88,"column":19},"end":{"line":88,"column":41}},"type":"binary-expr","locations":[{"start":{"line":88,"column":19},"end":{"line":88,"column":35}},{"start":{"line":88,"column":39},"end":{"line":88,"column":41}}],"line":88}},"s":{"0":3,"1":8,"2":3,"3":2,"4":1,"5":0,"6":2,"7":1,"8":0,"9":0,"10":0,"11":0,"12":3},"f":{"0":8,"1":2,"2":1,"3":0,"4":1,"5":0,"6":0,"7":0,"8":0},"b":{"0":[0,0],"1":[2,0],"2":[2,0],"3":[2,0],"4":[2,0]},"_coverageSchema":"1a1c01bbd47fc00a2c39e90264f33305004495a9","hash":"98b1e400b71cc5bc0dff0899720c6cd4599d1c4a"}
,"C:\\Users\\qrobl\\OneDrive - Fundación Universitaria San Pablo CEU\\Escritorio\\TELECOCO\\APLICACIONES WEB\\NightMi\\src\\components\\ClubHeader.tsx": {"path":"C:\\Users\\qrobl\\OneDrive - Fundación Universitaria San Pablo CEU\\Escritorio\\TELECOCO\\APLICACIONES WEB\\NightMi\\src\\components\\ClubHeader.tsx","statementMap":{"0":{"start":{"line":16,"column":46},"end":{"line":47,"column":1}},"1":{"start":{"line":17,"column":2},"end":{"line":46,"column":4}},"2":{"start":{"line":49,"column":15},"end":{"line":110,"column":2}}},"fnMap":{"0":{"name":"(anonymous_0)","decl":{"start":{"line":16,"column":46},"end":{"line":16,"column":47}},"loc":{"start":{"line":16,"column":60},"end":{"line":47,"column":1}},"line":16}},"branchMap":{"0":{"loc":{"start":{"line":34,"column":9},"end":{"line":38,"column":9}},"type":"binary-expr","locations":[{"start":{"line":34,"column":9},"end":{"line":34,"column":22}},{"start":{"line":35,"column":10},"end":{"line":37,"column":17}}],"line":34},"1":{"loc":{"start":{"line":39,"column":9},"end":{"line":43,"column":9}},"type":"binary-expr","locations":[{"start":{"line":39,"column":9},"end":{"line":39,"column":25}},{"start":{"line":40,"column":10},"end":{"line":42,"column":17}}],"line":39}},"s":{"0":3,"1":14,"2":3},"f":{"0":14},"b":{"0":[14,13],"1":[14,13]},"_coverageSchema":"1a1c01bbd47fc00a2c39e90264f33305004495a9","hash":"917f3c652652dfeeb04255256185101850b44a06"}
,"C:\\Users\\qrobl\\OneDrive - Fundación Universitaria San Pablo CEU\\Escritorio\\TELECOCO\\APLICACIONES WEB\\NightMi\\src\\components\\CountryPickerWrapper.tsx": {"path":"C:\\Users\\qrobl\\OneDrive - Fundación Universitaria San Pablo CEU\\Escritorio\\TELECOCO\\APLICACIONES WEB\\NightMi\\src\\components\\CountryPickerWrapper.tsx","statementMap":{"0":{"start":{"line":15,"column":66},"end":{"line":37,"column":1}},"1":{"start":{"line":25,"column":2},"end":{"line":36,"column":4}}},"fnMap":{"0":{"name":"(anonymous_0)","decl":{"start":{"line":15,"column":66},"end":{"line":15,"column":67}},"loc":{"start":{"line":24,"column":6},"end":{"line":37,"column":1}},"line":24}},"branchMap":{"0":{"loc":{"start":{"line":16,"column":2},"end":{"line":16,"column":17}},"type":"default-arg","locations":[{"start":{"line":16,"column":13},"end":{"line":16,"column":17}}],"line":16},"1":{"loc":{"start":{"line":17,"column":2},"end":{"line":17,"column":19}},"type":"default-arg","locations":[{"start":{"line":17,"column":15},"end":{"line":17,"column":19}}],"line":17},"2":{"loc":{"start":{"line":18,"column":2},"end":{"line":18,"column":30}},"type":"default-arg","locations":[{"start":{"line":18,"column":26},"end":{"line":18,"column":30}}],"line":18},"3":{"loc":{"start":{"line":19,"column":2},"end":{"line":19,"column":24}},"type":"default-arg","locations":[{"start":{"line":19,"column":20},"end":{"line":19,"column":24}}],"line":19},"4":{"loc":{"start":{"line":20,"column":2},"end":{"line":20,"column":24}},"type":"default-arg","locations":[{"start":{"line":20,"column":20},"end":{"line":20,"column":24}}],"line":20},"5":{"loc":{"start":{"line":21,"column":2},"end":{"line":21,"column":18}},"type":"default-arg","locations":[{"start":{"line":21,"column":14},"end":{"line":21,"column":18}}],"line":21},"6":{"loc":{"start":{"line":23,"column":2},"end":{"line":23,"column":20}},"type":"default-arg","locations":[{"start":{"line":23,"column":16},"end":{"line":23,"column":20}}],"line":23}},"s":{"0":1,"1":1},"f":{"0":1},"b":{"0":[1],"1":[1],"2":[1],"3":[1],"4":[1],"5":[1],"6":[0]},"_coverageSchema":"1a1c01bbd47fc00a2c39e90264f33305004495a9","hash":"a671d58b693e0a863e0929fe0bfa014f015a8e0b"}
,"C:\\Users\\qrobl\\OneDrive - Fundación Universitaria San Pablo CEU\\Escritorio\\TELECOCO\\APLICACIONES WEB\\NightMi\\src\\components\\ErrorDisplay.tsx": {"path":"C:\\Users\\qrobl\\OneDrive - Fundación Universitaria San Pablo CEU\\Escritorio\\TELECOCO\\APLICACIONES WEB\\NightMi\\src\\components\\ErrorDisplay.tsx","statementMap":{"0":{"start":{"line":9,"column":50},"end":{"line":16,"column":1}},"1":{"start":{"line":10,"column":2},"end":{"line":15,"column":4}}},"fnMap":{"0":{"name":"(anonymous_0)","decl":{"start":{"line":9,"column":50},"end":{"line":9,"column":51}},"loc":{"start":{"line":9,"column":67},"end":{"line":16,"column":1}},"line":9}},"branchMap":{},"s":{"0":3,"1":9},"f":{"0":9},"b":{},"_coverageSchema":"1a1c01bbd47fc00a2c39e90264f33305004495a9","hash":"778d547bd20e7c87aaa22cc85882a9cf669f149e"}
,"C:\\Users\\qrobl\\OneDrive - Fundación Universitaria San Pablo CEU\\Escritorio\\TELECOCO\\APLICACIONES WEB\\NightMi\\src\\components\\EventCard.tsx": {"path":"C:\\Users\\qrobl\\OneDrive - Fundación Universitaria San Pablo CEU\\Escritorio\\TELECOCO\\APLICACIONES WEB\\NightMi\\src\\components\\EventCard.tsx","statementMap":{"0":{"start":{"line":21,"column":44},"end":{"line":56,"column":1}},"1":{"start":{"line":22,"column":2},"end":{"line":55,"column":4}},"2":{"start":{"line":58,"column":15},"end":{"line":112,"column":2}}},"fnMap":{"0":{"name":"(anonymous_0)","decl":{"start":{"line":21,"column":44},"end":{"line":21,"column":45}},"loc":{"start":{"line":21,"column":82},"end":{"line":56,"column":1}},"line":21}},"branchMap":{"0":{"loc":{"start":{"line":24,"column":7},"end":{"line":30,"column":7}},"type":"binary-expr","locations":[{"start":{"line":24,"column":7},"end":{"line":24,"column":18}},{"start":{"line":25,"column":8},"end":{"line":29,"column":10}}],"line":24},"1":{"loc":{"start":{"line":32,"column":35},"end":{"line":32,"column":64}},"type":"binary-expr","locations":[{"start":{"line":32,"column":35},"end":{"line":32,"column":45}},{"start":{"line":32,"column":49},"end":{"line":32,"column":64}}],"line":32},"2":{"loc":{"start":{"line":35,"column":9},"end":{"line":39,"column":9}},"type":"binary-expr","locations":[{"start":{"line":35,"column":9},"end":{"line":35,"column":26}},{"start":{"line":36,"column":10},"end":{"line":38,"column":17}}],"line":35},"3":{"loc":{"start":{"line":40,"column":9},"end":{"line":42,"column":9}},"type":"binary-expr","locations":[{"start":{"line":40,"column":9},"end":{"line":40,"column":29}},{"start":{"line":41,"column":10},"end":{"line":41,"column":77}}],"line":40}},"s":{"0":2,"1":2,"2":2},"f":{"0":2},"b":{"0":[2,2],"1":[2,0],"2":[2,2],"3":[2,2]},"_coverageSchema":"1a1c01bbd47fc00a2c39e90264f33305004495a9","hash":"421bf957f04800383bbb743195bc50e7065a7fcb"}
,"C:\\Users\\qrobl\\OneDrive - Fundación Universitaria San Pablo CEU\\Escritorio\\TELECOCO\\APLICACIONES WEB\\NightMi\\src\\components\\EventsList.tsx": {"path":"C:\\Users\\qrobl\\OneDrive - Fundación Universitaria San Pablo CEU\\Escritorio\\TELECOCO\\APLICACIONES WEB\\NightMi\\src\\components\\EventsList.tsx","statementMap":{"0":{"start":{"line":22,"column":46},"end":{"line":51,"column":1}},"1":{"start":{"line":23,"column":2},"end":{"line":50,"column":4}},"2":{"start":{"line":26,"column":8},"end":{"line":47,"column":15}},"3":{"start":{"line":53,"column":15},"end":{"line":96,"column":2}}},"fnMap":{"0":{"name":"(anonymous_0)","decl":{"start":{"line":22,"column":46},"end":{"line":22,"column":47}},"loc":{"start":{"line":22,"column":72},"end":{"line":51,"column":1}},"line":22},"1":{"name":"(anonymous_1)","decl":{"start":{"line":25,"column":18},"end":{"line":25,"column":19}},"loc":{"start":{"line":26,"column":8},"end":{"line":47,"column":15}},"line":26}},"branchMap":{"0":{"loc":{"start":{"line":27,"column":11},"end":{"line":33,"column":11}},"type":"binary-expr","locations":[{"start":{"line":27,"column":11},"end":{"line":27,"column":22}},{"start":{"line":28,"column":12},"end":{"line":32,"column":14}}],"line":27},"1":{"loc":{"start":{"line":35,"column":44},"end":{"line":35,"column":73}},"type":"binary-expr","locations":[{"start":{"line":35,"column":44},"end":{"line":35,"column":54}},{"start":{"line":35,"column":58},"end":{"line":35,"column":73}}],"line":35},"2":{"loc":{"start":{"line":37,"column":13},"end":{"line":41,"column":13}},"type":"binary-expr","locations":[{"start":{"line":37,"column":13},"end":{"line":37,"column":30}},{"start":{"line":38,"column":14},"end":{"line":40,"column":21}}],"line":37},"3":{"loc":{"start":{"line":42,"column":13},"end":{"line":44,"column":13}},"type":"binary-expr","locations":[{"start":{"line":42,"column":13},"end":{"line":42,"column":33}},{"start":{"line":43,"column":14},"end":{"line":43,"column":86}}],"line":42}},"s":{"0":3,"1":1,"2":1,"3":3},"f":{"0":1,"1":1},"b":{"0":[1,1],"1":[1,0],"2":[1,1],"3":[1,1]},"_coverageSchema":"1a1c01bbd47fc00a2c39e90264f33305004495a9","hash":"ae79895122d21e65d13d7bc5d40c02f59fcf192d"}
,"C:\\Users\\qrobl\\OneDrive - Fundación Universitaria San Pablo CEU\\Escritorio\\TELECOCO\\APLICACIONES WEB\\NightMi\\src\\components\\ExpandedTicket.tsx": {"path":"C:\\Users\\qrobl\\OneDrive - Fundación Universitaria San Pablo CEU\\Escritorio\\TELECOCO\\APLICACIONES WEB\\NightMi\\src\\components\\ExpandedTicket.tsx","statementMap":{"0":{"start":{"line":26,"column":54},"end":{"line":59,"column":1}},"1":{"start":{"line":27,"column":20},"end":{"line":27,"column":47}},"2":{"start":{"line":28,"column":23},"end":{"line":28,"column":53}},"3":{"start":{"line":30,"column":2},"end":{"line":58,"column":4}},"4":{"start":{"line":61,"column":77},"end":{"line":69,"column":1}},"5":{"start":{"line":62,"column":2},"end":{"line":68,"column":9}},"6":{"start":{"line":71,"column":15},"end":{"line":131,"column":2}}},"fnMap":{"0":{"name":"(anonymous_0)","decl":{"start":{"line":26,"column":54},"end":{"line":26,"column":55}},"loc":{"start":{"line":26,"column":79},"end":{"line":59,"column":1}},"line":26},"1":{"name":"(anonymous_1)","decl":{"start":{"line":61,"column":77},"end":{"line":61,"column":78}},"loc":{"start":{"line":62,"column":2},"end":{"line":68,"column":9}},"line":62}},"branchMap":{},"s":{"0":2,"1":1,"2":1,"3":1,"4":2,"5":6,"6":2},"f":{"0":1,"1":6},"b":{},"_coverageSchema":"1a1c01bbd47fc00a2c39e90264f33305004495a9","hash":"6fbe3522a6a7ff53b5fc3b3b44ea28bab3a94fdc"}
,"C:\\Users\\qrobl\\OneDrive - Fundación Universitaria San Pablo CEU\\Escritorio\\TELECOCO\\APLICACIONES WEB\\NightMi\\src\\components\\FilterModal.tsx": {"path":"C:\\Users\\qrobl\\OneDrive - Fundación Universitaria San Pablo CEU\\Escritorio\\TELECOCO\\APLICACIONES WEB\\NightMi\\src\\components\\FilterModal.tsx","statementMap":{"0":{"start":{"line":22,"column":55},"end":{"line":148,"column":1}},"1":{"start":{"line":28,"column":32},"end":{"line":28,"column":65}},"2":{"start":{"line":30,"column":22},"end":{"line":32,"column":3}},"3":{"start":{"line":31,"column":4},"end":{"line":31,"column":21}},"4":{"start":{"line":34,"column":2},"end":{"line":147,"column":4}},"5":{"start":{"line":54,"column":18},"end":{"line":54,"column":91}},"6":{"start":{"line":69,"column":18},"end":{"line":69,"column":93}},"7":{"start":{"line":89,"column":18},"end":{"line":89,"column":62}},"8":{"start":{"line":105,"column":18},"end":{"line":105,"column":92}},"9":{"start":{"line":124,"column":18},"end":{"line":124,"column":65}},"10":{"start":{"line":150,"column":78},"end":{"line":155,"column":1}},"11":{"start":{"line":151,"column":2},"end":{"line":154,"column":9}},"12":{"start":{"line":157,"column":15},"end":{"line":235,"column":2}}},"fnMap":{"0":{"name":"(anonymous_0)","decl":{"start":{"line":22,"column":55},"end":{"line":22,"column":56}},"loc":{"start":{"line":27,"column":6},"end":{"line":148,"column":1}},"line":27},"1":{"name":"(anonymous_1)","decl":{"start":{"line":30,"column":22},"end":{"line":30,"column":23}},"loc":{"start":{"line":30,"column":28},"end":{"line":32,"column":3}},"line":30},"2":{"name":"(anonymous_2)","decl":{"start":{"line":53,"column":31},"end":{"line":53,"column":32}},"loc":{"start":{"line":54,"column":18},"end":{"line":54,"column":91}},"line":54},"3":{"name":"(anonymous_3)","decl":{"start":{"line":68,"column":31},"end":{"line":68,"column":32}},"loc":{"start":{"line":69,"column":18},"end":{"line":69,"column":93}},"line":69},"4":{"name":"(anonymous_4)","decl":{"start":{"line":88,"column":31},"end":{"line":88,"column":32}},"loc":{"start":{"line":89,"column":18},"end":{"line":89,"column":62}},"line":89},"5":{"name":"(anonymous_5)","decl":{"start":{"line":104,"column":31},"end":{"line":104,"column":32}},"loc":{"start":{"line":105,"column":18},"end":{"line":105,"column":92}},"line":105},"6":{"name":"(anonymous_6)","decl":{"start":{"line":123,"column":31},"end":{"line":123,"column":32}},"loc":{"start":{"line":124,"column":18},"end":{"line":124,"column":65}},"line":124},"7":{"name":"(anonymous_7)","decl":{"start":{"line":150,"column":78},"end":{"line":150,"column":79}},"loc":{"start":{"line":151,"column":2},"end":{"line":154,"column":9}},"line":151}},"branchMap":{"0":{"loc":{"start":{"line":52,"column":31},"end":{"line":52,"column":53}},"type":"binary-expr","locations":[{"start":{"line":52,"column":31},"end":{"line":52,"column":47}},{"start":{"line":52,"column":51},"end":{"line":52,"column":53}}],"line":52},"1":{"loc":{"start":{"line":54,"column":53},"end":{"line":54,"column":88}},"type":"cond-expr","locations":[{"start":{"line":54,"column":72},"end":{"line":54,"column":76}},{"start":{"line":54,"column":79},"end":{"line":54,"column":88}}],"line":54},"2":{"loc":{"start":{"line":67,"column":31},"end":{"line":67,"column":55}},"type":"binary-expr","locations":[{"start":{"line":67,"column":31},"end":{"line":67,"column":49}},{"start":{"line":67,"column":53},"end":{"line":67,"column":55}}],"line":67},"3":{"loc":{"start":{"line":69,"column":55},"end":{"line":69,"column":90}},"type":"cond-expr","locations":[{"start":{"line":69,"column":74},"end":{"line":69,"column":78}},{"start":{"line":69,"column":81},"end":{"line":69,"column":90}}],"line":69},"4":{"loc":{"start":{"line":103,"column":31},"end":{"line":103,"column":54}},"type":"binary-expr","locations":[{"start":{"line":103,"column":31},"end":{"line":103,"column":48}},{"start":{"line":103,"column":52},"end":{"line":103,"column":54}}],"line":103},"5":{"loc":{"start":{"line":105,"column":54},"end":{"line":105,"column":89}},"type":"cond-expr","locations":[{"start":{"line":105,"column":73},"end":{"line":105,"column":77}},{"start":{"line":105,"column":80},"end":{"line":105,"column":89}}],"line":105}},"s":{"0":2,"1":1,"2":1,"3":0,"4":1,"5":0,"6":0,"7":0,"8":0,"9":0,"10":2,"11":5,"12":2},"f":{"0":1,"1":0,"2":0,"3":0,"4":0,"5":0,"6":0,"7":5},"b":{"0":[1,1],"1":[0,0],"2":[1,1],"3":[0,0],"4":[1,1],"5":[0,0]},"_coverageSchema":"1a1c01bbd47fc00a2c39e90264f33305004495a9","hash":"43d274e5fff0c53dddda474d45226cc31e1a2713"}
,"C:\\Users\\qrobl\\OneDrive - Fundación Universitaria San Pablo CEU\\Escritorio\\TELECOCO\\APLICACIONES WEB\\NightMi\\src\\components\\HomeOwnerScreen.tsx": {"path":"C:\\Users\\qrobl\\OneDrive - Fundación Universitaria San Pablo CEU\\Escritorio\\TELECOCO\\APLICACIONES WEB\\NightMi\\src\\components\\HomeOwnerScreen.tsx","statementMap":{"0":{"start":{"line":20,"column":28},"end":{"line":20,"column":52}},"1":{"start":{"line":68,"column":30},"end":{"line":322,"column":3}},"2":{"start":{"line":69,"column":28},"end":{"line":69,"column":55}},"3":{"start":{"line":70,"column":32},"end":{"line":70,"column":53}},"4":{"start":{"line":71,"column":34},"end":{"line":71,"column":56}},"5":{"start":{"line":72,"column":34},"end":{"line":72,"column":48}},"6":{"start":{"line":73,"column":40},"end":{"line":73,"column":55}},"7":{"start":{"line":74,"column":30},"end":{"line":74,"column":59}},"8":{"start":{"line":75,"column":36},"end":{"line":75,"column":51}},"9":{"start":{"line":77,"column":23},"end":{"line":77,"column":57}},"10":{"start":{"line":78,"column":29},"end":{"line":78,"column":42}},"11":{"start":{"line":79,"column":25},"end":{"line":79,"column":40}},"12":{"start":{"line":82,"column":35},"end":{"line":98,"column":5}},"13":{"start":{"line":83,"column":6},"end":{"line":97,"column":7}},"14":{"start":{"line":84,"column":42},"end":{"line":84,"column":71}},"15":{"start":{"line":86,"column":8},"end":{"line":88,"column":9}},"16":{"start":{"line":87,"column":10},"end":{"line":87,"column":81}},"17":{"start":{"line":90,"column":8},"end":{"line":92,"column":9}},"18":{"start":{"line":91,"column":10},"end":{"line":91,"column":57}},"19":{"start":{"line":93,"column":8},"end":{"line":93,"column":26}},"20":{"start":{"line":94,"column":8},"end":{"line":94,"column":23}},"21":{"start":{"line":96,"column":8},"end":{"line":96,"column":22}},"22":{"start":{"line":101,"column":26},"end":{"line":136,"column":5}},"23":{"start":{"line":102,"column":6},"end":{"line":135,"column":7}},"24":{"start":{"line":103,"column":8},"end":{"line":103,"column":25}},"25":{"start":{"line":104,"column":8},"end":{"line":104,"column":23}},"26":{"start":{"line":105,"column":20},"end":{"line":105,"column":50}},"27":{"start":{"line":107,"column":53},"end":{"line":111,"column":19}},"28":{"start":{"line":113,"column":8},"end":{"line":113,"column":68}},"29":{"start":{"line":113,"column":23},"end":{"line":113,"column":68}},"30":{"start":{"line":114,"column":8},"end":{"line":114,"column":26}},"31":{"start":{"line":116,"column":59},"end":{"line":121,"column":19}},"32":{"start":{"line":123,"column":8},"end":{"line":123,"column":69}},"33":{"start":{"line":123,"column":26},"end":{"line":123,"column":69}},"34":{"start":{"line":124,"column":8},"end":{"line":124,"column":38}},"35":{"start":{"line":127,"column":8},"end":{"line":131,"column":9}},"36":{"start":{"line":128,"column":10},"end":{"line":128,"column":32}},"37":{"start":{"line":130,"column":10},"end":{"line":130,"column":48}},"38":{"start":{"line":133,"column":8},"end":{"line":133,"column":26}},"39":{"start":{"line":134,"column":8},"end":{"line":134,"column":29}},"40":{"start":{"line":138,"column":30},"end":{"line":195,"column":5}},"41":{"start":{"line":140,"column":31},"end":{"line":140,"column":86}},"42":{"start":{"line":142,"column":6},"end":{"line":145,"column":7}},"43":{"start":{"line":143,"column":8},"end":{"line":143,"column":108}},"44":{"start":{"line":144,"column":8},"end":{"line":144,"column":15}},"45":{"start":{"line":147,"column":21},"end":{"line":152,"column":8}},"46":{"start":{"line":154,"column":6},"end":{"line":194,"column":7}},"47":{"start":{"line":155,"column":8},"end":{"line":193,"column":9}},"48":{"start":{"line":156,"column":10},"end":{"line":156,"column":27}},"49":{"start":{"line":157,"column":22},"end":{"line":157,"column":95}},"50":{"start":{"line":158,"column":27},"end":{"line":158,"column":61}},"51":{"start":{"line":159,"column":27},"end":{"line":159,"column":40}},"52":{"start":{"line":161,"column":27},"end":{"line":161,"column":41}},"53":{"start":{"line":162,"column":10},"end":{"line":166,"column":20}},"54":{"start":{"line":168,"column":41},"end":{"line":170,"column":39}},"55":{"start":{"line":172,"column":10},"end":{"line":172,"column":45}},"56":{"start":{"line":172,"column":27},"end":{"line":172,"column":45}},"57":{"start":{"line":174,"column":42},"end":{"line":176,"column":35}},"58":{"start":{"line":177,"column":11},"end":{"line":177,"column":28}},"59":{"start":{"line":178,"column":41},"end":{"line":181,"column":33}},"60":{"start":{"line":184,"column":10},"end":{"line":184,"column":45}},"61":{"start":{"line":184,"column":27},"end":{"line":184,"column":45}},"62":{"start":{"line":186,"column":10},"end":{"line":186,"column":71}},"63":{"start":{"line":186,"column":26},"end":{"line":186,"column":69}},"64":{"start":{"line":187,"column":10},"end":{"line":187,"column":73}},"65":{"start":{"line":189,"column":10},"end":{"line":189,"column":57}},"66":{"start":{"line":190,"column":10},"end":{"line":190,"column":76}},"67":{"start":{"line":192,"column":10},"end":{"line":192,"column":28}},"68":{"start":{"line":196,"column":21},"end":{"line":219,"column":7}},"69":{"start":{"line":197,"column":4},"end":{"line":217,"column":9}},"70":{"start":{"line":198,"column":30},"end":{"line":207,"column":30}},"71":{"start":{"line":208,"column":8},"end":{"line":210,"column":11}},"72":{"start":{"line":209,"column":12},"end":{"line":209,"column":24}},"73":{"start":{"line":212,"column":10},"end":{"line":212,"column":71}},"74":{"start":{"line":213,"column":10},"end":{"line":213,"column":25}},"75":{"start":{"line":215,"column":10},"end":{"line":215,"column":65}},"76":{"start":{"line":216,"column":10},"end":{"line":216,"column":31}},"77":{"start":{"line":223,"column":4},"end":{"line":225,"column":17}},"78":{"start":{"line":224,"column":6},"end":{"line":224,"column":22}},"79":{"start":{"line":227,"column":26},"end":{"line":230,"column":5}},"80":{"start":{"line":228,"column":6},"end":{"line":228,"column":26}},"81":{"start":{"line":229,"column":6},"end":{"line":229,"column":22}},"82":{"start":{"line":233,"column":4},"end":{"line":235,"column":5}},"83":{"start":{"line":234,"column":6},"end":{"line":234,"column":46}},"84":{"start":{"line":237,"column":4},"end":{"line":239,"column":5}},"85":{"start":{"line":238,"column":6},"end":{"line":238,"column":55}},"86":{"start":{"line":241,"column":4},"end":{"line":321,"column":6}},"87":{"start":{"line":263,"column":45},"end":{"line":263,"column":64}},"88":{"start":{"line":277,"column":4},"end":{"line":277,"column":67}},"89":{"start":{"line":277,"column":35},"end":{"line":277,"column":65}},"90":{"start":{"line":278,"column":10},"end":{"line":278,"column":24}},"91":{"start":{"line":291,"column":49},"end":{"line":291,"column":122}},"92":{"start":{"line":308,"column":49},"end":{"line":308,"column":121}},"93":{"start":{"line":324,"column":17},"end":{"line":429,"column":4}}},"fnMap":{"0":{"name":"(anonymous_0)","decl":{"start":{"line":68,"column":30},"end":{"line":68,"column":31}},"loc":{"start":{"line":68,"column":36},"end":{"line":322,"column":3}},"line":68},"1":{"name":"(anonymous_1)","decl":{"start":{"line":82,"column":35},"end":{"line":82,"column":36}},"loc":{"start":{"line":82,"column":47},"end":{"line":98,"column":5}},"line":82},"2":{"name":"(anonymous_2)","decl":{"start":{"line":101,"column":26},"end":{"line":101,"column":27}},"loc":{"start":{"line":101,"column":38},"end":{"line":136,"column":5}},"line":101},"3":{"name":"(anonymous_3)","decl":{"start":{"line":138,"column":30},"end":{"line":138,"column":31}},"loc":{"start":{"line":138,"column":42},"end":{"line":195,"column":5}},"line":138},"4":{"name":"(anonymous_4)","decl":{"start":{"line":186,"column":18},"end":{"line":186,"column":19}},"loc":{"start":{"line":186,"column":26},"end":{"line":186,"column":69}},"line":186},"5":{"name":"(anonymous_5)","decl":{"start":{"line":196,"column":21},"end":{"line":196,"column":22}},"loc":{"start":{"line":196,"column":33},"end":{"line":219,"column":7}},"line":196},"6":{"name":"(anonymous_6)","decl":{"start":{"line":223,"column":14},"end":{"line":223,"column":15}},"loc":{"start":{"line":223,"column":20},"end":{"line":225,"column":5}},"line":223},"7":{"name":"(anonymous_7)","decl":{"start":{"line":227,"column":26},"end":{"line":227,"column":27}},"loc":{"start":{"line":227,"column":32},"end":{"line":230,"column":5}},"line":227},"8":{"name":"(anonymous_8)","decl":{"start":{"line":263,"column":39},"end":{"line":263,"column":40}},"loc":{"start":{"line":263,"column":45},"end":{"line":263,"column":64}},"line":263},"9":{"name":"(anonymous_9)","decl":{"start":{"line":276,"column":46},"end":{"line":276,"column":47}},"loc":{"start":{"line":276,"column":52},"end":{"line":278,"column":3}},"line":276},"10":{"name":"(anonymous_10)","decl":{"start":{"line":277,"column":24},"end":{"line":277,"column":25}},"loc":{"start":{"line":277,"column":35},"end":{"line":277,"column":65}},"line":277},"11":{"name":"(anonymous_11)","decl":{"start":{"line":278,"column":6},"end":{"line":278,"column":7}},"loc":{"start":{"line":278,"column":10},"end":{"line":278,"column":24}},"line":278},"12":{"name":"(anonymous_12)","decl":{"start":{"line":291,"column":43},"end":{"line":291,"column":44}},"loc":{"start":{"line":291,"column":49},"end":{"line":291,"column":122}},"line":291},"13":{"name":"(anonymous_13)","decl":{"start":{"line":308,"column":43},"end":{"line":308,"column":44}},"loc":{"start":{"line":308,"column":49},"end":{"line":308,"column":121}},"line":308}},"branchMap":{"0":{"loc":{"start":{"line":86,"column":8},"end":{"line":88,"column":9}},"type":"if","locations":[{"start":{"line":86,"column":8},"end":{"line":88,"column":9}},{"start":{},"end":{}}],"line":86},"1":{"loc":{"start":{"line":90,"column":8},"end":{"line":92,"column":9}},"type":"if","locations":[{"start":{"line":90,"column":8},"end":{"line":92,"column":9}},{"start":{},"end":{}}],"line":90},"2":{"loc":{"start":{"line":113,"column":8},"end":{"line":113,"column":68}},"type":"if","locations":[{"start":{"line":113,"column":8},"end":{"line":113,"column":68}},{"start":{},"end":{}}],"line":113},"3":{"loc":{"start":{"line":123,"column":8},"end":{"line":123,"column":69}},"type":"if","locations":[{"start":{"line":123,"column":8},"end":{"line":123,"column":69}},{"start":{},"end":{}}],"line":123},"4":{"loc":{"start":{"line":124,"column":19},"end":{"line":124,"column":36}},"type":"binary-expr","locations":[{"start":{"line":124,"column":19},"end":{"line":124,"column":30}},{"start":{"line":124,"column":34},"end":{"line":124,"column":36}}],"line":124},"5":{"loc":{"start":{"line":127,"column":8},"end":{"line":131,"column":9}},"type":"if","locations":[{"start":{"line":127,"column":8},"end":{"line":131,"column":9}},{"start":{"line":129,"column":15},"end":{"line":131,"column":9}}],"line":127},"6":{"loc":{"start":{"line":142,"column":6},"end":{"line":145,"column":7}},"type":"if","locations":[{"start":{"line":142,"column":6},"end":{"line":145,"column":7}},{"start":{},"end":{}}],"line":142},"7":{"loc":{"start":{"line":154,"column":6},"end":{"line":194,"column":7}},"type":"if","locations":[{"start":{"line":154,"column":6},"end":{"line":194,"column":7}},{"start":{},"end":{}}],"line":154},"8":{"loc":{"start":{"line":154,"column":10},"end":{"line":154,"column":50}},"type":"binary-expr","locations":[{"start":{"line":154,"column":10},"end":{"line":154,"column":26}},{"start":{"line":154,"column":30},"end":{"line":154,"column":50}}],"line":154},"9":{"loc":{"start":{"line":172,"column":10},"end":{"line":172,"column":45}},"type":"if","locations":[{"start":{"line":172,"column":10},"end":{"line":172,"column":45}},{"start":{},"end":{}}],"line":172},"10":{"loc":{"start":{"line":184,"column":10},"end":{"line":184,"column":45}},"type":"if","locations":[{"start":{"line":184,"column":10},"end":{"line":184,"column":45}},{"start":{},"end":{}}],"line":184},"11":{"loc":{"start":{"line":186,"column":26},"end":{"line":186,"column":69}},"type":"cond-expr","locations":[{"start":{"line":186,"column":33},"end":{"line":186,"column":62}},{"start":{"line":186,"column":65},"end":{"line":186,"column":69}}],"line":186},"12":{"loc":{"start":{"line":208,"column":8},"end":{"line":210,"column":11}},"type":"if","locations":[{"start":{"line":208,"column":8},"end":{"line":210,"column":11}},{"start":{},"end":{}}],"line":208},"13":{"loc":{"start":{"line":233,"column":4},"end":{"line":235,"column":5}},"type":"if","locations":[{"start":{"line":233,"column":4},"end":{"line":235,"column":5}},{"start":{},"end":{}}],"line":233},"14":{"loc":{"start":{"line":237,"column":4},"end":{"line":239,"column":5}},"type":"if","locations":[{"start":{"line":237,"column":4},"end":{"line":239,"column":5}},{"start":{},"end":{}}],"line":237},"15":{"loc":{"start":{"line":253,"column":40},"end":{"line":253,"column":105}},"type":"binary-expr","locations":[{"start":{"line":253,"column":40},"end":{"line":253,"column":50}},{"start":{"line":253,"column":54},"end":{"line":253,"column":105}}],"line":253},"16":{"loc":{"start":{"line":270,"column":49},"end":{"line":270,"column":77}},"type":"binary-expr","locations":[{"start":{"line":270,"column":49},"end":{"line":270,"column":62}},{"start":{"line":270,"column":66},"end":{"line":270,"column":77}}],"line":270},"17":{"loc":{"start":{"line":276,"column":39},"end":{"line":278,"column":25}},"type":"cond-expr","locations":[{"start":{"line":276,"column":46},"end":{"line":278,"column":3}},{"start":{"line":278,"column":6},"end":{"line":278,"column":24}}],"line":276},"18":{"loc":{"start":{"line":280,"column":35},"end":{"line":280,"column":57}},"type":"cond-expr","locations":[{"start":{"line":280,"column":42},"end":{"line":280,"column":48}},{"start":{"line":280,"column":51},"end":{"line":280,"column":57}}],"line":280},"19":{"loc":{"start":{"line":282,"column":7},"end":{"line":286,"column":7}},"type":"cond-expr","locations":[{"start":{"line":283,"column":8},"end":{"line":283,"column":49}},{"start":{"line":285,"column":8},"end":{"line":285,"column":35}}],"line":282},"20":{"loc":{"start":{"line":295,"column":15},"end":{"line":303,"column":15}},"type":"cond-expr","locations":[{"start":{"line":296,"column":16},"end":{"line":300,"column":18}},{"start":{"line":302,"column":16},"end":{"line":302,"column":75}}],"line":295},"21":{"loc":{"start":{"line":312,"column":15},"end":{"line":316,"column":15}},"type":"cond-expr","locations":[{"start":{"line":313,"column":16},"end":{"line":313,"column":61}},{"start":{"line":315,"column":16},"end":{"line":315,"column":72}}],"line":312}},"s":{"0":2,"1":2,"2":29,"3":29,"4":29,"5":29,"6":29,"7":29,"8":29,"9":29,"10":29,"11":29,"12":29,"13":6,"14":6,"15":6,"16":0,"17":6,"18":0,"19":6,"20":6,"21":0,"22":29,"23":6,"24":6,"25":6,"26":6,"27":6,"28":6,"29":2,"30":4,"31":4,"32":4,"33":0,"34":4,"35":2,"36":2,"37":0,"38":6,"39":6,"40":29,"41":2,"42":2,"43":0,"44":0,"45":2,"46":2,"47":2,"48":2,"49":2,"50":2,"51":2,"52":2,"53":2,"54":2,"55":1,"56":0,"57":1,"58":1,"59":0,"60":0,"61":0,"62":0,"63":0,"64":0,"65":2,"66":2,"67":2,"68":29,"69":0,"70":0,"71":0,"72":0,"73":0,"74":0,"75":0,"76":0,"77":29,"78":6,"79":29,"80":0,"81":0,"82":29,"83":2,"84":27,"85":9,"86":18,"87":0,"88":0,"89":0,"90":0,"91":0,"92":0,"93":2},"f":{"0":29,"1":6,"2":6,"3":2,"4":0,"5":0,"6":6,"7":0,"8":0,"9":0,"10":0,"11":0,"12":0,"13":0},"b":{"0":[0,6],"1":[0,6],"2":[2,4],"3":[0,4],"4":[4,4],"5":[2,0],"6":[0,2],"7":[2,0],"8":[2,2],"9":[0,1],"10":[0,0],"11":[0,0],"12":[0,0],"13":[2,27],"14":[9,18],"15":[18,0],"16":[18,0],"17":[0,18],"18":[0,18],"19":[0,18],"20":[0,18],"21":[0,18]},"_coverageSchema":"1a1c01bbd47fc00a2c39e90264f33305004495a9","hash":"b3acb77b4f6251f2cf212b72266fd7b4bb324f2e"}
,"C:\\Users\\qrobl\\OneDrive - Fundación Universitaria San Pablo CEU\\Escritorio\\TELECOCO\\APLICACIONES WEB\\NightMi\\src\\components\\LoadingSpinner.tsx": {"path":"C:\\Users\\qrobl\\OneDrive - Fundación Universitaria San Pablo CEU\\Escritorio\\TELECOCO\\APLICACIONES WEB\\NightMi\\src\\components\\LoadingSpinner.tsx","statementMap":{"0":{"start":{"line":4,"column":33},"end":{"line":10,"column":1}},"1":{"start":{"line":5,"column":2},"end":{"line":9,"column":4}}},"fnMap":{"0":{"name":"(anonymous_0)","decl":{"start":{"line":4,"column":33},"end":{"line":4,"column":34}},"loc":{"start":{"line":4,"column":39},"end":{"line":10,"column":1}},"line":4}},"branchMap":{},"s":{"0":2,"1":1},"f":{"0":1},"b":{},"_coverageSchema":"1a1c01bbd47fc00a2c39e90264f33305004495a9","hash":"8a68771c2c058d04fed39e3e0d2aba860b32b212"}
,"C:\\Users\\qrobl\\OneDrive - Fundación Universitaria San Pablo CEU\\Escritorio\\TELECOCO\\APLICACIONES WEB\\NightMi\\src\\components\\ModifyEvent.tsx": {"path":"C:\\Users\\qrobl\\OneDrive - Fundación Universitaria San Pablo CEU\\Escritorio\\TELECOCO\\APLICACIONES WEB\\NightMi\\src\\components\\ModifyEvent.tsx","statementMap":{"0":{"start":{"line":21,"column":26},"end":{"line":21,"column":45}},"1":{"start":{"line":22,"column":26},"end":{"line":22,"column":45}},"2":{"start":{"line":23,"column":28},"end":{"line":23,"column":59}},"3":{"start":{"line":24,"column":40},"end":{"line":24,"column":66}},"4":{"start":{"line":25,"column":28},"end":{"line":25,"column":48}},"5":{"start":{"line":27,"column":28},"end":{"line":76,"column":5}},"6":{"start":{"line":29,"column":31},"end":{"line":29,"column":86}},"7":{"start":{"line":31,"column":6},"end":{"line":34,"column":7}},"8":{"start":{"line":32,"column":8},"end":{"line":32,"column":108}},"9":{"start":{"line":33,"column":8},"end":{"line":33,"column":15}},"10":{"start":{"line":36,"column":21},"end":{"line":41,"column":8}},"11":{"start":{"line":43,"column":6},"end":{"line":75,"column":7}},"12":{"start":{"line":44,"column":8},"end":{"line":74,"column":9}},"13":{"start":{"line":46,"column":22},"end":{"line":46,"column":95}},"14":{"start":{"line":47,"column":27},"end":{"line":47,"column":59}},"15":{"start":{"line":48,"column":27},"end":{"line":48,"column":40}},"16":{"start":{"line":50,"column":27},"end":{"line":50,"column":41}},"17":{"start":{"line":51,"column":10},"end":{"line":55,"column":20}},"18":{"start":{"line":57,"column":41},"end":{"line":59,"column":39}},"19":{"start":{"line":61,"column":10},"end":{"line":61,"column":45}},"20":{"start":{"line":61,"column":27},"end":{"line":61,"column":45}},"21":{"start":{"line":63,"column":42},"end":{"line":65,"column":35}},"22":{"start":{"line":67,"column":11},"end":{"line":67,"column":30}},"23":{"start":{"line":68,"column":10},"end":{"line":68,"column":71}},"24":{"start":{"line":70,"column":10},"end":{"line":70,"column":57}},"25":{"start":{"line":71,"column":10},"end":{"line":71,"column":76}},"26":{"start":{"line":78,"column":20},"end":{"line":89,"column":5}},"27":{"start":{"line":79,"column":21},"end":{"line":84,"column":8}},"28":{"start":{"line":86,"column":6},"end":{"line":88,"column":7}},"29":{"start":{"line":87,"column":8},"end":{"line":87,"column":38}},"30":{"start":{"line":91,"column":23},"end":{"line":110,"column":3}},"31":{"start":{"line":92,"column":4},"end":{"line":108,"column":5}},"32":{"start":{"line":93,"column":35},"end":{"line":99,"column":32}},"33":{"start":{"line":101,"column":6},"end":{"line":101,"column":63}},"34":{"start":{"line":101,"column":22},"end":{"line":101,"column":63}},"35":{"start":{"line":104,"column":6},"end":{"line":104,"column":26}},"36":{"start":{"line":106,"column":6},"end":{"line":106,"column":41}},"37":{"start":{"line":107,"column":6},"end":{"line":107,"column":15}},"38":{"start":{"line":114,"column":2},"end":{"line":167,"column":5}},"39":{"start":{"line":170,"column":15},"end":{"line":239,"column":2}}},"fnMap":{"0":{"name":"ModifyEventModal","decl":{"start":{"line":20,"column":9},"end":{"line":20,"column":25}},"loc":{"start":{"line":20,"column":136},"end":{"line":168,"column":1}},"line":20},"1":{"name":"(anonymous_1)","decl":{"start":{"line":27,"column":28},"end":{"line":27,"column":29}},"loc":{"start":{"line":27,"column":40},"end":{"line":76,"column":5}},"line":27},"2":{"name":"(anonymous_2)","decl":{"start":{"line":78,"column":20},"end":{"line":78,"column":21}},"loc":{"start":{"line":78,"column":32},"end":{"line":89,"column":5}},"line":78},"3":{"name":"(anonymous_3)","decl":{"start":{"line":91,"column":23},"end":{"line":91,"column":24}},"loc":{"start":{"line":91,"column":35},"end":{"line":110,"column":3}},"line":91}},"branchMap":{"0":{"loc":{"start":{"line":31,"column":6},"end":{"line":34,"column":7}},"type":"if","locations":[{"start":{"line":31,"column":6},"end":{"line":34,"column":7}},{"start":{},"end":{}}],"line":31},"1":{"loc":{"start":{"line":43,"column":6},"end":{"line":75,"column":7}},"type":"if","locations":[{"start":{"line":43,"column":6},"end":{"line":75,"column":7}},{"start":{},"end":{}}],"line":43},"2":{"loc":{"start":{"line":43,"column":10},"end":{"line":43,"column":50}},"type":"binary-expr","locations":[{"start":{"line":43,"column":10},"end":{"line":43,"column":26}},{"start":{"line":43,"column":30},"end":{"line":43,"column":50}}],"line":43},"3":{"loc":{"start":{"line":61,"column":10},"end":{"line":61,"column":45}},"type":"if","locations":[{"start":{"line":61,"column":10},"end":{"line":61,"column":45}},{"start":{},"end":{}}],"line":61},"4":{"loc":{"start":{"line":86,"column":6},"end":{"line":88,"column":7}},"type":"if","locations":[{"start":{"line":86,"column":6},"end":{"line":88,"column":7}},{"start":{},"end":{}}],"line":86},"5":{"loc":{"start":{"line":101,"column":6},"end":{"line":101,"column":63}},"type":"if","locations":[{"start":{"line":101,"column":6},"end":{"line":101,"column":63}},{"start":{},"end":{}}],"line":101},"6":{"loc":{"start":{"line":145,"column":21},"end":{"line":145,"column":38}},"type":"binary-expr","locations":[{"start":{"line":145,"column":21},"end":{"line":145,"column":32}},{"start":{"line":145,"column":36},"end":{"line":145,"column":38}}],"line":145},"7":{"loc":{"start":{"line":151,"column":52},"end":{"line":151,"column":88}},"type":"cond-expr","locations":[{"start":{"line":151,"column":60},"end":{"line":151,"column":74}},{"start":{"line":151,"column":77},"end":{"line":151,"column":88}}],"line":151},"8":{"loc":{"start":{"line":154,"column":13},"end":{"line":154,"column":83}},"type":"binary-expr","locations":[{"start":{"line":154,"column":13},"end":{"line":154,"column":18}},{"start":{"line":154,"column":22},"end":{"line":154,"column":83}}],"line":154}},"s":{"0":0,"1":0,"2":0,"3":0,"4":0,"5":0,"6":0,"7":0,"8":0,"9":0,"10":0,"11":0,"12":0,"13":0,"14":0,"15":0,"16":0,"17":0,"18":0,"19":0,"20":0,"21":0,"22":0,"23":0,"24":0,"25":0,"26":0,"27":0,"28":0,"29":0,"30":0,"31":0,"32":0,"33":0,"34":0,"35":0,"36":0,"37":0,"38":0,"39":2},"f":{"0":0,"1":0,"2":0,"3":0},"b":{"0":[0,0],"1":[0,0],"2":[0,0],"3":[0,0],"4":[0,0],"5":[0,0],"6":[0,0],"7":[0,0],"8":[0,0]},"_coverageSchema":"1a1c01bbd47fc00a2c39e90264f33305004495a9","hash":"4731f45b0047b4d4826bf1f1a47a31f442d2da63"}
,"C:\\Users\\qrobl\\OneDrive - Fundación Universitaria San Pablo CEU\\Escritorio\\TELECOCO\\APLICACIONES WEB\\NightMi\\src\\components\\ModifyEventButton.tsx": {"path":"C:\\Users\\qrobl\\OneDrive - Fundación Universitaria San Pablo CEU\\Escritorio\\TELECOCO\\APLICACIONES WEB\\NightMi\\src\\components\\ModifyEventButton.tsx","statementMap":{"0":{"start":{"line":26,"column":36},"end":{"line":60,"column":1}},"1":{"start":{"line":34,"column":23},"end":{"line":34,"column":100}},"2":{"start":{"line":36,"column":24},"end":{"line":46,"column":5}},"3":{"start":{"line":37,"column":8},"end":{"line":45,"column":11}},"4":{"start":{"line":48,"column":4},"end":{"line":59,"column":6}},"5":{"start":{"line":62,"column":15},"end":{"line":76,"column":2}}},"fnMap":{"0":{"name":"(anonymous_0)","decl":{"start":{"line":26,"column":36},"end":{"line":26,"column":37}},"loc":{"start":{"line":33,"column":25},"end":{"line":60,"column":1}},"line":33},"1":{"name":"(anonymous_1)","decl":{"start":{"line":36,"column":24},"end":{"line":36,"column":25}},"loc":{"start":{"line":36,"column":30},"end":{"line":46,"column":5}},"line":36}},"branchMap":{},"s":{"0":1,"1":2,"2":2,"3":1,"4":2,"5":1},"f":{"0":2,"1":1},"b":{},"_coverageSchema":"1a1c01bbd47fc00a2c39e90264f33305004495a9","hash":"777d4e2318f229c8512b32061598f71084fc0f58"}
,"C:\\Users\\qrobl\\OneDrive - Fundación Universitaria San Pablo CEU\\Escritorio\\TELECOCO\\APLICACIONES WEB\\NightMi\\src\\components\\OwnedEventList.tsx": {"path":"C:\\Users\\qrobl\\OneDrive - Fundación Universitaria San Pablo CEU\\Escritorio\\TELECOCO\\APLICACIONES WEB\\NightMi\\src\\components\\OwnedEventList.tsx","statementMap":{"0":{"start":{"line":29,"column":51},"end":{"line":100,"column":1}},"1":{"start":{"line":30,"column":46},"end":{"line":30,"column":61}},"2":{"start":{"line":31,"column":44},"end":{"line":31,"column":72}},"3":{"start":{"line":32,"column":16},"end":{"line":32,"column":26}},"4":{"start":{"line":33,"column":24},"end":{"line":33,"column":52}},"5":{"start":{"line":34,"column":20},"end":{"line":37,"column":3}},"6":{"start":{"line":35,"column":4},"end":{"line":35,"column":28}},"7":{"start":{"line":36,"column":4},"end":{"line":36,"column":28}},"8":{"start":{"line":39,"column":21},"end":{"line":42,"column":3}},"9":{"start":{"line":40,"column":4},"end":{"line":40,"column":29}},"10":{"start":{"line":41,"column":4},"end":{"line":41,"column":27}},"11":{"start":{"line":45,"column":2},"end":{"line":99,"column":4}},"12":{"start":{"line":48,"column":8},"end":{"line":82,"column":15}},"13":{"start":{"line":71,"column":43},"end":{"line":71,"column":59}},"14":{"start":{"line":102,"column":15},"end":{"line":158,"column":2}}},"fnMap":{"0":{"name":"(anonymous_0)","decl":{"start":{"line":29,"column":51},"end":{"line":29,"column":52}},"loc":{"start":{"line":29,"column":77},"end":{"line":100,"column":1}},"line":29},"1":{"name":"(anonymous_1)","decl":{"start":{"line":34,"column":20},"end":{"line":34,"column":21}},"loc":{"start":{"line":34,"column":38},"end":{"line":37,"column":3}},"line":34},"2":{"name":"(anonymous_2)","decl":{"start":{"line":39,"column":21},"end":{"line":39,"column":22}},"loc":{"start":{"line":39,"column":27},"end":{"line":42,"column":3}},"line":39},"3":{"name":"(anonymous_3)","decl":{"start":{"line":47,"column":18},"end":{"line":47,"column":19}},"loc":{"start":{"line":48,"column":8},"end":{"line":82,"column":15}},"line":48},"4":{"name":"(anonymous_4)","decl":{"start":{"line":71,"column":37},"end":{"line":71,"column":38}},"loc":{"start":{"line":71,"column":43},"end":{"line":71,"column":59}},"line":71}},"branchMap":{"0":{"loc":{"start":{"line":49,"column":11},"end":{"line":55,"column":11}},"type":"binary-expr","locations":[{"start":{"line":49,"column":11},"end":{"line":49,"column":22}},{"start":{"line":50,"column":12},"end":{"line":54,"column":14}}],"line":49},"1":{"loc":{"start":{"line":57,"column":44},"end":{"line":57,"column":73}},"type":"binary-expr","locations":[{"start":{"line":57,"column":44},"end":{"line":57,"column":54}},{"start":{"line":57,"column":58},"end":{"line":57,"column":73}}],"line":57},"2":{"loc":{"start":{"line":59,"column":13},"end":{"line":63,"column":13}},"type":"binary-expr","locations":[{"start":{"line":59,"column":13},"end":{"line":59,"column":30}},{"start":{"line":60,"column":14},"end":{"line":62,"column":21}}],"line":59},"3":{"loc":{"start":{"line":64,"column":13},"end":{"line":66,"column":13}},"type":"binary-expr","locations":[{"start":{"line":64,"column":13},"end":{"line":64,"column":33}},{"start":{"line":65,"column":14},"end":{"line":65,"column":86}}],"line":64},"4":{"loc":{"start":{"line":85,"column":7},"end":{"line":97,"column":7}},"type":"binary-expr","locations":[{"start":{"line":85,"column":7},"end":{"line":85,"column":20}},{"start":{"line":86,"column":8},"end":{"line":96,"column":10}}],"line":85},"5":{"loc":{"start":{"line":91,"column":21},"end":{"line":91,"column":58}},"type":"binary-expr","locations":[{"start":{"line":91,"column":21},"end":{"line":91,"column":39}},{"start":{"line":91,"column":43},"end":{"line":91,"column":58}}],"line":91},"6":{"loc":{"start":{"line":93,"column":22},"end":{"line":93,"column":75}},"type":"cond-expr","locations":[{"start":{"line":93,"column":53},"end":{"line":93,"column":72}},{"start":{"line":93,"column":74},"end":{"line":93,"column":75}}],"line":93}},"s":{"0":2,"1":1,"2":1,"3":1,"4":1,"5":1,"6":0,"7":0,"8":1,"9":0,"10":0,"11":1,"12":1,"13":0,"14":2},"f":{"0":1,"1":0,"2":0,"3":1,"4":0},"b":{"0":[1,1],"1":[1,0],"2":[1,1],"3":[1,1],"4":[1,0],"5":[0,0],"6":[0,0]},"_coverageSchema":"1a1c01bbd47fc00a2c39e90264f33305004495a9","hash":"6938fa4f89be43219aebe9c695ea07b2ed3beae3"}
,"C:\\Users\\qrobl\\OneDrive - Fundación Universitaria San Pablo CEU\\Escritorio\\TELECOCO\\APLICACIONES WEB\\NightMi\\src\\components\\ReviewItem.tsx": {"path":"C:\\Users\\qrobl\\OneDrive - Fundación Universitaria San Pablo CEU\\Escritorio\\TELECOCO\\APLICACIONES WEB\\NightMi\\src\\components\\ReviewItem.tsx","statementMap":{"0":{"start":{"line":14,"column":46},"end":{"line":35,"column":1}},"1":{"start":{"line":15,"column":2},"end":{"line":34,"column":4}},"2":{"start":{"line":20,"column":12},"end":{"line":25,"column":14}},"3":{"start":{"line":37,"column":15},"end":{"line":62,"column":2}}},"fnMap":{"0":{"name":"(anonymous_0)","decl":{"start":{"line":14,"column":46},"end":{"line":14,"column":47}},"loc":{"start":{"line":14,"column":62},"end":{"line":35,"column":1}},"line":14},"1":{"name":"(anonymous_1)","decl":{"start":{"line":19,"column":29},"end":{"line":19,"column":30}},"loc":{"start":{"line":20,"column":12},"end":{"line":25,"column":14}},"line":20}},"branchMap":{"0":{"loc":{"start":{"line":22,"column":20},"end":{"line":22,"column":62}},"type":"cond-expr","locations":[{"start":{"line":22,"column":47},"end":{"line":22,"column":53}},{"start":{"line":22,"column":56},"end":{"line":22,"column":62}}],"line":22},"1":{"loc":{"start":{"line":24,"column":21},"end":{"line":24,"column":69}},"type":"cond-expr","locations":[{"start":{"line":24,"column":48},"end":{"line":24,"column":57}},{"start":{"line":24,"column":60},"end":{"line":24,"column":69}}],"line":24},"2":{"loc":{"start":{"line":32,"column":7},"end":{"line":32,"column":74}},"type":"binary-expr","locations":[{"start":{"line":32,"column":7},"end":{"line":32,"column":18}},{"start":{"line":32,"column":22},"end":{"line":32,"column":74}}],"line":32}},"s":{"0":2,"1":1,"2":5,"3":2},"f":{"0":1,"1":5},"b":{"0":[5,0],"1":[5,0],"2":[1,1]},"_coverageSchema":"1a1c01bbd47fc00a2c39e90264f33305004495a9","hash":"8d3b60da02059ab4cb94290b03b05199f3924dfd"}
,"C:\\Users\\qrobl\\OneDrive - Fundación Universitaria San Pablo CEU\\Escritorio\\TELECOCO\\APLICACIONES WEB\\NightMi\\src\\components\\ReviewsList.tsx": {"path":"C:\\Users\\qrobl\\OneDrive - Fundación Universitaria San Pablo CEU\\Escritorio\\TELECOCO\\APLICACIONES WEB\\NightMi\\src\\components\\ReviewsList.tsx","statementMap":{"0":{"start":{"line":20,"column":49},"end":{"line":58,"column":1}},"1":{"start":{"line":21,"column":22},"end":{"line":35,"column":3}},"2":{"start":{"line":22,"column":18},"end":{"line":22,"column":20}},"3":{"start":{"line":23,"column":4},"end":{"line":33,"column":5}},"4":{"start":{"line":23,"column":17},"end":{"line":23,"column":18}},"5":{"start":{"line":24,"column":6},"end":{"line":32,"column":8}},"6":{"start":{"line":34,"column":4},"end":{"line":34,"column":17}},"7":{"start":{"line":37,"column":2},"end":{"line":57,"column":4}},"8":{"start":{"line":60,"column":48},"end":{"line":69,"column":1}},"9":{"start":{"line":61,"column":2},"end":{"line":68,"column":4}},"10":{"start":{"line":64,"column":32},"end":{"line":64,"column":60}},"11":{"start":{"line":65,"column":30},"end":{"line":65,"column":37}},"12":{"start":{"line":71,"column":15},"end":{"line":132,"column":2}}},"fnMap":{"0":{"name":"(anonymous_0)","decl":{"start":{"line":20,"column":49},"end":{"line":20,"column":50}},"loc":{"start":{"line":20,"column":65},"end":{"line":58,"column":1}},"line":20},"1":{"name":"(anonymous_1)","decl":{"start":{"line":21,"column":22},"end":{"line":21,"column":23}},"loc":{"start":{"line":21,"column":28},"end":{"line":35,"column":3}},"line":21},"2":{"name":"(anonymous_2)","decl":{"start":{"line":60,"column":48},"end":{"line":60,"column":49}},"loc":{"start":{"line":60,"column":65},"end":{"line":69,"column":1}},"line":60},"3":{"name":"(anonymous_3)","decl":{"start":{"line":64,"column":18},"end":{"line":64,"column":19}},"loc":{"start":{"line":64,"column":32},"end":{"line":64,"column":60}},"line":64},"4":{"name":"(anonymous_4)","decl":{"start":{"line":65,"column":20},"end":{"line":65,"column":21}},"loc":{"start":{"line":65,"column":30},"end":{"line":65,"column":37}},"line":65}},"branchMap":{"0":{"loc":{"start":{"line":27,"column":16},"end":{"line":27,"column":54}},"type":"cond-expr","locations":[{"start":{"line":27,"column":39},"end":{"line":27,"column":45}},{"start":{"line":27,"column":48},"end":{"line":27,"column":54}}],"line":27},"1":{"loc":{"start":{"line":29,"column":17},"end":{"line":29,"column":61}},"type":"cond-expr","locations":[{"start":{"line":29,"column":40},"end":{"line":29,"column":49}},{"start":{"line":29,"column":52},"end":{"line":29,"column":61}}],"line":29},"2":{"loc":{"start":{"line":47,"column":43},"end":{"line":47,"column":74}},"type":"binary-expr","locations":[{"start":{"line":47,"column":43},"end":{"line":47,"column":59}},{"start":{"line":47,"column":63},"end":{"line":47,"column":74}}],"line":47},"3":{"loc":{"start":{"line":55,"column":39},"end":{"line":55,"column":66}},"type":"binary-expr","locations":[{"start":{"line":55,"column":39},"end":{"line":55,"column":50}},{"start":{"line":55,"column":54},"end":{"line":55,"column":66}}],"line":55}},"s":{"0":3,"1":1,"2":1,"3":1,"4":1,"5":5,"6":1,"7":1,"8":3,"9":1,"10":1,"11":2,"12":3},"f":{"0":1,"1":1,"2":1,"3":1,"4":2},"b":{"0":[5,0],"1":[5,0],"2":[1,0],"3":[1,0]},"_coverageSchema":"1a1c01bbd47fc00a2c39e90264f33305004495a9","hash":"b1b01529eb1911e5dd8b1bf13f14b3e4b08b9c1d"}
,"C:\\Users\\qrobl\\OneDrive - Fundación Universitaria San Pablo CEU\\Escritorio\\TELECOCO\\APLICACIONES WEB\\NightMi\\src\\components\\SearchBar.tsx": {"path":"C:\\Users\\qrobl\\OneDrive - Fundación Universitaria San Pablo CEU\\Escritorio\\TELECOCO\\APLICACIONES WEB\\NightMi\\src\\components\\SearchBar.tsx","statementMap":{"0":{"start":{"line":11,"column":51},"end":{"line":29,"column":1}},"1":{"start":{"line":12,"column":2},"end":{"line":28,"column":4}},"2":{"start":{"line":31,"column":15},"end":{"line":52,"column":2}}},"fnMap":{"0":{"name":"(anonymous_0)","decl":{"start":{"line":11,"column":51},"end":{"line":11,"column":52}},"loc":{"start":{"line":11,"column":89},"end":{"line":29,"column":1}},"line":11}},"branchMap":{"0":{"loc":{"start":{"line":22,"column":7},"end":{"line":26,"column":7}},"type":"binary-expr","locations":[{"start":{"line":22,"column":7},"end":{"line":22,"column":23}},{"start":{"line":23,"column":8},"end":{"line":25,"column":27}}],"line":22}},"s":{"0":2,"1":2,"2":2},"f":{"0":2},"b":{"0":[2,1]},"_coverageSchema":"1a1c01bbd47fc00a2c39e90264f33305004495a9","hash":"348e9d97b4c61a1b8145bbca8178079530aa0ead"}
,"C:\\Users\\qrobl\\OneDrive - Fundación Universitaria San Pablo CEU\\Escritorio\\TELECOCO\\APLICACIONES WEB\\NightMi\\src\\components\\StarRating.tsx": {"path":"C:\\Users\\qrobl\\OneDrive - Fundación Universitaria San Pablo CEU\\Escritorio\\TELECOCO\\APLICACIONES WEB\\NightMi\\src\\components\\StarRating.tsx","statementMap":{"0":{"start":{"line":10,"column":46},"end":{"line":30,"column":1}},"1":{"start":{"line":11,"column":2},"end":{"line":29,"column":4}},"2":{"start":{"line":14,"column":8},"end":{"line":26,"column":27}},"3":{"start":{"line":16,"column":25},"end":{"line":16,"column":45}},"4":{"start":{"line":32,"column":15},"end":{"line":41,"column":2}}},"fnMap":{"0":{"name":"(anonymous_0)","decl":{"start":{"line":10,"column":46},"end":{"line":10,"column":47}},"loc":{"start":{"line":10,"column":78},"end":{"line":30,"column":1}},"line":10},"1":{"name":"(anonymous_1)","decl":{"start":{"line":13,"column":27},"end":{"line":13,"column":28}},"loc":{"start":{"line":14,"column":8},"end":{"line":26,"column":27}},"line":14},"2":{"name":"(anonymous_2)","decl":{"start":{"line":16,"column":19},"end":{"line":16,"column":20}},"loc":{"start":{"line":16,"column":25},"end":{"line":16,"column":45}},"line":16}},"branchMap":{"0":{"loc":{"start":{"line":21,"column":18},"end":{"line":21,"column":50}},"type":"cond-expr","locations":[{"start":{"line":21,"column":35},"end":{"line":21,"column":41}},{"start":{"line":21,"column":44},"end":{"line":21,"column":50}}],"line":21},"1":{"loc":{"start":{"line":23,"column":19},"end":{"line":23,"column":57}},"type":"cond-expr","locations":[{"start":{"line":23,"column":36},"end":{"line":23,"column":45}},{"start":{"line":23,"column":48},"end":{"line":23,"column":57}}],"line":23},"2":{"loc":{"start":{"line":24,"column":20},"end":{"line":24,"column":65}},"type":"cond-expr","locations":[{"start":{"line":24,"column":37},"end":{"line":24,"column":50}},{"start":{"line":24,"column":53},"end":{"line":24,"column":65}}],"line":24}},"s":{"0":1,"1":2,"2":10,"3":1,"4":1},"f":{"0":2,"1":10,"2":1},"b":{"0":[6,4],"1":[6,4],"2":[6,4]},"_coverageSchema":"1a1c01bbd47fc00a2c39e90264f33305004495a9","hash":"07fe484f2d099247afbe6ad7d1aedbfaf189992d"}
,"C:\\Users\\qrobl\\OneDrive - Fundación Universitaria San Pablo CEU\\Escritorio\\TELECOCO\\APLICACIONES WEB\\NightMi\\src\\components\\TicketButton.tsx": {"path":"C:\\Users\\qrobl\\OneDrive - Fundación Universitaria San Pablo CEU\\Escritorio\\TELECOCO\\APLICACIONES WEB\\NightMi\\src\\components\\TicketButton.tsx","statementMap":{"0":{"start":{"line":38,"column":50},"end":{"line":66,"column":1}},"1":{"start":{"line":39,"column":21},"end":{"line":39,"column":67}},"2":{"start":{"line":41,"column":22},"end":{"line":52,"column":3}},"3":{"start":{"line":42,"column":4},"end":{"line":51,"column":7}},"4":{"start":{"line":54,"column":2},"end":{"line":65,"column":4}},"5":{"start":{"line":68,"column":15},"end":{"line":82,"column":2}}},"fnMap":{"0":{"name":"(anonymous_0)","decl":{"start":{"line":38,"column":50},"end":{"line":38,"column":51}},"loc":{"start":{"line":38,"column":75},"end":{"line":66,"column":1}},"line":38},"1":{"name":"(anonymous_1)","decl":{"start":{"line":41,"column":22},"end":{"line":41,"column":23}},"loc":{"start":{"line":41,"column":28},"end":{"line":52,"column":3}},"line":41}},"branchMap":{"0":{"loc":{"start":{"line":44,"column":17},"end":{"line":44,"column":46}},"type":"binary-expr","locations":[{"start":{"line":44,"column":17},"end":{"line":44,"column":27}},{"start":{"line":44,"column":31},"end":{"line":44,"column":46}}],"line":44},"1":{"loc":{"start":{"line":46,"column":18},"end":{"line":46,"column":62}},"type":"cond-expr","locations":[{"start":{"line":46,"column":41},"end":{"line":46,"column":58}},{"start":{"line":46,"column":61},"end":{"line":46,"column":62}}],"line":46}},"s":{"0":4,"1":2,"2":2,"3":1,"4":2,"5":4},"f":{"0":2,"1":1},"b":{"0":[1,0],"1":[1,0]},"_coverageSchema":"1a1c01bbd47fc00a2c39e90264f33305004495a9","hash":"a20bd2fef8bf9a1d776922271df79b8a34de5d17"}
,"C:\\Users\\qrobl\\OneDrive - Fundación Universitaria San Pablo CEU\\Escritorio\\TELECOCO\\APLICACIONES WEB\\NightMi\\src\\components\\TicketCard.tsx": {"path":"C:\\Users\\qrobl\\OneDrive - Fundación Universitaria San Pablo CEU\\Escritorio\\TELECOCO\\APLICACIONES WEB\\NightMi\\src\\components\\TicketCard.tsx","statementMap":{"0":{"start":{"line":21,"column":46},"end":{"line":52,"column":1}},"1":{"start":{"line":22,"column":20},"end":{"line":22,"column":47}},"2":{"start":{"line":24,"column":2},"end":{"line":51,"column":4}},"3":{"start":{"line":54,"column":15},"end":{"line":93,"column":2}}},"fnMap":{"0":{"name":"(anonymous_0)","decl":{"start":{"line":21,"column":46},"end":{"line":21,"column":47}},"loc":{"start":{"line":21,"column":87},"end":{"line":52,"column":1}},"line":21}},"branchMap":{"0":{"loc":{"start":{"line":21,"column":66},"end":{"line":21,"column":80}},"type":"default-arg","locations":[{"start":{"line":21,"column":75},"end":{"line":21,"column":80}}],"line":21},"1":{"loc":{"start":{"line":28,"column":43},"end":{"line":28,"column":68}},"type":"binary-expr","locations":[{"start":{"line":28,"column":43},"end":{"line":28,"column":49}},{"start":{"line":28,"column":53},"end":{"line":28,"column":68}}],"line":28},"2":{"loc":{"start":{"line":31,"column":9},"end":{"line":31,"column":76}},"type":"binary-expr","locations":[{"start":{"line":31,"column":9},"end":{"line":31,"column":15}},{"start":{"line":31,"column":19},"end":{"line":31,"column":76}}],"line":31},"3":{"loc":{"start":{"line":43,"column":63},"end":{"line":43,"column":111}},"type":"cond-expr","locations":[{"start":{"line":43,"column":89},"end":{"line":43,"column":98}},{"start":{"line":43,"column":101},"end":{"line":43,"column":111}}],"line":43}},"s":{"0":2,"1":1,"2":1,"3":2},"f":{"0":1},"b":{"0":[1],"1":[1,0],"2":[1,0],"3":[0,1]},"_coverageSchema":"1a1c01bbd47fc00a2c39e90264f33305004495a9","hash":"bc101c639f6f2067a2fd1351ba88e96a2c2dca7a"}
[...]
,"C:\\Users\\qrobl\\OneDrive - Fundación Universitaria San Pablo CEU\\Escritorio\\TELECOCO\\APLICACIONES WEB\\NightMi\\src\\screens\\ProfileScreen\\ProfileScreen.tsx": {"path":"C:\\Users\\qrobl\\OneDrive - Fundación Universitaria San Pablo CEU\\Escritorio\\TELECOCO\\APLICACIONES WEB\\NightMi\\src\\screens\\ProfileScreen\\ProfileScreen.tsx","statementMap":{"0":{"start":{"line":34,"column":45},"end":{"line":39,"column":1}},"1":{"start":{"line":41,"column":22},"end":{"line":52,"column":1}},"2":{"start":{"line":42,"column":2},"end":{"line":51,"column":3}},"3":{"start":{"line":44,"column":6},"end":{"line":44,"column":20}},"4":{"start":{"line":46,"column":6},"end":{"line":46,"column":21}},"5":{"start":{"line":48,"column":6},"end":{"line":48,"column":31}},"6":{"start":{"line":50,"column":6},"end":{"line":50,"column":26}},"7":{"start":{"line":54,"column":23},"end":{"line":57,"column":1}},"8":{"start":{"line":55,"column":31},"end":{"line":55,"column":88}},"9":{"start":{"line":56,"column":2},"end":{"line":56,"column":47}},"10":{"start":{"line":60,"column":34},"end":{"line":60,"column":68}},"11":{"start":{"line":61,"column":32},"end":{"line":61,"column":46}},"12":{"start":{"line":62,"column":21},"end":{"line":62,"column":55}},"13":{"start":{"line":64,"column":27},"end":{"line":98,"column":3}},"14":{"start":{"line":65,"column":4},"end":{"line":97,"column":5}},"15":{"start":{"line":66,"column":6},"end":{"line":66,"column":23}},"16":{"start":{"line":67,"column":33},"end":{"line":67,"column":62}},"17":{"start":{"line":68,"column":6},"end":{"line":68,"column":50}},"18":{"start":{"line":68,"column":17},"end":{"line":68,"column":50}},"19":{"start":{"line":70,"column":30},"end":{"line":74,"column":17}},"20":{"start":{"line":76,"column":6},"end":{"line":76,"column":29}},"21":{"start":{"line":76,"column":17},"end":{"line":76,"column":29}},"22":{"start":{"line":77,"column":6},"end":{"line":88,"column":7}},"23":{"start":{"line":78,"column":8},"end":{"line":87,"column":11}},"24":{"start":{"line":93,"column":6},"end":{"line":93,"column":59}},"25":{"start":{"line":94,"column":6},"end":{"line":94,"column":72}},"26":{"start":{"line":96,"column":6},"end":{"line":96,"column":24}},"27":{"start":{"line":100,"column":2},"end":{"line":104,"column":4}},"28":{"start":{"line":102,"column":6},"end":{"line":102,"column":25}},"29":{"start":{"line":106,"column":23},"end":{"line":127,"column":3}},"30":{"start":{"line":107,"column":4},"end":{"line":126,"column":6}},"31":{"start":{"line":115,"column":12},"end":{"line":121,"column":13}},"32":{"start":{"line":116,"column":14},"end":{"line":116,"column":44}},"33":{"start":{"line":117,"column":14},"end":{"line":117,"column":43}},"34":{"start":{"line":119,"column":14},"end":{"line":119,"column":57}},"35":{"start":{"line":120,"column":14},"end":{"line":120,"column":76}},"36":{"start":{"line":129,"column":28},"end":{"line":183,"column":3}},"37":{"start":{"line":130,"column":29},"end":{"line":130,"column":84}},"38":{"start":{"line":131,"column":4},"end":{"line":134,"column":5}},"39":{"start":{"line":132,"column":6},"end":{"line":132,"column":106}},"40":{"start":{"line":133,"column":6},"end":{"line":133,"column":13}},"41":{"start":{"line":136,"column":19},"end":{"line":141,"column":6}},"42":{"start":{"line":143,"column":4},"end":{"line":182,"column":5}},"43":{"start":{"line":144,"column":6},"end":{"line":181,"column":7}},"44":{"start":{"line":145,"column":8},"end":{"line":145,"column":25}},"45":{"start":{"line":146,"column":20},"end":{"line":146,"column":93}},"46":{"start":{"line":147,"column":25},"end":{"line":147,"column":63}},"47":{"start":{"line":148,"column":25},"end":{"line":148,"column":38}},"48":{"start":{"line":150,"column":25},"end":{"line":150,"column":39}},"49":{"start":{"line":151,"column":8},"end":{"line":155,"column":18}},"50":{"start":{"line":157,"column":39},"end":{"line":159,"column":37}},"51":{"start":{"line":161,"column":8},"end":{"line":161,"column":43}},"52":{"start":{"line":161,"column":25},"end":{"line":161,"column":43}},"53":{"start":{"line":163,"column":40},"end":{"line":165,"column":33}},"54":{"start":{"line":167,"column":39},"end":{"line":170,"column":49}},"55":{"start":{"line":172,"column":8},"end":{"line":172,"column":43}},"56":{"start":{"line":172,"column":25},"end":{"line":172,"column":43}},"57":{"start":{"line":174,"column":8},"end":{"line":174,"column":83}},"58":{"start":{"line":174,"column":28},"end":{"line":174,"column":81}},"59":{"start":{"line":175,"column":8},"end":{"line":175,"column":71}},"60":{"start":{"line":177,"column":8},"end":{"line":177,"column":55}},"61":{"start":{"line":178,"column":8},"end":{"line":178,"column":74}},"62":{"start":{"line":180,"column":8},"end":{"line":180,"column":26}},"63":{"start":{"line":185,"column":28},"end":{"line":198,"column":3}},"64":{"start":{"line":186,"column":4},"end":{"line":197,"column":11}},"65":{"start":{"line":200,"column":24},"end":{"line":229,"column":3}},"66":{"start":{"line":201,"column":4},"end":{"line":228,"column":17}},"67":{"start":{"line":223,"column":23},"end":{"line":223,"column":57}},"68":{"start":{"line":231,"column":2},"end":{"line":249,"column":4}},"69":{"start":{"line":252,"column":15},"end":{"line":354,"column":2}}},"fnMap":{"0":{"name":"(anonymous_0)","decl":{"start":{"line":41,"column":22},"end":{"line":41,"column":23}},"loc":{"start":{"line":41,"column":42},"end":{"line":52,"column":1}},"line":41},"1":{"name":"(anonymous_1)","decl":{"start":{"line":54,"column":23},"end":{"line":54,"column":24}},"loc":{"start":{"line":54,"column":44},"end":{"line":57,"column":1}},"line":54},"2":{"name":"ProfileScreen","decl":{"start":{"line":59,"column":24},"end":{"line":59,"column":37}},"loc":{"start":{"line":59,"column":40},"end":{"line":250,"column":1}},"line":59},"3":{"name":"(anonymous_3)","decl":{"start":{"line":64,"column":27},"end":{"line":64,"column":28}},"loc":{"start":{"line":64,"column":39},"end":{"line":98,"column":3}},"line":64},"4":{"name":"(anonymous_4)","decl":{"start":{"line":101,"column":16},"end":{"line":101,"column":17}},"loc":{"start":{"line":101,"column":22},"end":{"line":103,"column":5}},"line":101},"5":{"name":"(anonymous_5)","decl":{"start":{"line":106,"column":23},"end":{"line":106,"column":24}},"loc":{"start":{"line":106,"column":35},"end":{"line":127,"column":3}},"line":106},"6":{"name":"(anonymous_6)","decl":{"start":{"line":114,"column":19},"end":{"line":114,"column":20}},"loc":{"start":{"line":114,"column":31},"end":{"line":122,"column":11}},"line":114},"7":{"name":"(anonymous_7)","decl":{"start":{"line":129,"column":28},"end":{"line":129,"column":29}},"loc":{"start":{"line":129,"column":40},"end":{"line":183,"column":3}},"line":129},"8":{"name":"(anonymous_8)","decl":{"start":{"line":174,"column":20},"end":{"line":174,"column":21}},"loc":{"start":{"line":174,"column":28},"end":{"line":174,"column":81}},"line":174},"9":{"name":"(anonymous_9)","decl":{"start":{"line":185,"column":28},"end":{"line":185,"column":29}},"loc":{"start":{"line":186,"column":4},"end":{"line":197,"column":11}},"line":186},"10":{"name":"(anonymous_10)","decl":{"start":{"line":200,"column":24},"end":{"line":200,"column":25}},"loc":{"start":{"line":201,"column":4},"end":{"line":228,"column":17}},"line":201},"11":{"name":"(anonymous_11)","decl":{"start":{"line":223,"column":17},"end":{"line":223,"column":18}},"loc":{"start":{"line":223,"column":23},"end":{"line":223,"column":57}},"line":223}},"branchMap":{"0":{"loc":{"start":{"line":42,"column":2},"end":{"line":51,"column":3}},"type":"switch","locations":[{"start":{"line":43,"column":4},"end":{"line":44,"column":20}},{"start":{"line":45,"column":4},"end":{"line":46,"column":21}},{"start":{"line":47,"column":4},"end":{"line":48,"column":31}},{"start":{"line":49,"column":4},"end":{"line":50,"column":26}}],"line":42},"1":{"loc":{"start":{"line":56,"column":9},"end":{"line":56,"column":46}},"type":"binary-expr","locations":[{"start":{"line":56,"column":9},"end":{"line":56,"column":38}},{"start":{"line":56,"column":42},"end":{"line":56,"column":46}}],"line":56},"2":{"loc":{"start":{"line":68,"column":6},"end":{"line":68,"column":50}},"type":"if","locations":[{"start":{"line":68,"column":6},"end":{"line":68,"column":50}},{"start":{},"end":{}}],"line":68},"3":{"loc":{"start":{"line":76,"column":6},"end":{"line":76,"column":29}},"type":"if","locations":[{"start":{"line":76,"column":6},"end":{"line":76,"column":29}},{"start":{},"end":{}}],"line":76},"4":{"loc":{"start":{"line":77,"column":6},"end":{"line":88,"column":7}},"type":"if","locations":[{"start":{"line":77,"column":6},"end":{"line":88,"column":7}},{"start":{},"end":{}}],"line":77},"5":{"loc":{"start":{"line":131,"column":4},"end":{"line":134,"column":5}},"type":"if","locations":[{"start":{"line":131,"column":4},"end":{"line":134,"column":5}},{"start":{},"end":{}}],"line":131},"6":{"loc":{"start":{"line":143,"column":4},"end":{"line":182,"column":5}},"type":"if","locations":[{"start":{"line":143,"column":4},"end":{"line":182,"column":5}},{"start":{},"end":{}}],"line":143},"7":{"loc":{"start":{"line":143,"column":8},"end":{"line":143,"column":48}},"type":"binary-expr","locations":[{"start":{"line":143,"column":8},"end":{"line":143,"column":24}},{"start":{"line":143,"column":28},"end":{"line":143,"column":48}}],"line":143},"8":{"loc":{"start":{"line":161,"column":8},"end":{"line":161,"column":43}},"type":"if","locations":[{"start":{"line":161,"column":8},"end":{"line":161,"column":43}},{"start":{},"end":{}}],"line":161},"9":{"loc":{"start":{"line":172,"column":8},"end":{"line":172,"column":43}},"type":"if","locations":[{"start":{"line":172,"column":8},"end":{"line":172,"column":43}},{"start":{},"end":{}}],"line":172},"10":{"loc":{"start":{"line":174,"column":28},"end":{"line":174,"column":81}},"type":"cond-expr","locations":[{"start":{"line":174,"column":35},"end":{"line":174,"column":74}},{"start":{"line":174,"column":77},"end":{"line":174,"column":81}}],"line":174},"11":{"loc":{"start":{"line":189,"column":9},"end":{"line":191,"column":9}},"type":"binary-expr","locations":[{"start":{"line":189,"column":9},"end":{"line":189,"column":26}},{"start":{"line":190,"column":10},"end":{"line":190,"column":113}}],"line":189},"12":{"loc":{"start":{"line":192,"column":9},"end":{"line":194,"column":9}},"type":"binary-expr","locations":[{"start":{"line":192,"column":9},"end":{"line":192,"column":27}},{"start":{"line":193,"column":10},"end":{"line":193,"column":87}}],"line":192},"13":{"loc":{"start":{"line":204,"column":25},"end":{"line":204,"column":87}},"type":"binary-expr","locations":[{"start":{"line":204,"column":25},"end":{"line":204,"column":50}},{"start":{"line":204,"column":54},"end":{"line":204,"column":87}}],"line":204},"14":{"loc":{"start":{"line":218,"column":42},"end":{"line":218,"column":142}},"type":"cond-expr","locations":[{"start":{"line":218,"column":68},"end":{"line":218,"column":124}},{"start":{"line":218,"column":127},"end":{"line":218,"column":142}}],"line":218},"15":{"loc":{"start":{"line":219,"column":35},"end":{"line":219,"column":103}},"type":"binary-expr","locations":[{"start":{"line":219,"column":35},"end":{"line":219,"column":84}},{"start":{"line":219,"column":88},"end":{"line":219,"column":103}}],"line":219},"16":{"loc":{"start":{"line":219,"column":45},"end":{"line":219,"column":83}},"type":"binary-expr","locations":[{"start":{"line":219,"column":45},"end":{"line":219,"column":64}},{"start":{"line":219,"column":68},"end":{"line":219,"column":83}}],"line":219},"17":{"loc":{"start":{"line":220,"column":36},"end":{"line":220,"column":72}},"type":"binary-expr","locations":[{"start":{"line":220,"column":36},"end":{"line":220,"column":53}},{"start":{"line":220,"column":57},"end":{"line":220,"column":72}}],"line":220},"18":{"loc":{"start":{"line":233,"column":7},"end":{"line":247,"column":7}},"type":"cond-expr","locations":[{"start":{"line":234,"column":8},"end":{"line":236,"column":15}},{"start":{"line":238,"column":8},"end":{"line":246,"column":11}}],"line":233}},"s":{"0":1,"1":1,"2":0,"3":0,"4":0,"5":0,"6":0,"7":1,"8":0,"9":0,"10":0,"11":0,"12":0,"13":0,"14":0,"15":0,"16":0,"17":0,"18":0,"19":0,"20":0,"21":0,"22":0,"23":0,"24":0,"25":0,"26":0,"27":0,"28":0,"29":0,"30":0,"31":0,"32":0,"33":0,"34":0,"35":0,"36":0,"37":0,"38":0,"39":0,"40":0,"41":0,"42":0,"43":0,"44":0,"45":0,"46":0,"47":0,"48":0,"49":0,"50":0,"51":0,"52":0,"53":0,"54":0,"55":0,"56":0,"57":0,"58":0,"59":0,"60":0,"61":0,"62":0,"63":0,"64":0,"65":0,"66":0,"67":0,"68":0,"69":1},"f":{"0":0,"1":0,"2":0,"3":0,"4":0,"5":0,"6":0,"7":0,"8":0,"9":0,"10":0,"11":0},"b":{"0":[0,0,0,0],"1":[0,0],"2":[0,0],"3":[0,0],"4":[0,0],"5":[0,0],"6":[0,0],"7":[0,0],"8":[0,0],"9":[0,0],"10":[0,0],"11":[0,0],"12":[0,0],"13":[0,0],"14":[0,0],"15":[0,0],"16":[0,0],"17":[0,0],"18":[0,0]},"_coverageSchema":"1a1c01bbd47fc00a2c39e90264f33305004495a9","hash":"f68112ff105179bf9ed07fd235ab3d4ff18f56f4"}
,"C:\\Users\\qrobl\\OneDrive - Fundación Universitaria San Pablo CEU\\Escritorio\\TELECOCO\\APLICACIONES WEB\\NightMi\\src\\services\\authServices.ts": {"path":"C:\\Users\\qrobl\\OneDrive - Fundación Universitaria San Pablo CEU\\Escritorio\\TELECOCO\\APLICACIONES WEB\\NightMi\\src\\services\\authServices.ts","statementMap":{"0":{"start":{"line":4,"column":17},"end":{"line":4,"column":36}},"1":{"start":{"line":6,"column":30},"end":{"line":15,"column":1}},"2":{"start":{"line":7,"column":22},"end":{"line":10,"column":6}},"3":{"start":{"line":12,"column":4},"end":{"line":14,"column":5}},"4":{"start":{"line":13,"column":8},"end":{"line":13,"column":29}}},"fnMap":{"0":{"name":"(anonymous_0)","decl":{"start":{"line":6,"column":30},"end":{"line":6,"column":31}},"loc":{"start":{"line":6,"column":73},"end":{"line":15,"column":1}},"line":6}},"branchMap":{"0":{"loc":{"start":{"line":12,"column":4},"end":{"line":14,"column":5}},"type":"if","locations":[{"start":{"line":12,"column":4},"end":{"line":14,"column":5}},{"start":{},"end":{}}],"line":12}},"s":{"0":0,"1":0,"2":0,"3":0,"4":0},"f":{"0":0},"b":{"0":[0,0]}}
,"C:\\Users\\qrobl\\OneDrive - Fundación Universitaria San Pablo CEU\\Escritorio\\TELECOCO\\APLICACIONES WEB\\NightMi\\src\\styles\\commonStyles.ts": {"path":"C:\\Users\\qrobl\\OneDrive - Fundación Universitaria San Pablo CEU\\Escritorio\\TELECOCO\\APLICACIONES WEB\\NightMi\\src\\styles\\commonStyles.ts","statementMap":{"0":{"start":{"line":3,"column":21},"end":{"line":105,"column":2}}},"fnMap":{},"branchMap":{},"s":{"0":1},"f":{},"b":{},"_coverageSchema":"1a1c01bbd47fc00a2c39e90264f33305004495a9","hash":"8bf34846f3c5ef2cb6c1e2bedc1399547ad1a52d"}
,"C:\\Users\\qrobl\\OneDrive - Fundación Universitaria San Pablo CEU\\Escritorio\\TELECOCO\\APLICACIONES WEB\\NightMi\\src\\types\\nativewind.d.ts": {"path":"C:\\Users\\qrobl\\OneDrive - Fundación Universitaria San Pablo CEU\\Escritorio\\TELECOCO\\APLICACIONES WEB\\NightMi\\src\\types\\nativewind.d.ts","statementMap":{},"fnMap":{},"branchMap":{},"s":{},"f":{},"b":{}}
,"C:\\Users\\qrobl\\OneDrive - Fundación Universitaria San Pablo CEU\\Escritorio\\TELECOCO\\APLICACIONES WEB\\NightMi\\src\\types\\react-native-country-picket.d.ts": {"path":"C:\\Users\\qrobl\\OneDrive - Fundación Universitaria San Pablo CEU\\Escritorio\\TELECOCO\\APLICACIONES WEB\\NightMi\\src\\types\\react-native-country-picket.d.ts","statementMap":{},"fnMap":{},"branchMap":{},"s":{},"f":{},"b":{}}
,"C:\\Users\\qrobl\\OneDrive - Fundación Universitaria San Pablo CEU\\Escritorio\\TELECOCO\\APLICACIONES WEB\\NightMi\\src\\utils\\stripe.ts": {"path":"C:\\Users\\qrobl\\OneDrive - Fundación Universitaria San Pablo CEU\\Escritorio\\TELECOCO\\APLICACIONES WEB\\NightMi\\src\\utils\\stripe.ts","statementMap":{"0":{"start":{"line":4,"column":32},"end":{"line":15,"column":1}},"1":{"start":{"line":5,"column":2},"end":{"line":14,"column":3}},"2":{"start":{"line":6,"column":4},"end":{"line":10,"column":7}},"3":{"start":{"line":11,"column":4},"end":{"line":11,"column":51}},"4":{"start":{"line":13,"column":4},"end":{"line":13,"column":56}},"5":{"start":{"line":17,"column":35},"end":{"line":37,"column":1}},"6":{"start":{"line":18,"column":2},"end":{"line":36,"column":3}},"7":{"start":{"line":19,"column":21},"end":{"line":25,"column":6}},"8":{"start":{"line":27,"column":4},"end":{"line":29,"column":5}},"9":{"start":{"line":28,"column":6},"end":{"line":28,"column":53}},"10":{"start":{"line":31,"column":17},"end":{"line":31,"column":38}},"11":{"start":{"line":32,"column":4},"end":{"line":32,"column":29}},"12":{"start":{"line":34,"column":4},"end":{"line":34,"column":58}},"13":{"start":{"line":35,"column":4},"end":{"line":35,"column":16}}},"fnMap":{"0":{"name":"(anonymous_0)","decl":{"start":{"line":4,"column":32},"end":{"line":4,"column":33}},"loc":{"start":{"line":4,"column":44},"end":{"line":15,"column":1}},"line":4},"1":{"name":"(anonymous_1)","decl":{"start":{"line":17,"column":35},"end":{"line":17,"column":36}},"loc":{"start":{"line":17,"column":79},"end":{"line":37,"column":1}},"line":17}},"branchMap":{"0":{"loc":{"start":{"line":27,"column":4},"end":{"line":29,"column":5}},"type":"if","locations":[{"start":{"line":27,"column":4},"end":{"line":29,"column":5}},{"start":{},"end":{}}],"line":27}},"s":{"0":0,"1":0,"2":0,"3":0,"4":0,"5":0,"6":0,"7":0,"8":0,"9":0,"10":0,"11":0,"12":0,"13":0},"f":{"0":0,"1":0},"b":{"0":[0,0]}}
,"C:\\Users\\qrobl\\OneDrive - Fundación Universitaria San Pablo CEU\\Escritorio\\TELECOCO\\APLICACIONES WEB\\NightMi\\src\\utils\\validation.ts": {"path":"C:\\Users\\qrobl\\OneDrive - Fundación Universitaria San Pablo CEU\\Escritorio\\TELECOCO\\APLICACIONES WEB\\NightMi\\src\\utils\\validation.ts","statementMap":{"0":{"start":{"line":3,"column":32},"end":{"line":6,"column":1}},"1":{"start":{"line":4,"column":26},"end":{"line":4,"column":96}},"2":{"start":{"line":5,"column":4},"end":{"line":5,"column":40}}},"fnMap":{"0":{"name":"(anonymous_0)","decl":{"start":{"line":3,"column":32},"end":{"line":3,"column":33}},"loc":{"start":{"line":3,"column":54},"end":{"line":6,"column":1}},"line":3}},"branchMap":{},"s":{"0":0,"1":0,"2":0},"f":{"0":0},"b":{}}
,"C:\\Users\\qrobl\\OneDrive - Fundación Universitaria San Pablo CEU\\Escritorio\\TELECOCO\\APLICACIONES WEB\\NightMi\\supabase\\functions\\create-payment-intent\\index.ts": {"path":"C:\\Users\\qrobl\\OneDrive - Fundación Universitaria San Pablo CEU\\Escritorio\\TELECOCO\\APLICACIONES WEB\\NightMi\\supabase\\functions\\create-payment-intent\\index.ts","statementMap":{"0":{"start":{"line":4,"column":15},"end":{"line":7,"column":2}},"1":{"start":{"line":9,"column":0},"end":{"line":28,"column":2}},"2":{"start":{"line":10,"column":31},"end":{"line":10,"column":47}},"3":{"start":{"line":12,"column":2},"end":{"line":27,"column":3}},"4":{"start":{"line":13,"column":26},"end":{"line":16,"column":6}},"5":{"start":{"line":18,"column":4},"end":{"line":21,"column":5}},"6":{"start":{"line":23,"column":4},"end":{"line":26,"column":5}}},"fnMap":{"0":{"name":"(anonymous_0)","decl":{"start":{"line":9,"column":6},"end":{"line":9,"column":7}},"loc":{"start":{"line":9,"column":21},"end":{"line":28,"column":1}},"line":9}},"branchMap":{},"s":{"0":0,"1":0,"2":0,"3":0,"4":0,"5":0,"6":0},"f":{"0":0},"b":{}}
}
