TN:
SF:App.tsx
FN:39,(anonymous_0)
FN:63,(anonymous_1)
FN:67,(anonymous_2)
FN:72,(anonymous_3)
FN:105,(anonymous_4)
FN:107,(anonymous_5)
FN:119,(anonymous_6)
FN:121,(anonymous_7)
FN:134,(anonymous_8)
FN:144,(anonymous_9)
FN:150,(anonymous_10)
FN:151,(anonymous_11)
FN:173,(anonymous_12)
FN:180,(anonymous_13)
FN:225,App
FNF:15
FNH:12
FNDA:0,(anonymous_0)
FNDA:2,(anonymous_1)
FNDA:8,(anonymous_2)
FNDA:0,(anonymous_3)
FNDA:1,(anonymous_4)
FNDA:1,(anonymous_5)
FNDA:1,(anonymous_6)
FNDA:1,(anonymous_7)
FNDA:1,(anonymous_8)
FNDA:11,(anonymous_9)
FNDA:3,(anonymous_10)
FNDA:3,(anonymous_11)
FNDA:0,(anonymous_12)
FNDA:3,(anonymous_13)
FNDA:3,App
DA:38,1
DA:39,1
DA:40,0
DA:41,0
DA:45,1
DA:46,1
DA:47,1
DA:55,1
DA:63,1
DA:64,2
DA:68,8
DA:69,8
DA:70,8
DA:72,8
DA:73,0
DA:79,0
DA:80,0
DA:84,8
DA:105,1
DA:106,1
DA:107,1
DA:119,1
DA:120,1
DA:121,1
DA:134,1
DA:135,1
DA:144,1
DA:145,11
DA:146,11
DA:147,11
DA:148,11
DA:149,11
DA:150,11
DA:151,3
DA:152,3
DA:153,3
DA:154,2
DA:155,2
DA:156,2
DA:162,2
DA:164,2
DA:166,0
DA:170,3
DA:173,3
DA:174,0
DA:175,0
DA:176,0
DA:180,3
DA:183,11
DA:185,8
DA:188,3
DA:226,3
LF:52
LH:43
BRDA:40,0,0,0
BRDA:40,0,1,0
BRDA:69,1,0,8
BRDA:69,1,1,8
BRDA:79,2,0,0
BRDA:79,2,1,0
BRDA:79,3,0,0
BRDA:79,3,1,0
BRDA:88,4,0,2
BRDA:88,4,1,6
BRDA:93,5,0,2
BRDA:93,5,1,6
BRDA:95,6,0,2
BRDA:95,6,1,6
BRDA:153,7,0,2
BRDA:153,7,1,1
BRDA:162,8,0,2
BRDA:162,8,1,0
BRDA:175,9,0,0
BRDA:175,9,1,0
BRDA:183,10,0,8
BRDA:183,10,1,3
BRDA:192,11,0,2
BRDA:192,11,1,1
BRDA:193,12,0,1
BRDA:193,12,1,1
BRF:26
BRH:17
end_of_record
TN:
SF:env.d.ts
FNF:0
FNH:0
LF:0
LH:0
BRF:0
BRH:0
end_of_record
TN:
SF:isOwner.tsx
FN:13,(anonymous_0)
FN:15,(anonymous_1)
FN:25,(anonymous_2)
FNF:3
FNH:2
FNDA:0,(anonymous_0)
FNDA:4,(anonymous_1)
FNDA:11,(anonymous_2)
DA:11,1
DA:15,1
DA:16,4
DA:18,4
DA:25,1
DA:26,11
DA:27,11
DA:28,11
LF:8
LH:8
BRDA:27,0,0,0
BRDA:27,0,1,11
BRF:2
BRH:1
end_of_record
TN:
SF:jest.config.js
FNF:0
FNH:0
DA:1,0
LF:1
LH:0
BRF:0
BRH:0
end_of_record
TN:
SF:tailwind.config.js
FNF:0
FNH:0
DA:1,0
LF:1
LH:0
BRF:0
BRH:0
end_of_record
TN:
SF:src/navigation.ts
FNF:0
FNH:0
LF:0
LH:0
BRF:0
BRH:0
end_of_record
TN:
SF:src/components/ActionButtons.tsx
FN:12,(anonymous_0)
FNF:1
FNH:1
FNDA:4,(anonymous_0)
DA:12,1
DA:17,4
DA:44,1
LF:3
LH:3
BRF:0
BRH:0
end_of_record
TN:
SF:src/components/ClubCard.tsx
FN:28,(anonymous_0)
FN:32,(anonymous_1)
FN:36,(anonymous_2)
FN:74,(anonymous_3)
FNF:4
FNH:3
FNDA:8,(anonymous_0)
FNDA:4,(anonymous_1)
FNDA:4,(anonymous_2)
FNDA:0,(anonymous_3)
DA:6,2
DA:28,2
DA:29,8
DA:30,8
DA:32,8
DA:33,4
DA:36,8
DA:37,4
DA:38,4
DA:39,4
DA:40,4
DA:43,4
DA:44,4
DA:46,4
DA:47,4
DA:49,4
DA:50,4
DA:51,4
DA:52,4
DA:53,0
DA:55,4
DA:58,4
DA:64,8
DA:74,0
DA:131,2
LF:25
LH:23
BRDA:37,0,0,0
BRDA:37,0,1,4
BRDA:44,1,0,0
BRDA:44,1,1,4
BRDA:44,2,0,4
BRDA:44,2,1,4
BRDA:52,3,0,0
BRDA:52,3,1,4
BRDA:52,4,0,4
BRDA:52,4,1,0
BRDA:69,5,0,0
BRDA:69,5,1,8
BRDA:71,6,0,8
BRDA:71,6,1,2
BRDA:91,7,0,8
BRDA:91,7,1,2
BRDA:106,8,0,0
BRDA:106,8,1,8
BRDA:113,9,0,8
BRDA:113,9,1,8
BRDA:118,10,0,8
BRDA:118,10,1,8
BRF:22
BRH:16
end_of_record
TN:
SF:src/components/ClubDetails.tsx
FN:22,(anonymous_0)
FN:39,(anonymous_1)
FNF:2
FNH:2
FNDA:2,(anonymous_0)
FNDA:6,(anonymous_1)
DA:22,2
DA:23,2
DA:39,2
DA:40,6
DA:48,2
LF:5
LH:5
BRDA:27,0,0,2
BRDA:27,0,1,1
BRDA:28,1,0,2
BRDA:28,1,1,1
BRDA:29,2,0,2
BRDA:29,2,1,1
BRF:6
BRH:6
end_of_record
TN:
SF:src/components/ClubEdit.tsx
FN:33,(anonymous_0)
FN:50,(anonymous_1)
FN:56,(anonymous_2)
FN:71,(anonymous_3)
FN:83,(anonymous_4)
FN:84,(anonymous_5)
FN:88,(anonymous_6)
FN:111,(anonymous_7)
FN:118,(anonymous_8)
FN:119,(anonymous_9)
FN:121,(anonymous_10)
FN:133,(anonymous_11)
FN:140,(anonymous_12)
FN:147,(anonymous_13)
FN:155,(anonymous_14)
FNF:15
FNH:7
FNDA:6,(anonymous_0)
FNDA:2,(anonymous_1)
FNDA:0,(anonymous_2)
FNDA:0,(anonymous_3)
FNDA:4,(anonymous_4)
FNDA:0,(anonymous_5)
FNDA:0,(anonymous_6)
FNDA:0,(anonymous_7)
FNDA:0,(anonymous_8)
FNDA:0,(anonymous_9)
FNDA:0,(anonymous_10)
FNDA:1,(anonymous_11)
FNDA:1,(anonymous_12)
FNDA:1,(anonymous_13)
FNDA:1,(anonymous_14)
DA:33,2
DA:34,6
DA:50,2
DA:52,2
DA:53,2
DA:54,2
DA:56,2
DA:57,0
DA:59,0
DA:60,0
DA:69,0
DA:71,0
DA:77,0
DA:83,2
DA:84,4
DA:88,2
DA:89,0
DA:90,0
DA:91,0
DA:92,0
DA:93,0
DA:94,0
DA:98,2
DA:112,0
DA:113,0
DA:118,0
DA:120,0
DA:121,0
DA:133,1
DA:140,1
DA:147,1
DA:155,1
DA:167,2
LF:33
LH:16
BRDA:57,0,0,0
BRDA:57,0,1,0
BRDA:84,1,0,0
BRDA:84,1,1,0
BRDA:115,2,0,2
BRDA:115,2,1,0
BRDA:132,3,0,2
BRDA:132,3,1,0
BRDA:139,4,0,2
BRDA:139,4,1,0
BRDA:146,5,0,2
BRDA:146,5,1,0
BRDA:154,6,0,2
BRDA:154,6,1,0
BRF:14
BRH:5
end_of_record
TN:
SF:src/components/ClubHeader.tsx
FN:16,(anonymous_0)
FNF:1
FNH:1
FNDA:2,(anonymous_0)
DA:16,2
DA:17,2
DA:49,2
LF:3
LH:3
BRDA:34,0,0,2
BRDA:34,0,1,1
BRDA:39,1,0,2
BRDA:39,1,1,1
BRF:4
BRH:4
end_of_record
TN:
SF:src/components/CountryPickerWrapper.tsx
FN:15,(anonymous_0)
FNF:1
FNH:1
FNDA:1,(anonymous_0)
DA:15,1
DA:25,1
LF:2
LH:2
BRDA:16,0,0,1
BRDA:17,1,0,1
BRDA:18,2,0,1
BRDA:19,3,0,1
BRDA:20,4,0,1
BRDA:21,5,0,1
BRDA:23,6,0,0
BRF:7
BRH:6
end_of_record
TN:
SF:src/components/ErrorDisplay.tsx
FN:9,(anonymous_0)
FNF:1
FNH:1
FNDA:3,(anonymous_0)
DA:9,4
DA:10,3
LF:2
LH:2
BRF:0
BRH:0
end_of_record
TN:
SF:src/components/EventCard.tsx
FN:23,(anonymous_0)
FN:41,(anonymous_1)
FN:44,(anonymous_2)
FN:45,(anonymous_3)
FNF:4
FNH:4
FNDA:2,(anonymous_0)
FNDA:2,(anonymous_1)
FNDA:2,(anonymous_2)
FNDA:2,(anonymous_3)
DA:23,2
DA:24,2
DA:25,2
DA:27,2
DA:28,2
DA:31,0
DA:32,0
DA:34,0
DA:37,2
DA:41,2
DA:42,2
DA:43,2
DA:44,2
DA:45,2
DA:46,2
DA:47,2
DA:48,2
DA:50,2
DA:56,0
DA:57,0
DA:58,0
DA:61,0
DA:62,0
DA:64,0
DA:68,2
DA:72,2
DA:110,2
LF:27
LH:18
BRDA:27,0,0,2
BRDA:27,0,1,0
BRDA:31,1,0,0
BRDA:31,1,1,0
BRDA:56,2,0,0
BRDA:56,2,1,0
BRDA:62,3,0,0
BRDA:62,3,1,0
BRDA:74,4,0,2
BRDA:74,4,1,2
BRDA:82,5,0,2
BRDA:82,5,1,0
BRDA:85,6,0,2
BRDA:85,6,1,2
BRDA:90,7,0,2
BRDA:90,7,1,2
BRF:16
BRH:8
end_of_record
TN:
SF:src/components/EventsList.tsx
FN:24,(anonymous_0)
FN:27,(anonymous_1)
FN:44,(anonymous_2)
FN:45,(anonymous_3)
FN:73,(anonymous_4)
FNF:5
FNH:5
FNDA:1,(anonymous_0)
FNDA:1,(anonymous_1)
FNDA:1,(anonymous_2)
FNDA:1,(anonymous_3)
FNDA:1,(anonymous_4)
DA:24,2
DA:25,1
DA:27,1
DA:28,1
DA:29,1
DA:31,1
DA:32,1
DA:35,0
DA:36,0
DA:38,0
DA:41,1
DA:44,1
DA:45,1
DA:46,1
DA:47,1
DA:48,1
DA:50,1
DA:56,0
DA:57,0
DA:58,0
DA:61,0
DA:62,0
DA:64,0
DA:68,1
DA:71,1
DA:74,1
DA:103,2
LF:27
LH:18
BRDA:31,0,0,1
BRDA:31,0,1,0
BRDA:35,1,0,0
BRDA:35,1,1,0
BRDA:56,2,0,0
BRDA:56,2,1,0
BRDA:62,3,0,0
BRDA:62,3,1,0
BRDA:75,4,0,1
BRDA:75,4,1,1
BRDA:83,5,0,1
BRDA:83,5,1,0
BRDA:85,6,0,1
BRDA:85,6,1,1
BRDA:90,7,0,1
BRDA:90,7,1,1
BRDA:94,8,0,1
BRDA:94,8,1,1
BRF:18
BRH:10
end_of_record
TN:
SF:src/components/ExpandedTicket.tsx
FN:26,(anonymous_0)
FN:61,(anonymous_1)
FNF:2
FNH:2
FNDA:2,(anonymous_0)
FNDA:12,(anonymous_1)
DA:26,3
DA:27,2
DA:28,2
DA:30,2
DA:61,3
DA:62,12
DA:71,3
LF:7
LH:7
BRF:0
BRH:0
end_of_record
TN:
SF:src/components/FilterModal.tsx
FN:22,(anonymous_0)
FN:30,(anonymous_1)
FN:53,(anonymous_2)
FN:68,(anonymous_3)
FN:88,(anonymous_4)
FN:104,(anonymous_5)
FN:123,(anonymous_6)
FN:150,(anonymous_7)
FNF:8
FNH:2
FNDA:7,(anonymous_0)
FNDA:0,(anonymous_1)
FNDA:0,(anonymous_2)
FNDA:0,(anonymous_3)
FNDA:0,(anonymous_4)
FNDA:0,(anonymous_5)
FNDA:0,(anonymous_6)
FNDA:5,(anonymous_7)
DA:22,2
DA:28,7
DA:30,7
DA:31,0
DA:34,7
DA:54,0
DA:69,0
DA:89,0
DA:105,0
DA:124,0
DA:150,2
DA:151,5
DA:157,2
LF:13
LH:7
BRDA:52,0,0,7
BRDA:52,0,1,7
BRDA:54,1,0,0
BRDA:54,1,1,0
BRDA:67,2,0,7
BRDA:67,2,1,7
BRDA:69,3,0,0
BRDA:69,3,1,0
BRDA:103,4,0,7
BRDA:103,4,1,7
BRDA:105,5,0,0
BRDA:105,5,1,0
BRF:12
BRH:6
end_of_record
TN:
SF:src/components/LanguageSelector.tsx
FN:6,(anonymous_0)
FN:9,(anonymous_1)
FN:25,(anonymous_2)
FN:29,(anonymous_3)
FNF:4
FNH:0
FNDA:0,(anonymous_0)
FNDA:0,(anonymous_1)
FNDA:0,(anonymous_2)
FNDA:0,(anonymous_3)
DA:6,1
DA:7,0
DA:9,0
DA:10,0
DA:13,0
DA:21,0
DA:26,0
DA:29,0
DA:39,1
LF:9
LH:2
BRDA:28,0,0,0
BRDA:28,0,1,0
BRF:2
BRH:0
end_of_record
TN:
SF:src/components/LanguageSelector2.tsx
FN:6,(anonymous_0)
FN:18,(anonymous_1)
FN:20,(anonymous_2)
FN:27,(anonymous_3)
FN:33,(anonymous_4)
FN:36,(anonymous_5)
FNF:6
FNH:0
FNDA:0,(anonymous_0)
FNDA:0,(anonymous_1)
FNDA:0,(anonymous_2)
FNDA:0,(anonymous_3)
FNDA:0,(anonymous_4)
FNDA:0,(anonymous_5)
DA:6,0
DA:7,0
DA:8,0
DA:10,0
DA:18,0
DA:20,0
DA:21,0
DA:22,0
DA:25,0
DA:27,0
DA:34,0
DA:36,0
DA:48,0
LF:13
LH:0
BRDA:18,0,0,0
BRDA:18,0,1,0
BRDA:31,1,0,0
BRDA:31,1,1,0
BRF:4
BRH:0
end_of_record
TN:
SF:src/components/LoadingSpinner.tsx
FN:4,(anonymous_0)
FNF:1
FNH:1
FNDA:22,(anonymous_0)
DA:4,3
DA:5,22
LF:2
LH:2
BRF:0
BRH:0
end_of_record
TN:
SF:src/components/ModifyEvent.tsx
FN:20,ModifyEventModal
FN:27,(anonymous_1)
FN:78,(anonymous_2)
FN:91,(anonymous_3)
FNF:4
FNH:0
FNDA:0,ModifyEventModal
FNDA:0,(anonymous_1)
FNDA:0,(anonymous_2)
FNDA:0,(anonymous_3)
DA:21,0
DA:22,0
DA:23,0
DA:24,0
DA:25,0
DA:27,0
DA:29,0
DA:31,0
DA:32,0
DA:33,0
DA:36,0
DA:43,0
DA:44,0
DA:46,0
DA:47,0
DA:48,0
DA:50,0
DA:51,0
DA:57,0
DA:61,0
DA:63,0
DA:67,0
DA:68,0
DA:70,0
DA:71,0
DA:78,0
DA:79,0
DA:86,0
DA:87,0
DA:91,0
DA:92,0
DA:93,0
DA:101,0
DA:104,0
DA:106,0
DA:107,0
DA:114,0
DA:170,2
LF:38
LH:1
BRDA:31,0,0,0
BRDA:31,0,1,0
BRDA:43,1,0,0
BRDA:43,1,1,0
BRDA:43,2,0,0
BRDA:43,2,1,0
BRDA:61,3,0,0
BRDA:61,3,1,0
BRDA:86,4,0,0
BRDA:86,4,1,0
BRDA:101,5,0,0
BRDA:101,5,1,0
BRDA:145,6,0,0
BRDA:145,6,1,0
BRDA:151,7,0,0
BRDA:151,7,1,0
BRDA:154,8,0,0
BRDA:154,8,1,0
BRF:18
BRH:0
end_of_record
TN:
SF:src/components/ModifyEventButton.tsx
FN:26,(anonymous_0)
FN:36,(anonymous_1)
FNF:2
FNH:2
FNDA:2,(anonymous_0)
FNDA:1,(anonymous_1)
DA:26,1
DA:34,2
DA:36,2
DA:37,1
DA:48,2
DA:62,1
LF:6
LH:6
BRF:0
BRH:0
end_of_record
TN:
SF:src/components/OwnedEventList.tsx
FN:29,(anonymous_0)
FN:36,(anonymous_1)
FN:43,(anonymous_2)
FN:51,(anonymous_3)
FN:75,(anonymous_4)
FNF:5
FNH:2
FNDA:1,(anonymous_0)
FNDA:0,(anonymous_1)
FNDA:0,(anonymous_2)
FNDA:1,(anonymous_3)
FNDA:0,(anonymous_4)
DA:29,2
DA:30,1
DA:31,1
DA:32,1
DA:33,1
DA:36,1
DA:37,0
DA:38,0
DA:43,1
DA:44,0
DA:45,0
DA:49,1
DA:52,1
DA:75,0
DA:106,2
LF:15
LH:10
BRDA:53,0,0,1
BRDA:53,0,1,1
BRDA:61,1,0,1
BRDA:61,1,1,0
BRDA:63,2,0,1
BRDA:63,2,1,1
BRDA:68,3,0,1
BRDA:68,3,1,1
BRDA:89,4,0,1
BRDA:89,4,1,0
BRDA:95,5,0,0
BRDA:95,5,1,0
BRDA:97,6,0,0
BRDA:97,6,1,0
BRF:14
BRH:8
end_of_record
TN:
SF:src/components/ReviewForm.tsx
FN:16,(anonymous_0)
FN:18,(anonymous_1)
FN:29,(anonymous_2)
FN:30,(anonymous_3)
FNF:4
FNH:2
FNDA:2,(anonymous_0)
FNDA:0,(anonymous_1)
FNDA:10,(anonymous_2)
FNDA:0,(anonymous_3)
DA:16,2
DA:18,2
DA:19,0
DA:23,2
DA:30,10
DA:59,2
LF:6
LH:5
BRDA:34,0,0,0
BRDA:34,0,1,10
BRF:2
BRH:1
end_of_record
TN:
SF:src/components/ReviewItem.tsx
FN:14,(anonymous_0)
FN:19,(anonymous_1)
FNF:2
FNH:2
FNDA:1,(anonymous_0)
FNDA:5,(anonymous_1)
DA:14,2
DA:15,1
DA:20,5
DA:37,2
LF:4
LH:4
BRDA:22,0,0,5
BRDA:22,0,1,0
BRDA:24,1,0,5
BRDA:24,1,1,0
BRDA:32,2,0,1
BRDA:32,2,1,1
BRF:6
BRH:4
end_of_record
TN:
SF:src/components/ReviewsList.tsx
FN:20,(anonymous_0)
FN:21,(anonymous_1)
FN:60,(anonymous_2)
FN:69,(anonymous_3)
FNF:4
FNH:4
FNDA:1,(anonymous_0)
FNDA:1,(anonymous_1)
FNDA:1,(anonymous_2)
FNDA:1,(anonymous_3)
DA:20,2
DA:21,1
DA:22,1
DA:23,1
DA:24,5
DA:34,1
DA:37,1
DA:60,2
DA:61,1
DA:70,1
DA:76,2
LF:11
LH:11
BRDA:27,0,0,5
BRDA:27,0,1,0
BRDA:29,1,0,5
BRDA:29,1,1,0
BRDA:47,2,0,1
BRDA:47,2,1,0
BRDA:55,3,0,1
BRDA:55,3,1,0
BRF:8
BRH:4
end_of_record
TN:
SF:src/components/SearchBar.tsx
FN:11,(anonymous_0)
FNF:1
FNH:1
FNDA:8,(anonymous_0)
DA:11,2
DA:12,8
DA:31,2
LF:3
LH:3
BRDA:22,0,0,8
BRDA:22,0,1,1
BRF:2
BRH:2
end_of_record
TN:
SF:src/components/StarRating.tsx
FN:10,(anonymous_0)
FN:13,(anonymous_1)
FN:16,(anonymous_2)
FNF:3
FNH:3
FNDA:2,(anonymous_0)
FNDA:10,(anonymous_1)
FNDA:1,(anonymous_2)
DA:10,1
DA:11,2
DA:14,10
DA:16,1
DA:32,1
LF:5
LH:5
BRDA:21,0,0,6
BRDA:21,0,1,4
BRDA:23,1,0,6
BRDA:23,1,1,4
BRDA:24,2,0,6
BRDA:24,2,1,4
BRF:6
BRH:6
end_of_record
TN:
SF:src/components/TicketButton.tsx
FN:38,(anonymous_0)
FN:41,(anonymous_1)
FNF:2
FNH:2
FNDA:2,(anonymous_0)
FNDA:1,(anonymous_1)
DA:38,3
DA:39,2
DA:41,2
DA:42,1
DA:54,2
DA:68,3
LF:6
LH:6
BRDA:44,0,0,1
BRDA:44,0,1,0
BRDA:46,1,0,1
BRDA:46,1,1,0
BRF:4
BRH:2
end_of_record
TN:
SF:src/components/TicketCard.tsx
FN:22,(anonymous_0)
FNF:1
FNH:1
FNDA:1,(anonymous_0)
DA:22,2
DA:23,1
DA:25,1
DA:64,2
LF:4
LH:4
BRDA:22,0,0,1
BRDA:29,1,0,1
BRDA:29,1,1,0
BRDA:32,2,0,1
BRDA:32,2,1,0
BRDA:44,3,0,0
BRDA:44,3,1,1
BRDA:51,4,0,1
BRDA:51,4,1,0
BRF:9
BRH:5
end_of_record
TN:
SF:src/components/addEvent.tsx
FN:19,AddEventModal
FN:36,(anonymous_1)
FN:98,(anonymous_2)
FN:107,(anonymous_3)
FN:114,(anonymous_4)
FN:144,(anonymous_5)
FN:151,(anonymous_6)
FNF:7
FNH:0
FNDA:0,AddEventModal
FNDA:0,(anonymous_1)
FNDA:0,(anonymous_2)
FNDA:0,(anonymous_3)
FNDA:0,(anonymous_4)
FNDA:0,(anonymous_5)
FNDA:0,(anonymous_6)
DA:20,0
DA:21,0
DA:22,0
DA:23,0
DA:24,0
DA:25,0
DA:28,0
DA:29,0
DA:30,0
DA:33,0
DA:36,0
DA:38,0
DA:40,0
DA:41,0
DA:42,0
DA:45,0
DA:52,0
DA:53,0
DA:55,0
DA:56,0
DA:57,0
DA:59,0
DA:60,0
DA:66,0
DA:70,0
DA:72,0
DA:76,0
DA:77,0
DA:79,0
DA:80,0
DA:86,0
DA:87,0
DA:98,0
DA:100,0
DA:101,0
DA:102,0
DA:103,0
DA:104,0
DA:107,0
DA:108,0
DA:109,0
DA:110,0
DA:111,0
DA:112,0
DA:114,0
DA:115,0
DA:116,0
DA:117,0
DA:119,0
DA:120,0
DA:121,0
DA:122,0
DA:125,0
DA:128,0
DA:130,0
DA:131,0
DA:136,0
DA:144,0
DA:152,0
DA:153,0
DA:206,1
LF:61
LH:1
BRDA:40,0,0,0
BRDA:40,0,1,0
BRDA:52,1,0,0
BRDA:52,1,1,0
BRDA:52,2,0,0
BRDA:52,2,1,0
BRDA:70,3,0,0
BRDA:70,3,1,0
BRDA:116,4,0,0
BRDA:116,4,1,0
BRDA:145,5,0,0
BRDA:145,5,1,0
BRDA:187,6,0,0
BRDA:187,6,1,0
BRDA:190,7,0,0
BRDA:190,7,1,0
BRF:16
BRH:0
end_of_record
TN:
SF:src/context/EventContext.tsx
FN:27,ClubProvider
FN:31,(anonymous_1)
FN:32,(anonymous_2)
FN:48,(anonymous_3)
FN:49,(anonymous_4)
FN:55,useClub
FNF:6
FNH:3
FNDA:3,ClubProvider
FNDA:3,(anonymous_1)
FNDA:3,(anonymous_2)
FNDA:0,(anonymous_3)
FNDA:0,(anonymous_4)
FNDA:0,useClub
DA:25,1
DA:28,3
DA:29,3
DA:31,3
DA:32,3
DA:33,3
DA:34,3
DA:35,3
DA:37,0
DA:38,0
DA:40,0
DA:44,3
DA:48,3
DA:49,0
DA:52,3
DA:56,0
DA:57,0
DA:58,0
DA:60,0
LF:19
LH:11
BRDA:35,0,0,3
BRDA:35,0,1,0
BRDA:57,1,0,0
BRDA:57,1,1,0
BRF:4
BRH:1
end_of_record
TN:
SF:src/i18n/index.ts
FNF:0
FNH:0
DA:9,1
LF:1
LH:1
BRF:0
BRH:0
end_of_record
TN:
SF:src/lib/supabase.ts
FNF:0
FNH:0
DA:5,4
DA:6,4
DA:8,4
LF:3
LH:3
BRF:0
BRH:0
end_of_record
TN:
SF:src/screens/BuyTicketScreen.tsx
FN:29,(anonymous_0)
FN:38,(anonymous_1)
FN:39,(anonymous_2)
FN:42,(anonymous_3)
FN:43,(anonymous_4)
FN:46,(anonymous_5)
FN:94,(anonymous_6)
FN:117,(anonymous_7)
FN:121,(anonymous_8)
FN:152,(anonymous_9)
FN:204,(anonymous_10)
FN:218,(anonymous_11)
FNF:12
FNH:0
FNDA:0,(anonymous_0)
FNDA:0,(anonymous_1)
FNDA:0,(anonymous_2)
FNDA:0,(anonymous_3)
FNDA:0,(anonymous_4)
FNDA:0,(anonymous_5)
FNDA:0,(anonymous_6)
FNDA:0,(anonymous_7)
FNDA:0,(anonymous_8)
FNDA:0,(anonymous_9)
FNDA:0,(anonymous_10)
FNDA:0,(anonymous_11)
DA:29,1
DA:30,0
DA:31,0
DA:32,0
DA:34,0
DA:35,0
DA:36,0
DA:38,0
DA:39,0
DA:42,0
DA:43,0
DA:46,0
DA:47,0
DA:48,0
DA:49,0
DA:61,0
DA:62,0
DA:64,0
DA:65,0
DA:67,0
DA:68,0
DA:72,0
DA:73,0
DA:75,0
DA:76,0
DA:79,0
DA:81,0
DA:82,0
DA:83,0
DA:86,0
DA:88,0
DA:89,0
DA:90,0
DA:94,0
DA:95,0
DA:96,0
DA:97,0
DA:99,0
DA:105,0
DA:106,0
DA:107,0
DA:109,0
DA:112,0
DA:113,0
DA:117,0
DA:118,0
DA:121,0
DA:122,0
DA:123,0
DA:124,0
DA:125,0
DA:127,0
DA:128,0
DA:129,0
DA:130,0
DA:133,0
DA:134,0
DA:135,0
DA:136,0
DA:137,0
DA:139,0
DA:140,0
DA:141,0
DA:143,0
DA:146,0
DA:152,0
DA:153,0
DA:154,0
DA:155,0
DA:157,0
DA:158,0
DA:159,0
DA:162,0
DA:163,0
DA:164,0
DA:167,0
DA:177,0
DA:179,0
DA:184,0
DA:185,0
DA:186,0
DA:189,0
DA:190,0
DA:191,0
DA:194,0
DA:195,0
DA:197,0
DA:198,0
DA:204,0
DA:205,0
DA:206,0
DA:208,0
DA:209,0
DA:213,0
DA:218,0
DA:269,1
LF:96
LH:2
BRDA:67,0,0,0
BRDA:67,0,1,0
BRDA:81,1,0,0
BRDA:81,1,1,0
BRDA:105,2,0,0
BRDA:105,2,1,0
BRDA:127,3,0,0
BRDA:127,3,1,0
BRDA:139,4,0,0
BRDA:139,4,1,0
BRDA:140,5,0,0
BRDA:140,5,1,0
BRDA:157,6,0,0
BRDA:157,6,1,0
BRDA:162,7,0,0
BRDA:162,7,1,0
BRDA:184,8,0,0
BRDA:184,8,1,0
BRDA:186,9,0,0
BRDA:186,9,1,0
BRDA:189,10,0,0
BRDA:189,10,1,0
BRDA:189,11,0,0
BRDA:189,11,1,0
BRDA:197,12,0,0
BRDA:197,12,1,0
BRDA:223,13,0,0
BRDA:223,13,1,0
BRDA:234,14,0,0
BRDA:234,14,1,0
BRDA:260,15,0,0
BRDA:260,15,1,0
BRF:32
BRH:0
end_of_record
TN:
SF:src/screens/CalendarScreen.tsx
FN:38,(anonymous_0)
FN:46,(anonymous_1)
FN:50,(anonymous_2)
FN:72,(anonymous_3)
FN:77,(anonymous_4)
FN:80,(anonymous_5)
FN:91,(anonymous_6)
FN:132,(anonymous_7)
FNF:8
FNH:8
FNDA:10,(anonymous_0)
FNDA:4,(anonymous_1)
FNDA:4,(anonymous_2)
FNDA:4,(anonymous_3)
FNDA:2,(anonymous_4)
FNDA:2,(anonymous_5)
FNDA:1,(anonymous_6)
FNDA:1,(anonymous_7)
DA:38,2
DA:39,10
DA:40,10
DA:41,10
DA:42,10
DA:43,10
DA:44,10
DA:46,10
DA:47,4
DA:50,10
DA:51,4
DA:59,4
DA:60,1
DA:62,3
DA:67,10
DA:69,1
DA:72,9
DA:73,4
DA:74,4
DA:77,9
DA:80,2
DA:81,2
DA:84,9
DA:92,1
DA:133,1
DA:149,2
LF:26
LH:26
BRDA:59,0,0,1
BRDA:59,0,1,3
BRDA:67,1,0,1
BRDA:67,1,1,9
BRDA:81,2,0,2
BRDA:81,2,1,0
BRDA:128,3,0,9
BRDA:128,3,1,2
BRDA:135,4,0,1
BRDA:135,4,1,0
BRDA:137,5,0,1
BRDA:137,5,1,0
BRF:12
BRH:9
end_of_record
TN:
SF:src/screens/ClubManageScreen.tsx
FN:70,(anonymous_0)
FN:84,(anonymous_1)
FN:103,(anonymous_2)
FN:139,(anonymous_3)
FN:187,(anonymous_4)
FN:197,(anonymous_5)
FN:226,(anonymous_6)
FN:230,(anonymous_7)
FN:234,(anonymous_8)
FN:242,(anonymous_9)
FN:300,(anonymous_10)
FN:301,(anonymous_11)
FN:302,(anonymous_12)
FN:315,(anonymous_13)
FN:332,(anonymous_14)
FNF:15
FNH:0
FNDA:0,(anonymous_0)
FNDA:0,(anonymous_1)
FNDA:0,(anonymous_2)
FNDA:0,(anonymous_3)
FNDA:0,(anonymous_4)
FNDA:0,(anonymous_5)
FNDA:0,(anonymous_6)
FNDA:0,(anonymous_7)
FNDA:0,(anonymous_8)
FNDA:0,(anonymous_9)
FNDA:0,(anonymous_10)
FNDA:0,(anonymous_11)
FNDA:0,(anonymous_12)
FNDA:0,(anonymous_13)
FNDA:0,(anonymous_14)
DA:20,1
DA:70,1
DA:71,0
DA:72,0
DA:73,0
DA:74,0
DA:75,0
DA:76,0
DA:77,0
DA:79,0
DA:80,0
DA:81,0
DA:84,0
DA:85,0
DA:86,0
DA:88,0
DA:89,0
DA:92,0
DA:93,0
DA:95,0
DA:96,0
DA:98,0
DA:103,0
DA:104,0
DA:105,0
DA:106,0
DA:107,0
DA:109,0
DA:115,0
DA:116,0
DA:118,0
DA:125,0
DA:126,0
DA:129,0
DA:130,0
DA:132,0
DA:135,0
DA:136,0
DA:139,0
DA:141,0
DA:143,0
DA:144,0
DA:145,0
DA:148,0
DA:155,0
DA:156,0
DA:157,0
DA:158,0
DA:159,0
DA:160,0
DA:162,0
DA:163,0
DA:169,0
DA:173,0
DA:175,0
DA:178,0
DA:179,0
DA:185,0
DA:187,0
DA:188,0
DA:190,0
DA:191,0
DA:193,0
DA:197,0
DA:198,0
DA:199,0
DA:211,0
DA:212,0
DA:215,0
DA:216,0
DA:218,0
DA:219,0
DA:226,0
DA:227,0
DA:230,0
DA:231,0
DA:232,0
DA:234,0
DA:235,0
DA:243,0
DA:244,0
DA:247,0
DA:248,0
DA:257,0
DA:258,0
DA:261,0
DA:262,0
DA:265,0
DA:301,0
DA:302,0
DA:315,0
DA:332,0
DA:348,1
LF:93
LH:3
BRDA:88,0,0,0
BRDA:88,0,1,0
BRDA:92,1,0,0
BRDA:92,1,1,0
BRDA:115,2,0,0
BRDA:115,2,1,0
BRDA:125,3,0,0
BRDA:125,3,1,0
BRDA:126,4,0,0
BRDA:126,4,1,0
BRDA:129,5,0,0
BRDA:129,5,1,0
BRDA:143,6,0,0
BRDA:143,6,1,0
BRDA:155,7,0,0
BRDA:155,7,1,0
BRDA:155,8,0,0
BRDA:155,8,1,0
BRDA:173,9,0,0
BRDA:173,9,1,0
BRDA:185,10,0,0
BRDA:185,10,1,0
BRDA:187,11,0,0
BRDA:187,11,1,0
BRDA:211,12,0,0
BRDA:211,12,1,0
BRDA:257,13,0,0
BRDA:257,13,1,0
BRDA:261,14,0,0
BRDA:261,14,1,0
BRDA:277,15,0,0
BRDA:277,15,1,0
BRDA:294,16,0,0
BRDA:294,16,1,0
BRDA:300,17,0,0
BRDA:300,17,1,0
BRDA:304,18,0,0
BRDA:304,18,1,0
BRDA:306,19,0,0
BRDA:306,19,1,0
BRDA:319,20,0,0
BRDA:319,20,1,0
BRDA:336,21,0,0
BRDA:336,21,1,0
BRF:44
BRH:0
end_of_record
TN:
SF:src/screens/ClubManageScreenold.tsx
FN:62,ClubManage
FN:70,(anonymous_1)
FN:74,(anonymous_2)
FN:108,(anonymous_3)
FN:129,(anonymous_4)
FN:144,(anonymous_5)
FN:152,(anonymous_6)
FN:167,(anonymous_7)
FN:213,(anonymous_8)
FN:225,(anonymous_9)
FN:230,(anonymous_10)
FN:230,(anonymous_11)
FN:240,(anonymous_12)
FN:270,(anonymous_13)
FNF:14
FNH:0
FNDA:0,ClubManage
FNDA:0,(anonymous_1)
FNDA:0,(anonymous_2)
FNDA:0,(anonymous_3)
FNDA:0,(anonymous_4)
FNDA:0,(anonymous_5)
FNDA:0,(anonymous_6)
FNDA:0,(anonymous_7)
FNDA:0,(anonymous_8)
FNDA:0,(anonymous_9)
FNDA:0,(anonymous_10)
FNDA:0,(anonymous_11)
FNDA:0,(anonymous_12)
FNDA:0,(anonymous_13)
DA:40,0
DA:63,0
DA:64,0
DA:65,0
DA:66,0
DA:67,0
DA:68,0
DA:70,0
DA:71,0
DA:74,0
DA:75,0
DA:76,0
DA:77,0
DA:78,0
DA:79,0
DA:81,0
DA:87,0
DA:88,0
DA:89,0
DA:95,0
DA:99,0
DA:100,0
DA:102,0
DA:108,0
DA:110,0
DA:111,0
DA:113,0
DA:114,0
DA:116,0
DA:121,0
DA:122,0
DA:123,0
DA:124,0
DA:126,0
DA:127,0
DA:128,0
DA:129,0
DA:130,0
DA:131,0
DA:134,0
DA:136,0
DA:137,0
DA:140,0
DA:144,0
DA:145,0
DA:153,0
DA:154,0
DA:155,0
DA:157,0
DA:158,0
DA:167,0
DA:168,0
DA:169,0
DA:170,0
DA:171,0
DA:174,0
DA:181,0
DA:182,0
DA:183,0
DA:184,0
DA:185,0
DA:186,0
DA:188,0
DA:189,0
DA:195,0
DA:199,0
DA:201,0
DA:206,0
DA:211,0
DA:213,0
DA:214,0
DA:216,0
DA:217,0
DA:219,0
DA:225,0
DA:226,0
DA:230,0
DA:240,0
DA:241,0
DA:270,0
DA:280,0
DA:305,0
LF:82
LH:0
BRDA:78,0,0,0
BRDA:78,0,1,0
BRDA:87,1,0,0
BRDA:87,1,1,0
BRDA:88,2,0,0
BRDA:88,2,1,0
BRDA:110,3,0,0
BRDA:110,3,1,0
BRDA:121,4,0,0
BRDA:121,4,1,0
BRDA:127,5,0,0
BRDA:127,5,1,0
BRDA:130,6,0,0
BRDA:130,6,1,0
BRDA:169,7,0,0
BRDA:169,7,1,0
BRDA:181,8,0,0
BRDA:181,8,1,0
BRDA:181,9,0,0
BRDA:181,9,1,0
BRDA:199,10,0,0
BRDA:199,10,1,0
BRDA:211,11,0,0
BRDA:211,11,1,0
BRDA:213,12,0,0
BRDA:213,12,1,0
BRDA:230,13,0,0
BRDA:230,13,1,0
BRDA:233,14,0,0
BRDA:233,14,1,0
BRDA:236,15,0,0
BRDA:236,15,1,0
BRDA:244,16,0,0
BRDA:244,16,1,0
BRDA:256,17,0,0
BRDA:256,17,1,0
BRDA:256,18,0,0
BRDA:256,18,1,0
BRDA:270,19,0,0
BRDA:270,19,1,0
BRDA:274,20,0,0
BRDA:274,20,1,0
BRDA:282,21,0,0
BRDA:282,21,1,0
BRDA:285,22,0,0
BRDA:285,22,1,0
BRF:46
BRH:0
end_of_record
TN:
SF:src/screens/EventManageScreen.tsx
FN:17,formatDate
FN:36,(anonymous_1)
FN:44,(anonymous_2)
FN:50,(anonymous_3)
FN:72,(anonymous_4)
FN:118,(anonymous_5)
FN:122,(anonymous_6)
FNF:7
FNH:0
FNDA:0,formatDate
FNDA:0,(anonymous_1)
FNDA:0,(anonymous_2)
FNDA:0,(anonymous_3)
FNDA:0,(anonymous_4)
FNDA:0,(anonymous_5)
FNDA:0,(anonymous_6)
DA:18,0
DA:36,1
DA:37,0
DA:38,0
DA:39,0
DA:40,0
DA:41,0
DA:44,0
DA:45,0
DA:50,0
DA:51,0
DA:52,0
DA:53,0
DA:54,0
DA:55,0
DA:56,0
DA:57,0
DA:58,0
DA:60,0
DA:61,0
DA:63,0
DA:64,0
DA:66,0
DA:68,0
DA:72,0
DA:73,0
DA:75,0
DA:89,0
DA:118,0
DA:122,0
DA:128,1
LF:31
LH:2
BRDA:54,0,0,0
BRDA:54,0,1,0
BRDA:61,1,0,0
BRDA:61,1,1,0
BRDA:108,2,0,0
BRDA:108,2,1,0
BRF:6
BRH:0
end_of_record
TN:
SF:src/screens/HomeOwnerScreen.tsx
FN:47,(anonymous_0)
FN:65,(anonymous_1)
FN:69,(anonymous_2)
FN:101,(anonymous_3)
FN:114,(anonymous_4)
FN:118,(anonymous_5)
FN:123,(anonymous_6)
FN:129,(anonymous_7)
FN:133,(anonymous_8)
FN:139,(anonymous_9)
FN:149,(anonymous_10)
FN:171,(anonymous_11)
FN:186,(anonymous_12)
FN:189,(anonymous_13)
FN:192,(anonymous_14)
FN:216,(anonymous_15)
FNF:16
FNH:4
FNDA:6,(anonymous_0)
FNDA:0,(anonymous_1)
FNDA:3,(anonymous_2)
FNDA:0,(anonymous_3)
FNDA:3,(anonymous_4)
FNDA:0,(anonymous_5)
FNDA:0,(anonymous_6)
FNDA:0,(anonymous_7)
FNDA:0,(anonymous_8)
FNDA:0,(anonymous_9)
FNDA:3,(anonymous_10)
FNDA:0,(anonymous_11)
FNDA:0,(anonymous_12)
FNDA:0,(anonymous_13)
FNDA:0,(anonymous_14)
FNDA:0,(anonymous_15)
DA:45,1
DA:47,1
DA:48,6
DA:49,6
DA:50,6
DA:51,6
DA:52,6
DA:53,6
DA:54,6
DA:55,6
DA:56,6
DA:63,6
DA:65,6
DA:66,0
DA:69,6
DA:70,3
DA:71,3
DA:72,3
DA:74,3
DA:79,3
DA:80,0
DA:82,3
DA:83,0
DA:85,3
DA:86,0
DA:88,3
DA:89,0
DA:91,3
DA:92,0
DA:95,3
DA:98,0
DA:100,0
DA:101,0
DA:102,0
DA:103,0
DA:106,3
DA:107,3
DA:109,3
DA:110,3
DA:114,6
DA:115,3
DA:118,6
DA:119,0
DA:120,0
DA:123,6
DA:124,0
DA:125,0
DA:129,6
DA:130,0
DA:133,6
DA:134,0
DA:135,0
DA:136,0
DA:139,6
DA:140,0
DA:141,0
DA:149,6
DA:150,3
DA:151,3
DA:158,6
DA:171,0
DA:187,0
DA:189,0
DA:192,0
DA:216,0
DA:225,1
LF:66
LH:40
BRDA:69,0,0,3
BRDA:69,1,0,3
BRDA:79,2,0,0
BRDA:79,2,1,3
BRDA:82,3,0,0
BRDA:82,3,1,3
BRDA:85,4,0,0
BRDA:85,4,1,3
BRDA:88,5,0,0
BRDA:88,5,1,3
BRDA:91,6,0,0
BRDA:91,6,1,3
BRDA:98,7,0,0
BRDA:98,7,1,0
BRDA:100,8,0,0
BRDA:100,8,1,0
BRDA:101,9,0,0
BRDA:101,9,1,0
BRDA:102,10,0,0
BRDA:102,10,1,0
BRDA:124,11,0,0
BRDA:124,11,1,0
BRDA:124,12,0,0
BRDA:124,12,1,0
BRDA:142,13,0,0
BRDA:142,13,1,0
BRDA:142,13,2,0
BRDA:142,13,3,0
BRDA:142,14,0,0
BRDA:142,14,1,0
BRDA:143,15,0,0
BRDA:143,15,1,0
BRDA:144,16,0,0
BRDA:144,16,1,0
BRDA:145,17,0,0
BRDA:145,17,1,0
BRDA:150,18,0,0
BRDA:150,18,1,3
BRDA:178,19,0,3
BRDA:178,19,1,3
BRF:40
BRH:10
end_of_record
TN:
SF:src/screens/MapOwnerScreen.tsx
FN:37,(anonymous_0)
FN:40,(anonymous_1)
FN:64,(anonymous_2)
FN:103,(anonymous_3)
FN:113,(anonymous_4)
FN:118,(anonymous_5)
FN:121,(anonymous_6)
FN:126,(anonymous_7)
FN:138,(anonymous_8)
FN:150,(anonymous_9)
FN:151,(anonymous_10)
FN:166,(anonymous_11)
FN:182,(anonymous_12)
FN:189,(anonymous_13)
FN:194,(anonymous_14)
FN:227,(anonymous_15)
FNF:16
FNH:13
FNDA:8,(anonymous_0)
FNDA:3,(anonymous_1)
FNDA:3,(anonymous_2)
FNDA:20,(anonymous_3)
FNDA:5,(anonymous_4)
FNDA:0,(anonymous_5)
FNDA:0,(anonymous_6)
FNDA:0,(anonymous_7)
FNDA:5,(anonymous_8)
FNDA:4,(anonymous_9)
FNDA:4,(anonymous_10)
FNDA:3,(anonymous_11)
FNDA:1,(anonymous_12)
FNDA:1,(anonymous_13)
FNDA:1,(anonymous_14)
FNDA:8,(anonymous_15)
DA:34,2
DA:35,2
DA:37,2
DA:38,8
DA:40,3
DA:64,2
DA:65,3
DA:103,2
DA:104,20
DA:105,19
DA:106,19
DA:107,19
DA:108,19
DA:109,19
DA:111,19
DA:113,19
DA:114,5
DA:117,19
DA:119,0
DA:122,0
DA:123,0
DA:127,0
DA:128,0
DA:130,0
DA:138,19
DA:139,5
DA:140,5
DA:141,5
DA:147,5
DA:149,4
DA:150,4
DA:151,4
DA:157,4
DA:159,1
DA:160,1
DA:162,5
DA:166,19
DA:167,3
DA:168,3
DA:169,3
DA:176,3
DA:182,19
DA:183,1
DA:184,1
DA:185,1
DA:189,19
DA:190,1
DA:194,1
DA:197,19
DA:198,10
DA:206,9
DA:207,1
DA:214,8
DA:228,8
DA:249,2
LF:55
LH:49
BRDA:44,0,0,8
BRDA:44,0,1,3
BRDA:45,1,0,3
BRDA:45,1,1,5
BRDA:48,2,0,8
BRDA:48,2,1,3
BRDA:122,3,0,0
BRDA:122,3,1,0
BRDA:127,4,0,0
BRDA:127,4,1,0
BRDA:147,5,0,1
BRDA:147,5,1,4
BRDA:150,6,0,4
BRDA:150,6,1,4
BRDA:168,7,0,3
BRDA:168,7,1,0
BRDA:183,8,0,1
BRDA:183,8,1,0
BRDA:197,9,0,10
BRDA:197,9,1,9
BRDA:206,10,0,1
BRDA:206,10,1,8
BRDA:221,11,0,8
BRDA:221,11,1,0
BRDA:222,12,0,8
BRDA:222,12,1,0
BRDA:236,13,0,8
BRDA:236,13,1,3
BRDA:306,14,0,2
BRDA:306,14,1,0
BRF:30
BRH:21
end_of_record
TN:
SF:src/screens/ReviewScreen.tsx
FN:28,(anonymous_0)
FN:38,(anonymous_1)
FN:63,(anonymous_2)
FN:67,(anonymous_3)
FN:83,(anonymous_4)
FN:90,(anonymous_5)
FN:91,(anonymous_6)
FNF:7
FNH:0
FNDA:0,(anonymous_0)
FNDA:0,(anonymous_1)
FNDA:0,(anonymous_2)
FNDA:0,(anonymous_3)
FNDA:0,(anonymous_4)
FNDA:0,(anonymous_5)
FNDA:0,(anonymous_6)
DA:28,1
DA:29,0
DA:30,0
DA:31,0
DA:32,0
DA:34,0
DA:35,0
DA:36,0
DA:38,0
DA:39,0
DA:40,0
DA:41,0
DA:43,0
DA:49,0
DA:50,0
DA:52,0
DA:53,0
DA:55,0
DA:58,0
DA:59,0
DA:63,0
DA:64,0
DA:67,0
DA:68,0
DA:69,0
DA:72,0
DA:73,0
DA:76,0
DA:77,0
DA:80,0
DA:83,0
DA:90,0
DA:91,0
DA:104,1
LF:34
LH:2
BRDA:49,0,0,0
BRDA:49,0,1,0
BRDA:50,1,0,0
BRDA:50,1,1,0
BRDA:52,2,0,0
BRDA:52,2,1,0
BRDA:72,3,0,0
BRDA:72,3,1,0
BRDA:72,4,0,0
BRDA:72,4,1,0
BRDA:76,5,0,0
BRDA:76,5,1,0
BRF:12
BRH:0
end_of_record
TN:
SF:src/screens/TicketsScreen.tsx
FN:46,(anonymous_0)
FN:62,(anonymous_1)
FN:70,(anonymous_2)
FN:109,(anonymous_3)
FN:123,(anonymous_4)
FN:126,(anonymous_5)
FN:128,(anonymous_6)
FN:149,(anonymous_7)
FN:158,(anonymous_8)
FN:193,(anonymous_9)
FN:207,(anonymous_10)
FN:208,(anonymous_11)
FN:217,(anonymous_12)
FN:221,(anonymous_13)
FN:292,(anonymous_14)
FN:293,(anonymous_15)
FN:294,(anonymous_16)
FN:315,(anonymous_17)
FN:316,(anonymous_18)
FN:319,(anonymous_19)
FN:321,(anonymous_20)
FN:350,(anonymous_21)
FN:355,(anonymous_22)
FN:364,(anonymous_23)
FN:368,(anonymous_24)
FN:372,(anonymous_25)
FNF:26
FNH:21
FNDA:35,(anonymous_0)
FNDA:5,(anonymous_1)
FNDA:5,(anonymous_2)
FNDA:23,(anonymous_3)
FNDA:23,(anonymous_4)
FNDA:23,(anonymous_5)
FNDA:15,(anonymous_6)
FNDA:0,(anonymous_7)
FNDA:1,(anonymous_8)
FNDA:3,(anonymous_9)
FNDA:1,(anonymous_10)
FNDA:1,(anonymous_11)
FNDA:1,(anonymous_12)
FNDA:1,(anonymous_13)
FNDA:12,(anonymous_14)
FNDA:9,(anonymous_15)
FNDA:1,(anonymous_16)
FNDA:58,(anonymous_17)
FNDA:52,(anonymous_18)
FNDA:0,(anonymous_19)
FNDA:2,(anonymous_20)
FNDA:0,(anonymous_21)
FNDA:0,(anonymous_22)
FNDA:0,(anonymous_23)
FNDA:1,(anonymous_24)
FNDA:1,(anonymous_25)
DA:21,2
DA:43,2
DA:44,2
DA:46,2
DA:47,35
DA:48,35
DA:49,35
DA:50,35
DA:51,35
DA:52,35
DA:53,35
DA:54,35
DA:55,35
DA:56,35
DA:57,35
DA:58,35
DA:59,35
DA:62,35
DA:63,5
DA:70,35
DA:71,5
DA:72,5
DA:73,5
DA:74,5
DA:75,5
DA:77,5
DA:79,5
DA:80,5
DA:81,5
DA:83,5
DA:85,0
DA:92,5
DA:103,5
DA:104,0
DA:108,5
DA:110,23
DA:116,23
DA:121,5
DA:122,5
DA:123,23
DA:125,5
DA:126,23
DA:129,15
DA:131,5
DA:132,5
DA:133,2
DA:136,5
DA:137,5
DA:140,0
DA:142,5
DA:149,35
DA:150,0
DA:151,0
DA:152,0
DA:158,35
DA:159,1
DA:160,1
DA:161,1
DA:162,1
DA:163,1
DA:165,1
DA:166,1
DA:167,1
DA:168,0
DA:171,1
DA:172,1
DA:184,1
DA:185,1
DA:186,1
DA:187,0
DA:190,1
DA:192,1
DA:194,3
DA:199,3
DA:200,3
DA:204,1
DA:205,1
DA:207,1
DA:208,1
DA:211,0
DA:213,1
DA:217,35
DA:218,1
DA:221,35
DA:222,1
DA:224,1
DA:227,1
DA:238,1
DA:239,0
DA:240,0
DA:242,0
DA:246,1
DA:247,1
DA:248,1
DA:249,1
DA:250,1
DA:252,1
DA:258,35
DA:259,17
DA:262,18
DA:263,1
DA:266,17
DA:292,12
DA:294,9
DA:315,58
DA:317,52
DA:319,0
DA:322,2
DA:323,2
DA:350,0
DA:355,0
DA:364,0
DA:370,1
DA:373,1
DA:374,1
DA:375,1
DA:376,1
DA:389,2
LF:118
LH:102
BRDA:83,0,0,0
BRDA:83,0,1,5
BRDA:83,1,0,5
BRDA:83,1,1,5
BRDA:103,2,0,0
BRDA:103,2,1,5
BRDA:109,3,0,5
BRDA:109,3,1,0
BRDA:116,4,0,0
BRDA:116,4,1,23
BRDA:132,5,0,2
BRDA:132,5,1,3
BRDA:140,6,0,0
BRDA:140,6,1,0
BRDA:162,7,0,0
BRDA:162,7,1,1
BRDA:162,8,0,1
BRDA:162,8,1,1
BRDA:167,9,0,0
BRDA:167,9,1,1
BRDA:167,10,0,1
BRDA:167,10,1,1
BRDA:186,11,0,0
BRDA:186,11,1,1
BRDA:190,12,0,1
BRDA:190,12,1,0
BRDA:200,13,0,0
BRDA:200,13,1,3
BRDA:204,14,0,1
BRDA:204,14,1,0
BRDA:211,15,0,0
BRDA:211,15,1,0
BRDA:222,16,0,0
BRDA:222,16,1,1
BRDA:238,17,0,0
BRDA:238,17,1,1
BRDA:239,18,0,0
BRDA:239,18,1,0
BRDA:252,19,0,1
BRDA:252,19,1,0
BRDA:258,20,0,17
BRDA:258,20,1,18
BRDA:262,21,0,1
BRDA:262,21,1,17
BRDA:334,22,0,4
BRDA:334,22,1,13
BRDA:352,23,0,17
BRDA:352,23,1,1
BRDA:367,24,0,17
BRDA:367,24,1,17
BRF:50
BRH:31
end_of_record
TN:
SF:src/screens/HomeScreen/ClubScreen.tsx
FN:63,(anonymous_0)
FN:75,(anonymous_1)
FN:122,(anonymous_2)
FN:126,(anonymous_3)
FN:163,(anonymous_4)
FN:177,(anonymous_5)
FN:194,(anonymous_6)
FNF:7
FNH:0
FNDA:0,(anonymous_0)
FNDA:0,(anonymous_1)
FNDA:0,(anonymous_2)
FNDA:0,(anonymous_3)
FNDA:0,(anonymous_4)
FNDA:0,(anonymous_5)
FNDA:0,(anonymous_6)
DA:16,1
DA:63,1
DA:64,0
DA:65,0
DA:66,0
DA:67,0
DA:68,0
DA:69,0
DA:71,0
DA:72,0
DA:73,0
DA:75,0
DA:76,0
DA:77,0
DA:78,0
DA:80,0
DA:86,0
DA:87,0
DA:89,0
DA:96,0
DA:97,0
DA:99,0
DA:106,0
DA:107,0
DA:110,0
DA:111,0
DA:113,0
DA:116,0
DA:117,0
DA:122,0
DA:123,0
DA:126,0
DA:127,0
DA:128,0
DA:131,0
DA:132,0
DA:135,0
DA:136,0
DA:139,0
DA:140,0
DA:143,0
DA:163,0
DA:177,0
DA:194,0
DA:210,1
LF:45
LH:3
BRDA:86,0,0,0
BRDA:86,0,1,0
BRDA:96,1,0,0
BRDA:96,1,1,0
BRDA:97,2,0,0
BRDA:97,2,1,0
BRDA:106,3,0,0
BRDA:106,3,1,0
BRDA:107,4,0,0
BRDA:107,4,1,0
BRDA:110,5,0,0
BRDA:110,5,1,0
BRDA:131,6,0,0
BRDA:131,6,1,0
BRDA:131,7,0,0
BRDA:131,7,1,0
BRDA:135,8,0,0
BRDA:135,8,1,0
BRDA:139,9,0,0
BRDA:139,9,1,0
BRDA:154,10,0,0
BRDA:154,10,1,0
BRDA:168,11,0,0
BRDA:168,11,1,0
BRDA:181,12,0,0
BRDA:181,12,1,0
BRDA:198,13,0,0
BRDA:198,13,1,0
BRF:28
BRH:0
end_of_record
TN:
SF:src/screens/HomeScreen/HomeScreen.tsx
FN:47,(anonymous_0)
FN:65,(anonymous_1)
FN:69,(anonymous_2)
FN:101,(anonymous_3)
FN:114,(anonymous_4)
FN:118,(anonymous_5)
FN:123,(anonymous_6)
FN:129,(anonymous_7)
FN:133,(anonymous_8)
FN:139,(anonymous_9)
FN:149,(anonymous_10)
FN:171,(anonymous_11)
FN:186,(anonymous_12)
FN:189,(anonymous_13)
FN:192,(anonymous_14)
FN:216,(anonymous_15)
FNF:16
FNH:13
FNDA:54,(anonymous_0)
FNDA:1,(anonymous_1)
FNDA:10,(anonymous_2)
FNDA:9,(anonymous_3)
FNDA:8,(anonymous_4)
FNDA:1,(anonymous_5)
FNDA:0,(anonymous_6)
FNDA:1,(anonymous_7)
FNDA:1,(anonymous_8)
FNDA:78,(anonymous_9)
FNDA:34,(anonymous_10)
FNDA:0,(anonymous_11)
FNDA:47,(anonymous_12)
FNDA:1,(anonymous_13)
FNDA:56,(anonymous_14)
FNDA:0,(anonymous_15)
DA:45,1
DA:47,1
DA:48,54
DA:49,54
DA:50,54
DA:51,54
DA:52,54
DA:53,54
DA:54,54
DA:55,54
DA:56,54
DA:63,54
DA:65,54
DA:66,1
DA:69,54
DA:70,10
DA:71,10
DA:72,10
DA:74,10
DA:79,10
DA:80,0
DA:82,10
DA:83,0
DA:85,10
DA:86,1
DA:88,10
DA:89,0
DA:91,10
DA:92,0
DA:95,10
DA:98,10
DA:100,9
DA:101,9
DA:102,9
DA:103,9
DA:106,1
DA:107,1
DA:109,10
DA:110,10
DA:114,54
DA:115,8
DA:118,54
DA:119,1
DA:120,1
DA:123,54
DA:124,0
DA:125,0
DA:129,54
DA:130,1
DA:133,54
DA:134,1
DA:135,1
DA:136,1
DA:139,54
DA:140,78
DA:141,78
DA:149,54
DA:150,34
DA:151,22
DA:158,54
DA:171,0
DA:187,47
DA:189,1
DA:192,56
DA:216,0
DA:225,1
LF:66
LH:58
BRDA:69,0,0,8
BRDA:69,1,0,8
BRDA:79,2,0,0
BRDA:79,2,1,10
BRDA:82,3,0,0
BRDA:82,3,1,10
BRDA:85,4,0,1
BRDA:85,4,1,9
BRDA:88,5,0,0
BRDA:88,5,1,10
BRDA:91,6,0,0
BRDA:91,6,1,10
BRDA:98,7,0,1
BRDA:98,7,1,9
BRDA:100,8,0,9
BRDA:100,8,1,0
BRDA:101,9,0,2
BRDA:101,9,1,7
BRDA:102,10,0,9
BRDA:102,10,1,9
BRDA:124,11,0,0
BRDA:124,11,1,0
BRDA:124,12,0,0
BRDA:124,12,1,0
BRDA:142,13,0,78
BRDA:142,13,1,1
BRDA:142,13,2,1
BRDA:142,13,3,1
BRDA:142,14,0,78
BRDA:142,14,1,0
BRDA:143,15,0,1
BRDA:143,15,1,0
BRDA:144,16,0,1
BRDA:144,16,1,0
BRDA:145,17,0,1
BRDA:145,17,1,0
BRDA:150,18,0,12
BRDA:150,18,1,22
BRDA:178,19,0,3
BRDA:178,19,1,51
BRF:40
BRH:27
end_of_record
TN:
SF:src/screens/Login/ForgotPassword.tsx
FN:8,ForgotPasswordScreen
FN:14,(anonymous_1)
FN:57,(anonymous_2)
FNF:3
FNH:0
FNDA:0,ForgotPasswordScreen
FNDA:0,(anonymous_1)
FNDA:0,(anonymous_2)
DA:9,0
DA:10,0
DA:11,0
DA:12,0
DA:14,0
DA:15,0
DA:16,0
DA:17,0
DA:19,0
DA:20,0
DA:22,0
DA:23,0
DA:27,0
DA:57,0
DA:64,1
LF:15
LH:1
BRDA:19,0,0,0
BRDA:19,0,1,0
BRDA:29,1,0,0
BRDA:29,1,1,0
BRDA:51,2,0,0
BRDA:51,2,1,0
BRF:6
BRH:0
end_of_record
TN:
SF:src/screens/Login/LoginScreen.tsx
FN:15,LoginScreen
FN:25,(anonymous_1)
FN:91,(anonymous_2)
FN:116,(anonymous_3)
FN:119,(anonymous_4)
FN:125,(anonymous_5)
FNF:6
FNH:0
FNDA:0,LoginScreen
FNDA:0,(anonymous_1)
FNDA:0,(anonymous_2)
FNDA:0,(anonymous_3)
FNDA:0,(anonymous_4)
FNDA:0,(anonymous_5)
DA:13,0
DA:16,0
DA:17,0
DA:18,0
DA:19,0
DA:20,0
DA:21,0
DA:22,0
DA:23,0
DA:25,0
DA:26,0
DA:27,0
DA:28,0
DA:30,0
DA:31,0
DA:35,0
DA:37,0
DA:38,0
DA:39,0
DA:43,0
DA:91,0
DA:116,0
DA:119,0
DA:125,0
DA:137,0
LF:25
LH:0
BRDA:26,0,0,0
BRDA:26,0,1,0
BRDA:26,1,0,0
BRDA:26,1,1,0
BRDA:38,2,0,0
BRDA:38,2,1,0
BRDA:51,3,0,0
BRDA:51,3,1,0
BRDA:92,4,0,0
BRDA:92,4,1,0
BRDA:97,5,0,0
BRDA:97,5,1,0
BRDA:97,5,2,0
BRDA:99,6,0,0
BRDA:99,6,1,0
BRDA:99,6,2,0
BRDA:107,7,0,0
BRDA:107,7,1,0
BRF:18
BRH:0
end_of_record
TN:
SF:src/screens/Login/OwnerLogScreen.tsx
FN:10,OwnerLoginScreen
FN:19,(anonymous_1)
FN:37,(anonymous_2)
FN:99,(anonymous_3)
FN:102,(anonymous_4)
FNF:5
FNH:0
FNDA:0,OwnerLoginScreen
FNDA:0,(anonymous_1)
FNDA:0,(anonymous_2)
FNDA:0,(anonymous_3)
FNDA:0,(anonymous_4)
DA:11,0
DA:12,0
DA:13,0
DA:14,0
DA:15,0
DA:16,0
DA:17,0
DA:19,0
DA:20,0
DA:21,0
DA:23,0
DA:24,0
DA:27,0
DA:28,0
DA:30,0
DA:31,0
DA:33,0
DA:37,0
DA:38,0
DA:39,0
DA:44,0
DA:45,0
DA:46,0
DA:49,0
DA:50,0
DA:51,0
DA:58,0
DA:99,0
DA:102,0
DA:109,1
LF:30
LH:1
BRDA:23,0,0,0
BRDA:23,0,1,0
BRDA:27,1,0,0
BRDA:27,1,1,0
BRDA:45,2,0,0
BRDA:45,2,1,0
BRDA:60,3,0,0
BRDA:60,3,1,0
BRDA:93,4,0,0
BRDA:93,4,1,0
BRF:10
BRH:0
end_of_record
TN:
SF:src/screens/Login/OwnerRegisterScreen.tsx
FN:14,OwnerRegisterScreen
FN:27,(anonymous_1)
FN:35,(anonymous_2)
FN:74,(anonymous_3)
FN:84,(anonymous_4)
FN:99,(anonymous_5)
FN:112,(anonymous_6)
FN:143,(anonymous_7)
FN:164,(anonymous_8)
FN:172,(anonymous_9)
FN:173,(anonymous_10)
FN:177,(anonymous_11)
FN:181,(anonymous_12)
FN:200,(anonymous_13)
FN:213,(anonymous_14)
FN:227,(anonymous_15)
FNF:16
FNH:0
FNDA:0,OwnerRegisterScreen
FNDA:0,(anonymous_1)
FNDA:0,(anonymous_2)
FNDA:0,(anonymous_3)
FNDA:0,(anonymous_4)
FNDA:0,(anonymous_5)
FNDA:0,(anonymous_6)
FNDA:0,(anonymous_7)
FNDA:0,(anonymous_8)
FNDA:0,(anonymous_9)
FNDA:0,(anonymous_10)
FNDA:0,(anonymous_11)
FNDA:0,(anonymous_12)
FNDA:0,(anonymous_13)
FNDA:0,(anonymous_14)
FNDA:0,(anonymous_15)
DA:15,0
DA:16,0
DA:17,0
DA:18,0
DA:19,0
DA:20,0
DA:21,0
DA:22,0
DA:23,0
DA:24,0
DA:25,0
DA:26,0
DA:27,0
DA:28,0
DA:29,0
DA:31,0
DA:35,0
DA:36,0
DA:38,0
DA:39,0
DA:40,0
DA:43,0
DA:45,0
DA:46,0
DA:47,0
DA:48,0
DA:49,0
DA:51,0
DA:61,0
DA:65,0
DA:67,0
DA:68,0
DA:74,0
DA:75,0
DA:76,0
DA:77,0
DA:80,0
DA:81,0
DA:82,0
DA:84,0
DA:85,0
DA:87,0
DA:88,0
DA:97,0
DA:99,0
DA:105,0
DA:112,0
DA:113,0
DA:114,0
DA:115,0
DA:116,0
DA:117,0
DA:118,0
DA:123,0
DA:143,0
DA:144,0
DA:165,0
DA:166,0
DA:172,0
DA:173,0
DA:180,0
DA:181,0
DA:200,0
DA:201,0
DA:213,0
DA:214,0
DA:227,0
DA:239,1
LF:68
LH:1
BRDA:28,0,0,0
BRDA:28,0,1,0
BRDA:28,1,0,0
BRDA:28,1,1,0
BRDA:28,1,2,0
BRDA:28,1,3,0
BRDA:38,2,0,0
BRDA:38,2,1,0
BRDA:38,3,0,0
BRDA:38,3,1,0
BRDA:75,4,0,0
BRDA:75,4,1,0
BRDA:85,5,0,0
BRDA:85,5,1,0
BRDA:125,6,0,0
BRDA:125,6,1,0
BRDA:133,7,0,0
BRDA:133,7,1,0
BRDA:155,8,0,0
BRDA:155,8,1,0
BRDA:168,9,0,0
BRDA:168,9,1,0
BRDA:221,10,0,0
BRDA:221,10,1,0
BRDA:232,11,0,0
BRDA:232,11,1,0
BRF:26
BRH:0
end_of_record
TN:
SF:src/screens/Login/RegisterScreen.tsx
FNF:0
FNH:0
LF:0
LH:0
BRF:0
BRH:0
end_of_record
TN:
SF:src/screens/Login/registerScreen/RegisterScreen.tsx
FN:14,RegisterScreen
FN:29,(anonymous_1)
FN:34,(anonymous_2)
FN:37,(anonymous_3)
FN:40,(anonymous_4)
FN:50,(anonymous_5)
FN:55,(anonymous_6)
FN:59,(anonymous_7)
FN:67,(anonymous_8)
FN:143,(anonymous_9)
FN:150,(anonymous_10)
FN:161,(anonymous_11)
FN:232,(anonymous_12)
FN:233,(anonymous_13)
FN:237,(anonymous_14)
FNF:15
FNH:0
FNDA:0,RegisterScreen
FNDA:0,(anonymous_1)
FNDA:0,(anonymous_2)
FNDA:0,(anonymous_3)
FNDA:0,(anonymous_4)
FNDA:0,(anonymous_5)
FNDA:0,(anonymous_6)
FNDA:0,(anonymous_7)
FNDA:0,(anonymous_8)
FNDA:0,(anonymous_9)
FNDA:0,(anonymous_10)
FNDA:0,(anonymous_11)
FNDA:0,(anonymous_12)
FNDA:0,(anonymous_13)
FNDA:0,(anonymous_14)
DA:17,0
DA:21,0
DA:22,0
DA:29,0
DA:30,0
DA:31,0
DA:32,0
DA:34,0
DA:35,0
DA:37,0
DA:38,0
DA:40,0
DA:41,0
DA:42,0
DA:43,0
DA:47,0
DA:48,0
DA:49,0
DA:50,0
DA:51,0
DA:52,0
DA:54,0
DA:55,0
DA:56,0
DA:57,0
DA:59,0
DA:60,0
DA:61,0
DA:63,0
DA:67,0
DA:87,0
DA:90,0
DA:91,0
DA:92,0
DA:93,0
DA:94,0
DA:95,0
DA:98,0
DA:99,0
DA:143,0
DA:150,0
DA:155,0
DA:156,0
DA:161,0
DA:232,0
DA:233,0
DA:237,0
DA:296,0
LF:48
LH:0
BRDA:30,0,0,0
BRDA:30,0,1,0
BRDA:60,1,0,0
BRDA:60,1,1,0
BRDA:98,2,0,0
BRDA:98,2,1,0
BRDA:101,3,0,0
BRDA:101,3,1,0
BRDA:144,4,0,0
BRDA:144,4,1,0
BRDA:155,5,0,0
BRDA:155,5,1,0
BRDA:158,6,0,0
BRDA:158,6,1,0
BRDA:187,7,0,0
BRDA:187,7,1,0
BRDA:210,8,0,0
BRDA:210,8,1,0
BRDA:210,9,0,0
BRDA:210,9,1,0
BRDA:270,10,0,0
BRDA:270,10,1,0
BRF:22
BRH:0
end_of_record
TN:
SF:src/screens/Login/registerScreen/firstRegisterPhase.tsx
FN:23,(anonymous_0)
FNF:1
FNH:0
FNDA:0,(anonymous_0)
DA:23,1
DA:26,0
DA:27,0
DA:31,0
DA:87,1
LF:5
LH:2
BRF:0
BRH:0
end_of_record
TN:
SF:src/screens/Login/registerScreen/index.tsx
FN:17,RegisterScreen
FN:37,(anonymous_1)
FN:118,(anonymous_2)
FN:134,(anonymous_3)
FN:159,(anonymous_4)
FN:189,(anonymous_5)
FN:192,(anonymous_6)
FNF:7
FNH:0
FNDA:0,RegisterScreen
FNDA:0,(anonymous_1)
FNDA:0,(anonymous_2)
FNDA:0,(anonymous_3)
FNDA:0,(anonymous_4)
FNDA:0,(anonymous_5)
FNDA:0,(anonymous_6)
DA:20,0
DA:23,0
DA:26,0
DA:27,0
DA:28,0
DA:29,0
DA:30,0
DA:31,0
DA:32,0
DA:33,0
DA:34,0
DA:37,0
DA:39,0
DA:40,0
DA:41,0
DA:42,0
DA:45,0
DA:46,0
DA:47,0
DA:48,0
DA:51,0
DA:52,0
DA:53,0
DA:54,0
DA:57,0
DA:58,0
DA:59,0
DA:60,0
DA:64,0
DA:65,0
DA:70,0
DA:73,0
DA:74,0
DA:75,0
DA:78,0
DA:80,0
DA:88,0
DA:89,0
DA:92,0
DA:103,0
DA:104,0
DA:109,0
DA:110,0
DA:118,0
DA:119,0
DA:120,0
DA:122,0
DA:127,0
DA:134,0
DA:159,0
DA:189,0
DA:192,0
DA:201,1
LF:53
LH:1
BRDA:39,0,0,0
BRDA:39,0,1,0
BRDA:39,1,0,0
BRDA:39,1,1,0
BRDA:39,1,2,0
BRDA:45,2,0,0
BRDA:45,2,1,0
BRDA:51,3,0,0
BRDA:51,3,1,0
BRDA:51,4,0,0
BRDA:51,4,1,0
BRDA:51,4,2,0
BRDA:57,5,0,0
BRDA:57,5,1,0
BRDA:57,6,0,0
BRDA:57,6,1,0
BRDA:70,7,0,0
BRDA:70,7,1,0
BRDA:74,8,0,0
BRDA:74,8,1,0
BRDA:88,9,0,0
BRDA:88,9,1,0
BRDA:103,10,0,0
BRDA:103,10,1,0
BRDA:119,11,0,0
BRDA:119,11,1,0
BRDA:129,12,0,0
BRDA:129,12,1,0
BRDA:132,13,0,0
BRDA:132,13,1,0
BRDA:145,14,0,0
BRDA:145,14,1,0
BRDA:171,15,0,0
BRDA:171,15,1,0
BRF:34
BRH:0
end_of_record
TN:
SF:src/screens/Login/registerScreen/secondRegisterPhase.tsx
FN:25,(anonymous_0)
FN:36,(anonymous_1)
FN:41,(anonymous_2)
FN:44,(anonymous_3)
FN:47,(anonymous_4)
FN:56,(anonymous_5)
FN:61,(anonymous_6)
FN:65,(anonymous_7)
FN:73,(anonymous_8)
FN:163,(anonymous_9)
FN:164,(anonymous_10)
FN:168,(anonymous_11)
FNF:12
FNH:0
FNDA:0,(anonymous_0)
FNDA:0,(anonymous_1)
FNDA:0,(anonymous_2)
FNDA:0,(anonymous_3)
FNDA:0,(anonymous_4)
FNDA:0,(anonymous_5)
FNDA:0,(anonymous_6)
FNDA:0,(anonymous_7)
FNDA:0,(anonymous_8)
FNDA:0,(anonymous_9)
FNDA:0,(anonymous_10)
FNDA:0,(anonymous_11)
DA:25,1
DA:29,0
DA:36,0
DA:37,0
DA:38,0
DA:39,0
DA:41,0
DA:42,0
DA:44,0
DA:45,0
DA:47,0
DA:48,0
DA:49,0
DA:50,0
DA:54,0
DA:55,0
DA:56,0
DA:57,0
DA:58,0
DA:60,0
DA:61,0
DA:62,0
DA:63,0
DA:65,0
DA:66,0
DA:67,0
DA:69,0
DA:73,0
DA:96,0
DA:163,0
DA:164,0
DA:168,0
DA:204,1
LF:33
LH:2
BRDA:37,0,0,0
BRDA:37,0,1,0
BRDA:54,1,0,0
BRDA:54,1,1,0
BRDA:66,2,0,0
BRDA:66,2,1,0
BRDA:118,3,0,0
BRDA:118,3,1,0
BRDA:141,4,0,0
BRDA:141,4,1,0
BRDA:141,5,0,0
BRDA:141,5,1,0
BRF:12
BRH:0
end_of_record
TN:
SF:src/screens/MapScreen/MapScreen.tsx
FN:35,(anonymous_0)
FN:38,(anonymous_1)
FN:62,(anonymous_2)
FN:101,(anonymous_3)
FN:111,(anonymous_4)
FN:116,(anonymous_5)
FN:119,(anonymous_6)
FN:124,(anonymous_7)
FN:136,(anonymous_8)
FN:153,(anonymous_9)
FN:154,(anonymous_10)
FN:169,(anonymous_11)
FN:186,(anonymous_12)
FN:193,(anonymous_13)
FN:198,(anonymous_14)
FN:231,(anonymous_15)
FNF:16
FNH:13
FNDA:8,(anonymous_0)
FNDA:3,(anonymous_1)
FNDA:3,(anonymous_2)
FNDA:20,(anonymous_3)
FNDA:5,(anonymous_4)
FNDA:0,(anonymous_5)
FNDA:0,(anonymous_6)
FNDA:0,(anonymous_7)
FNDA:5,(anonymous_8)
FNDA:4,(anonymous_9)
FNDA:4,(anonymous_10)
FNDA:3,(anonymous_11)
FNDA:1,(anonymous_12)
FNDA:1,(anonymous_13)
FNDA:1,(anonymous_14)
FNDA:8,(anonymous_15)
DA:32,2
DA:33,2
DA:35,2
DA:36,8
DA:38,3
DA:62,2
DA:63,3
DA:101,2
DA:102,20
DA:103,19
DA:104,19
DA:105,19
DA:106,19
DA:107,19
DA:109,19
DA:111,19
DA:112,5
DA:115,19
DA:117,0
DA:120,0
DA:121,0
DA:125,0
DA:126,0
DA:128,0
DA:136,19
DA:137,5
DA:138,5
DA:140,5
DA:148,5
DA:152,4
DA:153,4
DA:154,4
DA:160,4
DA:163,1
DA:165,5
DA:169,19
DA:170,3
DA:172,3
DA:173,3
DA:180,3
DA:186,19
DA:187,1
DA:188,1
DA:189,1
DA:193,19
DA:194,1
DA:198,1
DA:201,19
DA:202,10
DA:210,9
DA:211,1
DA:218,8
DA:232,8
DA:253,2
LF:54
LH:48
BRDA:42,0,0,8
BRDA:42,0,1,3
BRDA:43,1,0,3
BRDA:43,1,1,5
BRDA:46,2,0,8
BRDA:46,2,1,3
BRDA:120,3,0,0
BRDA:120,3,1,0
BRDA:125,4,0,0
BRDA:125,4,1,0
BRDA:148,5,0,1
BRDA:148,5,1,4
BRDA:153,6,0,4
BRDA:153,6,1,4
BRDA:172,7,0,3
BRDA:172,7,1,0
BRDA:187,8,0,1
BRDA:187,8,1,0
BRDA:201,9,0,10
BRDA:201,9,1,9
BRDA:210,10,0,1
BRDA:210,10,1,8
BRDA:225,11,0,8
BRDA:225,11,1,0
BRDA:226,12,0,8
BRDA:226,12,1,0
BRDA:240,13,0,8
BRDA:240,13,1,3
BRDA:311,14,0,2
BRDA:311,14,1,0
BRF:30
BRH:21
end_of_record
TN:
SF:src/screens/ProfileScreen/EditProfileScreen.tsx
FN:50,EditProfileScreen
FN:57,(anonymous_1)
FN:61,(anonymous_2)
FN:94,(anonymous_3)
FN:125,(anonymous_4)
FN:140,(anonymous_5)
FN:146,(anonymous_6)
FN:158,(anonymous_7)
FN:163,(anonymous_8)
FN:163,(anonymous_9)
FN:172,(anonymous_10)
FN:173,(anonymous_11)
FN:181,(anonymous_12)
FN:194,(anonymous_13)
FN:209,(anonymous_14)
FN:210,(anonymous_15)
FN:215,(anonymous_16)
FNF:17
FNH:0
FNDA:0,EditProfileScreen
FNDA:0,(anonymous_1)
FNDA:0,(anonymous_2)
FNDA:0,(anonymous_3)
FNDA:0,(anonymous_4)
FNDA:0,(anonymous_5)
FNDA:0,(anonymous_6)
FNDA:0,(anonymous_7)
FNDA:0,(anonymous_8)
FNDA:0,(anonymous_9)
FNDA:0,(anonymous_10)
FNDA:0,(anonymous_11)
FNDA:0,(anonymous_12)
FNDA:0,(anonymous_13)
FNDA:0,(anonymous_14)
FNDA:0,(anonymous_15)
FNDA:0,(anonymous_16)
DA:34,1
DA:41,1
DA:51,0
DA:52,0
DA:53,0
DA:54,0
DA:55,0
DA:57,0
DA:58,0
DA:61,0
DA:62,0
DA:63,0
DA:64,0
DA:65,0
DA:67,0
DA:73,0
DA:74,0
DA:75,0
DA:87,0
DA:88,0
DA:90,0
DA:94,0
DA:95,0
DA:97,0
DA:98,0
DA:99,0
DA:101,0
DA:112,0
DA:114,0
DA:118,0
DA:120,0
DA:121,0
DA:123,0
DA:124,0
DA:125,0
DA:126,0
DA:127,0
DA:130,0
DA:132,0
DA:133,0
DA:136,0
DA:140,0
DA:141,0
DA:147,0
DA:148,0
DA:149,0
DA:158,0
DA:159,0
DA:163,0
DA:172,0
DA:173,0
DA:176,0
DA:181,0
DA:194,0
DA:210,0
DA:216,0
DA:264,1
LF:57
LH:3
BRDA:65,0,0,0
BRDA:65,0,1,0
BRDA:73,1,0,0
BRDA:73,1,1,0
BRDA:74,2,0,0
BRDA:74,2,1,0
BRDA:82,3,0,0
BRDA:82,3,1,0
BRDA:95,4,0,0
BRDA:95,4,1,0
BRDA:112,5,0,0
BRDA:112,5,1,0
BRDA:118,6,0,0
BRDA:118,6,1,0
BRDA:123,7,0,0
BRDA:123,7,1,0
BRDA:126,8,0,0
BRDA:126,8,1,0
BRDA:142,9,0,0
BRDA:142,9,1,0
BRDA:148,10,0,0
BRDA:148,10,1,0
BRDA:148,11,0,0
BRDA:148,11,1,0
BRDA:163,12,0,0
BRDA:163,12,1,0
BRDA:168,13,0,0
BRDA:168,13,1,0
BRDA:173,14,0,0
BRDA:173,14,1,0
BRDA:198,15,0,0
BRDA:198,15,1,0
BRDA:201,16,0,0
BRDA:201,16,1,0
BRDA:210,17,0,0
BRDA:210,17,1,0
BRDA:243,18,0,0
BRDA:243,18,1,0
BRDA:256,19,0,0
BRDA:256,19,1,0
BRF:40
BRH:0
end_of_record
TN:
SF:src/screens/ProfileScreen/ProfileScreen.tsx
FN:43,(anonymous_0)
FN:56,(anonymous_1)
FN:61,ProfileScreen
FN:67,(anonymous_3)
FN:105,(anonymous_4)
FN:110,(anonymous_5)
FN:118,(anonymous_6)
FN:133,(anonymous_7)
FN:178,(anonymous_8)
FN:189,(anonymous_9)
FN:204,(anonymous_10)
FN:230,(anonymous_11)
FNF:12
FNH:0
FNDA:0,(anonymous_0)
FNDA:0,(anonymous_1)
FNDA:0,ProfileScreen
FNDA:0,(anonymous_3)
FNDA:0,(anonymous_4)
FNDA:0,(anonymous_5)
FNDA:0,(anonymous_6)
FNDA:0,(anonymous_7)
FNDA:0,(anonymous_8)
FNDA:0,(anonymous_9)
FNDA:0,(anonymous_10)
FNDA:0,(anonymous_11)
DA:36,1
DA:43,1
DA:44,0
DA:46,0
DA:48,0
DA:50,0
DA:52,0
DA:56,1
DA:57,0
DA:58,0
DA:62,0
DA:63,0
DA:64,0
DA:65,0
DA:67,0
DA:68,0
DA:69,0
DA:70,0
DA:71,0
DA:73,0
DA:79,0
DA:80,0
DA:82,0
DA:83,0
DA:84,0
DA:97,0
DA:98,0
DA:100,0
DA:104,0
DA:106,0
DA:110,0
DA:111,0
DA:119,0
DA:120,0
DA:123,0
DA:124,0
DA:133,0
DA:134,0
DA:135,0
DA:136,0
DA:137,0
DA:140,0
DA:147,0
DA:148,0
DA:149,0
DA:150,0
DA:151,0
DA:152,0
DA:154,0
DA:155,0
DA:161,0
DA:165,0
DA:167,0
DA:171,0
DA:176,0
DA:178,0
DA:179,0
DA:181,0
DA:182,0
DA:184,0
DA:189,0
DA:190,0
DA:204,0
DA:205,0
DA:230,0
DA:238,0
DA:259,1
LF:67
LH:4
BRDA:44,0,0,0
BRDA:44,0,1,0
BRDA:44,0,2,0
BRDA:44,0,3,0
BRDA:58,1,0,0
BRDA:58,1,1,0
BRDA:71,2,0,0
BRDA:71,2,1,0
BRDA:82,3,0,0
BRDA:82,3,1,0
BRDA:83,4,0,0
BRDA:83,4,1,0
BRDA:135,5,0,0
BRDA:135,5,1,0
BRDA:147,6,0,0
BRDA:147,6,1,0
BRDA:147,7,0,0
BRDA:147,7,1,0
BRDA:165,8,0,0
BRDA:165,8,1,0
BRDA:176,9,0,0
BRDA:176,9,1,0
BRDA:178,10,0,0
BRDA:178,10,1,0
BRDA:193,11,0,0
BRDA:193,11,1,0
BRDA:196,12,0,0
BRDA:196,12,1,0
BRDA:208,13,0,0
BRDA:208,13,1,0
BRDA:223,14,0,0
BRDA:223,14,1,0
BRDA:224,15,0,0
BRDA:224,15,1,0
BRDA:224,16,0,0
BRDA:224,16,1,0
BRDA:225,17,0,0
BRDA:225,17,1,0
BRDA:240,18,0,0
BRDA:240,18,1,0
BRF:40
BRH:0
end_of_record
TN:
SF:src/services/authServices.ts
FN:6,(anonymous_0)
FNF:1
FNH:0
FNDA:0,(anonymous_0)
DA:4,0
DA:6,0
DA:7,0
DA:12,0
DA:13,0
LF:5
LH:0
BRDA:12,0,0,0
BRDA:12,0,1,0
BRF:2
BRH:0
end_of_record
TN:
SF:src/styles/commonStyles.ts
FNF:0
FNH:0
DA:3,1
LF:1
LH:1
BRF:0
BRH:0
end_of_record
TN:
SF:src/types/nativewind.d.ts
FNF:0
FNH:0
LF:0
LH:0
BRF:0
BRH:0
end_of_record
TN:
SF:src/types/react-native-country-picket.d.ts
FNF:0
FNH:0
LF:0
LH:0
BRF:0
BRH:0
end_of_record
TN:
SF:src/utils/stripe.ts
FN:4,(anonymous_0)
FN:17,(anonymous_1)
FNF:2
FNH:0
FNDA:0,(anonymous_0)
FNDA:0,(anonymous_1)
DA:4,0
DA:5,0
DA:6,0
DA:11,0
DA:13,0
DA:17,0
DA:18,0
DA:19,0
DA:27,0
DA:28,0
DA:31,0
DA:32,0
DA:34,0
DA:35,0
LF:14
LH:0
BRDA:27,0,0,0
BRDA:27,0,1,0
BRF:2
BRH:0
end_of_record
TN:
SF:src/utils/validation.ts
FN:3,(anonymous_0)
FNF:1
FNH:0
FNDA:0,(anonymous_0)
DA:3,0
DA:4,0
DA:5,0
LF:3
LH:0
BRF:0
BRH:0
end_of_record
TN:
SF:supabase/functions/create-payment-intent/index.ts
FN:9,(anonymous_0)
FNF:1
FNH:0
FNDA:0,(anonymous_0)
DA:4,0
DA:9,0
DA:10,0
DA:12,0
DA:13,0
DA:18,0
DA:23,0
LF:7
LH:0
BRF:0
BRH:0
end_of_record
